#! /c/Source/iverilog-install/bin/vvp
:ivl_version "12.0 (devel)" "(s20150603-1539-g2693dd32b)";
:ivl_delay_selection "TYPICAL";
:vpi_time_precision + 0;
:vpi_module "D:\iverilog\lib\ivl\system.vpi";
:vpi_module "D:\iverilog\lib\ivl\vhdl_sys.vpi";
:vpi_module "D:\iverilog\lib\ivl\vhdl_textio.vpi";
:vpi_module "D:\iverilog\lib\ivl\v2005_math.vpi";
:vpi_module "D:\iverilog\lib\ivl\va_math.vpi";
S_0000020aeebbc260 .scope module, "spi_drive" "spi_drive" 2 1;
 .timescale 0 0;
    .port_info 0 /INPUT 1 "sys_clk";
    .port_info 1 /INPUT 1 "rst_n";
    .port_info 2 /INPUT 1 "spi_start";
    .port_info 3 /INPUT 1 "spi_end";
    .port_info 4 /INPUT 8 "data_send";
    .port_info 5 /OUTPUT 8 "data_rec";
    .port_info 6 /OUTPUT 1 "send_done";
    .port_info 7 /OUTPUT 1 "rec_done";
    .port_info 8 /INPUT 1 "spi_miso";
    .port_info 9 /OUTPUT 1 "spi_csk";
    .port_info 10 /OUTPUT 1 "spi_cs";
    .port_info 11 /OUTPUT 1 "spi_mosi";
P_0000020aeec11f10 .param/l "CLK_DIV_FAC" 0 2 19, +C4<00000000000000000000000000110010>;
P_0000020aeec11f48 .param/l "SCK_CNT_MAX" 0 2 20, +C4<00000000000011110100001001000000>;
P_0000020aeec11f80 .param/l "SYS_CLK_FREQ" 0 2 18, +C4<00000010111110101111000010000000>;
v0000020aeebbbdb0_0 .var "data_rec", 7 0;
o0000020aeec12008 .functor BUFZ 8, C4<zzzzzzzz>; HiZ drive
v0000020aeebd3380_0 .net "data_send", 7 0, o0000020aeec12008;  0 drivers
v0000020aeebd2df0_0 .var "data_send_r", 7 0;
v0000020aeebd2e90_0 .var "rec_done", 0 0;
o0000020aeec12098 .functor BUFZ 1, C4<z>; HiZ drive
v0000020aeebd2f30_0 .net "rst_n", 0 0, o0000020aeec12098;  0 drivers
v0000020aeebd2fd0_0 .var "sck_cnt", 15 0;
v0000020aeebd3070_0 .var "send_cnt", 7 0;
v0000020aeebd3110_0 .var "send_done", 0 0;
v0000020aeec58c50_0 .var "spi_busy", 0 0;
v0000020aeec58cf0_0 .var "spi_cs", 0 0;
v0000020aeec58d90_0 .var "spi_csk", 0 0;
o0000020aeec121e8 .functor BUFZ 1, C4<z>; HiZ drive
v0000020aeec58e30_0 .net "spi_end", 0 0, o0000020aeec121e8;  0 drivers
o0000020aeec12218 .functor BUFZ 1, C4<z>; HiZ drive
v0000020aeec58ed0_0 .net "spi_miso", 0 0, o0000020aeec12218;  0 drivers
v0000020aeec58f70_0 .var "spi_mosi", 0 0;
o0000020aeec12278 .functor BUFZ 1, C4<z>; HiZ drive
v0000020aeec59010_0 .net "spi_start", 0 0, o0000020aeec12278;  0 drivers
o0000020aeec122a8 .functor BUFZ 1, C4<z>; HiZ drive
v0000020aeec590b0_0 .net "sys_clk", 0 0, o0000020aeec122a8;  0 drivers
E_0000020aeec11480 .event posedge, v0000020aeec590b0_0;
    .scope S_0000020aeebbc260;
T_0 ;
    %wait E_0000020aeec11480;
    %load/vec4 v0000020aeebd2f30_0;
    %nor/r;
    %flag_set/vec4 8;
    %jmp/0xz  T_0.0, 8;
    %pushi/vec4 1, 0, 1;
    %assign/vec4 v0000020aeec58cf0_0, 0;
    %jmp T_0.1;
T_0.0 ;
    %load/vec4 v0000020aeec59010_0;
    %flag_set/vec4 8;
    %jmp/0xz  T_0.2, 8;
    %pushi/vec4 0, 0, 1;
    %assign/vec4 v0000020aeec58cf0_0, 0;
    %jmp T_0.3;
T_0.2 ;
    %load/vec4 v0000020aeec58e30_0;
    %flag_set/vec4 8;
    %jmp/0xz  T_0.4, 8;
    %pushi/vec4 1, 0, 1;
    %assign/vec4 v0000020aeec58cf0_0, 0;
    %jmp T_0.5;
T_0.4 ;
    %load/vec4 v0000020aeec58cf0_0;
    %assign/vec4 v0000020aeec58cf0_0, 0;
T_0.5 ;
T_0.3 ;
T_0.1 ;
    %jmp T_0;
    .thread T_0;
    .scope S_0000020aeebbc260;
T_1 ;
    %wait E_0000020aeec11480;
    %load/vec4 v0000020aeebd2f30_0;
    %nor/r;
    %flag_set/vec4 8;
    %jmp/0xz  T_1.0, 8;
    %pushi/vec4 0, 0, 8;
    %assign/vec4 v0000020aeebd2df0_0, 0;
    %jmp T_1.1;
T_1.0 ;
    %load/vec4 v0000020aeec59010_0;
    %flag_set/vec4 8;
    %jmp/0xz  T_1.2, 8;
    %load/vec4 v0000020aeebd3380_0;
    %assign/vec4 v0000020aeebd2df0_0, 0;
    %jmp T_1.3;
T_1.2 ;
    %load/vec4 v0000020aeebd2df0_0;
    %assign/vec4 v0000020aeebd2df0_0, 0;
T_1.3 ;
T_1.1 ;
    %jmp T_1;
    .thread T_1;
    .scope S_0000020aeebbc260;
T_2 ;
    %wait E_0000020aeec11480;
    %load/vec4 v0000020aeebd2f30_0;
    %nor/r;
    %flag_set/vec4 8;
    %jmp/0xz  T_2.0, 8;
    %pushi/vec4 0, 0, 1;
    %assign/vec4 v0000020aeec58d90_0, 0;
    %jmp T_2.1;
T_2.0 ;
    %load/vec4 v0000020aeebd2fd0_0;
    %pushi/vec4 24, 0, 16;
    %cmp/e;
    %flag_get/vec4 4;
    %load/vec4 v0000020aeebd2fd0_0;
    %pushi/vec4 49, 0, 16;
    %cmp/e;
    %flag_get/vec4 4;
    %or;
    %flag_set/vec4 8;
    %jmp/0xz  T_2.2, 8;
    %load/vec4 v0000020aeec58d90_0;
    %inv;
    %assign/vec4 v0000020aeec58d90_0, 0;
    %jmp T_2.3;
T_2.2 ;
    %load/vec4 v0000020aeec58d90_0;
    %assign/vec4 v0000020aeec58d90_0, 0;
T_2.3 ;
T_2.1 ;
    %jmp T_2;
    .thread T_2;
    .scope S_0000020aeebbc260;
T_3 ;
    %wait E_0000020aeec11480;
    %load/vec4 v0000020aeebd2f30_0;
    %nor/r;
    %flag_set/vec4 8;
    %jmp/0xz  T_3.0, 8;
    %pushi/vec4 0, 0, 1;
    %assign/vec4 v0000020aeec58c50_0, 0;
    %jmp T_3.1;
T_3.0 ;
    %load/vec4 v0000020aeec59010_0;
    %flag_set/vec4 8;
    %jmp/0xz  T_3.2, 8;
    %pushi/vec4 1, 0, 1;
    %assign/vec4 v0000020aeec58c50_0, 0;
    %jmp T_3.3;
T_3.2 ;
    %load/vec4 v0000020aeec58e30_0;
    %flag_set/vec4 8;
    %jmp/0xz  T_3.4, 8;
    %pushi/vec4 0, 0, 1;
    %assign/vec4 v0000020aeec58c50_0, 0;
    %jmp T_3.5;
T_3.4 ;
    %load/vec4 v0000020aeec58c50_0;
    %assign/vec4 v0000020aeec58c50_0, 0;
T_3.5 ;
T_3.3 ;
T_3.1 ;
    %jmp T_3;
    .thread T_3;
    .scope S_0000020aeebbc260;
T_4 ;
    %wait E_0000020aeec11480;
    %load/vec4 v0000020aeebd2f30_0;
    %nor/r;
    %flag_set/vec4 8;
    %jmp/0xz  T_4.0, 8;
    %pushi/vec4 0, 0, 16;
    %assign/vec4 v0000020aeebd2fd0_0, 0;
    %pushi/vec4 0, 0, 8;
    %assign/vec4 v0000020aeebd3070_0, 0;
    %jmp T_4.1;
T_4.0 ;
    %load/vec4 v0000020aeec58c50_0;
    %flag_set/vec4 8;
    %jmp/0xz  T_4.2, 8;
    %load/vec4 v0000020aeebd2fd0_0;
    %cmpi/e 49, 0, 16;
    %jmp/0xz  T_4.4, 4;
    %pushi/vec4 0, 0, 16;
    %assign/vec4 v0000020aeebd2fd0_0, 0;
    %load/vec4 v0000020aeebd3070_0;
    %addi 1, 0, 8;
    %assign/vec4 v0000020aeebd3070_0, 0;
    %jmp T_4.5;
T_4.4 ;
    %load/vec4 v0000020aeebd2fd0_0;
    %addi 1, 0, 16;
    %assign/vec4 v0000020aeebd2fd0_0, 0;
T_4.5 ;
    %load/vec4 v0000020aeebd3070_0;
    %assign/vec4 v0000020aeebd3070_0, 0;
    %jmp T_4.3;
T_4.2 ;
    %pushi/vec4 0, 0, 16;
    %assign/vec4 v0000020aeebd2fd0_0, 0;
    %pushi/vec4 0, 0, 8;
    %assign/vec4 v0000020aeebd3070_0, 0;
T_4.3 ;
T_4.1 ;
    %jmp T_4;
    .thread T_4;
    .scope S_0000020aeebbc260;
T_5 ;
    %wait E_0000020aeec11480;
    %load/vec4 v0000020aeebd2f30_0;
    %nor/r;
    %flag_set/vec4 8;
    %jmp/0xz  T_5.0, 8;
    %pushi/vec4 0, 0, 1;
    %assign/vec4 v0000020aeec58f70_0, 0;
    %jmp T_5.1;
T_5.0 ;
    %load/vec4 v0000020aeec58c50_0;
    %flag_set/vec4 8;
    %jmp/0xz  T_5.2, 8;
    %load/vec4 v0000020aeebd2fd0_0;
    %cmpi/e 0, 0, 16;
    %jmp/0xz  T_5.4, 4;
    %load/vec4 v0000020aeebd2df0_0;
    %pushi/vec4 7, 0, 8;
    %load/vec4 v0000020aeebd3070_0;
    %sub;
    %part/u 1;
    %assign/vec4 v0000020aeec58f70_0, 0;
T_5.4 ;
T_5.2 ;
T_5.1 ;
    %jmp T_5;
    .thread T_5;
# The file index is used to find the file name in the following table.
:file_names 3;
    "N/A";
    "<interactive>";
    "spi_drive.v";
