INFO: [VRFC 10-2263] Analyzing Verilog file "D:/FPGA_Learning_Journey/Pro/HDMI____/project/project.srcs/sources_1/ip/clk_wiz_0/clk_wiz_0_clk_wiz.v" into library xil_defaultlib
INFO: [VRFC 10-311] analyzing module clk_wiz_0_clk_wiz
INFO: [VRFC 10-2263] Analyzing Verilog file "D:/FPGA_Learning_Journey/Pro/HDMI____/project/project.srcs/sources_1/ip/clk_wiz_0/clk_wiz_0.v" into library xil_defaultlib
INFO: [VRFC 10-311] analyzing module clk_wiz_0
INFO: [VRFC 10-2263] Analyzing Verilog file "D:/FPGA_Learning_Journey/Pro/HDMI____/src/clk_gen.v" into library xil_defaultlib
INFO: [VRFC 10-311] analyzing module clk_gen
INFO: [VRFC 10-2263] Analyzing Verilog file "D:/FPGA_Learning_Journey/Pro/HDMI____/src/encode.v" into library xil_defaultlib
INFO: [VRFC 10-311] analyzing module encode
INFO: [VRFC 10-2263] Analyzing Verilog file "D:/FPGA_Learning_Journey/Pro/HDMI____/src/hdmi_colorbar.v" into library xil_defaultlib
INFO: [VRFC 10-311] analyzing module hdmi_colorbar
INFO: [VRFC 10-2263] Analyzing Verilog file "D:/FPGA_Learning_Journey/Pro/HDMI____/src/hdmi_ctrl.v" into library xil_defaultlib
INFO: [VRFC 10-311] analyzing module hdmi_ctrl
INFO: [VRFC 10-2263] Analyzing Verilog file "D:/FPGA_Learning_Journey/Pro/HDMI____/src/par2ser.v" into library xil_defaultlib
INFO: [VRFC 10-311] analyzing module par2ser
INFO: [VRFC 10-2263] Analyzing Verilog file "D:/FPGA_Learning_Journey/Pro/HDMI____/src/vga_image_gen.v" into library xil_defaultlib
INFO: [VRFC 10-311] analyzing module vga_image_gen
INFO: [VRFC 10-2263] Analyzing Verilog file "D:/FPGA_Learning_Journey/Pro/HDMI____/src/vga_timing_ctrl.v" into library xil_defaultlib
INFO: [VRFC 10-311] analyzing module vga_timing_ctrl
INFO: [VRFC 10-2263] Analyzing Verilog file "D:/FPGA_Learning_Journey/Pro/HDMI____/src/hdmi_colorbar_tb.v" into library xil_defaultlib
INFO: [VRFC 10-311] analyzing module hdmi_colorbar_tb
