#-----------------------------------------------------------
# Vivado v2019.2 (64-bit)
# SW Build 2708876 on Wed Nov  6 21:40:23 MST 2019
# IP Build 2700528 on Thu Nov  7 00:09:20 MST 2019
# Start of session at: Tue May 13 17:29:04 2025
# Process ID: 13632
# Current directory: D:/CNN/OV5640_DDR3_HDMI_UDP_gray_v3___/project
# Command line: vivado.exe -gui_launcher_event rodinguilauncherevent5288 D:\CNN\OV5640_DDR3_HDMI_UDP_gray_v3___\project\project_1.xpr
# Log file: D:/CNN/OV5640_DDR3_HDMI_UDP_gray_v3___/project/vivado.log
# Journal file: D:/CNN/OV5640_DDR3_HDMI_UDP_gray_v3___/project\vivado.jou
#-----------------------------------------------------------
start_gui
open_project D:/CNN/OV5640_DDR3_HDMI_UDP_gray_v3___/project/project_1.xpr
Scanning sources...
Finished scanning sources
INFO: [IP_Flow 19-234] Refreshing IP repositories
INFO: [IP_Flow 19-1704] No user IP repositories specified
INFO: [IP_Flow 19-2313] Loaded Vivado IP repository 'D:/Xilinx/Vivado/2019.2/data/ip'.
open_project: Time (s): cpu = 00:00:14 ; elapsed = 00:00:16 . Memory (MB): peak = 1065.461 ; gain = 370.199
update_compile_order -fileset sources_1
reset_run synth_1
launch_runs synth_1 -jobs 12
INFO: [Vivado 12-4149] The synthesis checkpoint for IP 'D:/CNN/OV5640_DDR3_HDMI_UDP_gray_v3___/project/project_1.srcs/sources_1/ip/eth_dcfifo/eth_dcfifo.xci' is already up-to-date
INFO: [Vivado 12-4149] The synthesis checkpoint for IP 'D:/CNN/OV5640_DDR3_HDMI_UDP_gray_v3___/project/project_1.srcs/sources_1/ip/rd_fifo/rd_fifo.xci' is already up-to-date
INFO: [Vivado 12-4149] The synthesis checkpoint for IP 'D:/CNN/OV5640_DDR3_HDMI_UDP_gray_v3___/project/project_1.srcs/sources_1/ip/wr_fifo/wr_fifo.xci' is already up-to-date
WARNING: [HDL 9-3756] overwriting previous definition of module 'neural_weights1_bram' [D:/CNN/OV5640_DDR3_HDMI_UDP_gray_v3___/src/reasoning/neural_weights_bram.v:1]
WARNING: [filemgmt 20-1318] Duplicate Design Unit 'neural_weights1_bram()' found in library 'xil_defaultlib'
Duplicate found at line 1 of file D:/CNN/OV5640_DDR3_HDMI_UDP_gray_v3___/src/reasoning/neural_weights1_bram.v
	(Active) Duplicate found at line 1 of file D:/CNN/OV5640_DDR3_HDMI_UDP_gray_v3___/src/reasoning/neural_weights_bram.v
[Tue May 13 17:29:49 2025] Launched synth_1...
Run output will be captured here: D:/CNN/OV5640_DDR3_HDMI_UDP_gray_v3___/project/project_1.runs/synth_1/runme.log
add_files -norecurse {D:/CNN/OV5640_DDR3_HDMI_UDP_gray_v3___/src/front_show.v D:/CNN/OV5640_DDR3_HDMI_UDP_gray_v3___/src/digit_rom_16x32.v}
update_compile_order -fileset sources_1
reset_run synth_1
launch_runs synth_1 -jobs 12
INFO: [Vivado 12-4149] The synthesis checkpoint for IP 'D:/CNN/OV5640_DDR3_HDMI_UDP_gray_v3___/project/project_1.srcs/sources_1/ip/eth_dcfifo/eth_dcfifo.xci' is already up-to-date
INFO: [Vivado 12-4149] The synthesis checkpoint for IP 'D:/CNN/OV5640_DDR3_HDMI_UDP_gray_v3___/project/project_1.srcs/sources_1/ip/rd_fifo/rd_fifo.xci' is already up-to-date
INFO: [Vivado 12-4149] The synthesis checkpoint for IP 'D:/CNN/OV5640_DDR3_HDMI_UDP_gray_v3___/project/project_1.srcs/sources_1/ip/wr_fifo/wr_fifo.xci' is already up-to-date
WARNING: [HDL 9-3756] overwriting previous definition of module 'neural_weights1_bram' [D:/CNN/OV5640_DDR3_HDMI_UDP_gray_v3___/src/reasoning/neural_weights_bram.v:1]
WARNING: [filemgmt 20-1318] Duplicate Design Unit 'neural_weights1_bram()' found in library 'xil_defaultlib'
Duplicate found at line 1 of file D:/CNN/OV5640_DDR3_HDMI_UDP_gray_v3___/src/reasoning/neural_weights1_bram.v
	(Active) Duplicate found at line 1 of file D:/CNN/OV5640_DDR3_HDMI_UDP_gray_v3___/src/reasoning/neural_weights_bram.v
[Tue May 13 17:33:24 2025] Launched synth_1...
Run output will be captured here: D:/CNN/OV5640_DDR3_HDMI_UDP_gray_v3___/project/project_1.runs/synth_1/runme.log
launch_runs impl_1 -to_step write_bitstream -jobs 12
INFO: [Vivado 12-4149] The synthesis checkpoint for IP 'D:/CNN/OV5640_DDR3_HDMI_UDP_gray_v3___/project/project_1.srcs/sources_1/ip/eth_dcfifo/eth_dcfifo.xci' is already up-to-date
INFO: [Vivado 12-4149] The synthesis checkpoint for IP 'D:/CNN/OV5640_DDR3_HDMI_UDP_gray_v3___/project/project_1.srcs/sources_1/ip/rd_fifo/rd_fifo.xci' is already up-to-date
INFO: [Vivado 12-4149] The synthesis checkpoint for IP 'D:/CNN/OV5640_DDR3_HDMI_UDP_gray_v3___/project/project_1.srcs/sources_1/ip/wr_fifo/wr_fifo.xci' is already up-to-date
[Tue May 13 17:35:11 2025] Launched impl_1...
Run output will be captured here: D:/CNN/OV5640_DDR3_HDMI_UDP_gray_v3___/project/project_1.runs/impl_1/runme.log
open_hw_manager
connect_hw_server -allow_non_jtag
INFO: [Labtools 27-2285] Connecting to hw_server url TCP:localhost:3121
INFO: [Labtools 27-2222] Launching hw_server...
INFO: [Labtools 27-2221] Launch Output:

****** Xilinx hw_server v2019.2
  **** Build date : Nov  6 2019 at 22:12:23
    ** Copyright 1986-2019 Xilinx, Inc. All Rights Reserved.


INFO: [Labtools 27-3415] Connecting to cs_server url TCP:localhost:3042
INFO: [Labtools 27-3417] Launching cs_server...
INFO: [Labtools 27-2221] Launch Output:


****** Xilinx cs_server v2019.2.0
  **** Build date : Nov 07 2019-13:28:22
    ** Copyright 2017-2019 Xilinx, Inc. All Rights Reserved.



connect_hw_server: Time (s): cpu = 00:00:00 ; elapsed = 00:00:07 . Memory (MB): peak = 1741.777 ; gain = 0.000
open_hw_target
INFO: [Labtoolstcl 44-466] Opening hw_target localhost:3121/xilinx_tcf/Digilent/210299847714
set_property PROGRAM.FILE {D:/CNN/OV5640_DDR3_HDMI_UDP_gray_v3___/project/project_1.runs/impl_1/top.bit} [get_hw_devices xc7a35t_0]
current_hw_device [get_hw_devices xc7a35t_0]
refresh_hw_device -update_hw_probes false [lindex [get_hw_devices xc7a35t_0] 0]
INFO: [Labtools 27-1434] Device xc7a35t (JTAG device index = 0) is programmed with a design that has no supported debug core(s) in it.
set_property PROBES.FILE {} [get_hw_devices xc7a35t_0]
set_property FULL_PROBES.FILE {} [get_hw_devices xc7a35t_0]
set_property PROGRAM.FILE {D:/CNN/OV5640_DDR3_HDMI_UDP_gray_v3___/project/project_1.runs/impl_1/top.bit} [get_hw_devices xc7a35t_0]
program_hw_devices [get_hw_devices xc7a35t_0]
INFO: [Labtools 27-3164] End of startup status: HIGH
refresh_hw_device [lindex [get_hw_devices xc7a35t_0] 0]
INFO: [Labtools 27-1434] Device xc7a35t (JTAG device index = 0) is programmed with a design that has no supported debug core(s) in it.
reset_run synth_1
launch_runs impl_1 -to_step write_bitstream -jobs 12
INFO: [Vivado 12-4149] The synthesis checkpoint for IP 'D:/CNN/OV5640_DDR3_HDMI_UDP_gray_v3___/project/project_1.srcs/sources_1/ip/eth_dcfifo/eth_dcfifo.xci' is already up-to-date
INFO: [Vivado 12-4149] The synthesis checkpoint for IP 'D:/CNN/OV5640_DDR3_HDMI_UDP_gray_v3___/project/project_1.srcs/sources_1/ip/rd_fifo/rd_fifo.xci' is already up-to-date
INFO: [Vivado 12-4149] The synthesis checkpoint for IP 'D:/CNN/OV5640_DDR3_HDMI_UDP_gray_v3___/project/project_1.srcs/sources_1/ip/wr_fifo/wr_fifo.xci' is already up-to-date
[Tue May 13 17:39:09 2025] Launched synth_1...
Run output will be captured here: D:/CNN/OV5640_DDR3_HDMI_UDP_gray_v3___/project/project_1.runs/synth_1/runme.log
[Tue May 13 17:39:09 2025] Launched impl_1...
Run output will be captured here: D:/CNN/OV5640_DDR3_HDMI_UDP_gray_v3___/project/project_1.runs/impl_1/runme.log
set_property PROBES.FILE {} [get_hw_devices xc7a35t_0]
set_property FULL_PROBES.FILE {} [get_hw_devices xc7a35t_0]
set_property PROGRAM.FILE {D:/CNN/OV5640_DDR3_HDMI_UDP_gray_v3___/project/project_1.runs/impl_1/top.bit} [get_hw_devices xc7a35t_0]
program_hw_devices [get_hw_devices xc7a35t_0]
INFO: [Labtools 27-3164] End of startup status: HIGH
refresh_hw_device [lindex [get_hw_devices xc7a35t_0] 0]
INFO: [Labtools 27-1434] Device xc7a35t (JTAG device index = 0) is programmed with a design that has no supported debug core(s) in it.
reset_run synth_1
launch_runs impl_1 -to_step write_bitstream -jobs 12
INFO: [Vivado 12-4149] The synthesis checkpoint for IP 'D:/CNN/OV5640_DDR3_HDMI_UDP_gray_v3___/project/project_1.srcs/sources_1/ip/eth_dcfifo/eth_dcfifo.xci' is already up-to-date
INFO: [Vivado 12-4149] The synthesis checkpoint for IP 'D:/CNN/OV5640_DDR3_HDMI_UDP_gray_v3___/project/project_1.srcs/sources_1/ip/rd_fifo/rd_fifo.xci' is already up-to-date
INFO: [Vivado 12-4149] The synthesis checkpoint for IP 'D:/CNN/OV5640_DDR3_HDMI_UDP_gray_v3___/project/project_1.srcs/sources_1/ip/wr_fifo/wr_fifo.xci' is already up-to-date
[Tue May 13 17:44:49 2025] Launched synth_1...
Run output will be captured here: D:/CNN/OV5640_DDR3_HDMI_UDP_gray_v3___/project/project_1.runs/synth_1/runme.log
[Tue May 13 17:44:49 2025] Launched impl_1...
Run output will be captured here: D:/CNN/OV5640_DDR3_HDMI_UDP_gray_v3___/project/project_1.runs/impl_1/runme.log
set_property PROBES.FILE {} [get_hw_devices xc7a35t_0]
set_property FULL_PROBES.FILE {} [get_hw_devices xc7a35t_0]
set_property PROGRAM.FILE {D:/CNN/OV5640_DDR3_HDMI_UDP_gray_v3___/project/project_1.runs/impl_1/top.bit} [get_hw_devices xc7a35t_0]
program_hw_devices [get_hw_devices xc7a35t_0]
INFO: [Labtools 27-3164] End of startup status: HIGH
refresh_hw_device [lindex [get_hw_devices xc7a35t_0] 0]
INFO: [Labtools 27-1434] Device xc7a35t (JTAG device index = 0) is programmed with a design that has no supported debug core(s) in it.
reset_run synth_1
launch_runs impl_1 -to_step write_bitstream -jobs 12
INFO: [Vivado 12-4149] The synthesis checkpoint for IP 'D:/CNN/OV5640_DDR3_HDMI_UDP_gray_v3___/project/project_1.srcs/sources_1/ip/eth_dcfifo/eth_dcfifo.xci' is already up-to-date
INFO: [Vivado 12-4149] The synthesis checkpoint for IP 'D:/CNN/OV5640_DDR3_HDMI_UDP_gray_v3___/project/project_1.srcs/sources_1/ip/rd_fifo/rd_fifo.xci' is already up-to-date
INFO: [Vivado 12-4149] The synthesis checkpoint for IP 'D:/CNN/OV5640_DDR3_HDMI_UDP_gray_v3___/project/project_1.srcs/sources_1/ip/wr_fifo/wr_fifo.xci' is already up-to-date
[Tue May 13 17:54:04 2025] Launched synth_1...
Run output will be captured here: D:/CNN/OV5640_DDR3_HDMI_UDP_gray_v3___/project/project_1.runs/synth_1/runme.log
[Tue May 13 17:54:04 2025] Launched impl_1...
Run output will be captured here: D:/CNN/OV5640_DDR3_HDMI_UDP_gray_v3___/project/project_1.runs/impl_1/runme.log
reset_run impl_1
reset_run synth_1
launch_runs impl_1 -to_step write_bitstream -jobs 12
INFO: [Vivado 12-4149] The synthesis checkpoint for IP 'D:/CNN/OV5640_DDR3_HDMI_UDP_gray_v3___/project/project_1.srcs/sources_1/ip/eth_dcfifo/eth_dcfifo.xci' is already up-to-date
INFO: [Vivado 12-4149] The synthesis checkpoint for IP 'D:/CNN/OV5640_DDR3_HDMI_UDP_gray_v3___/project/project_1.srcs/sources_1/ip/rd_fifo/rd_fifo.xci' is already up-to-date
INFO: [Vivado 12-4149] The synthesis checkpoint for IP 'D:/CNN/OV5640_DDR3_HDMI_UDP_gray_v3___/project/project_1.srcs/sources_1/ip/wr_fifo/wr_fifo.xci' is already up-to-date
[Tue May 13 17:56:02 2025] Launched synth_1...
Run output will be captured here: D:/CNN/OV5640_DDR3_HDMI_UDP_gray_v3___/project/project_1.runs/synth_1/runme.log
[Tue May 13 17:56:02 2025] Launched impl_1...
Run output will be captured here: D:/CNN/OV5640_DDR3_HDMI_UDP_gray_v3___/project/project_1.runs/impl_1/runme.log
set_property PROBES.FILE {} [get_hw_devices xc7a35t_0]
set_property FULL_PROBES.FILE {} [get_hw_devices xc7a35t_0]
set_property PROGRAM.FILE {D:/CNN/OV5640_DDR3_HDMI_UDP_gray_v3___/project/project_1.runs/impl_1/top.bit} [get_hw_devices xc7a35t_0]
program_hw_devices [get_hw_devices xc7a35t_0]
INFO: [Labtools 27-3164] End of startup status: HIGH
refresh_hw_device [lindex [get_hw_devices xc7a35t_0] 0]
INFO: [Labtools 27-1434] Device xc7a35t (JTAG device index = 0) is programmed with a design that has no supported debug core(s) in it.
reset_run synth_1
launch_runs impl_1 -to_step write_bitstream -jobs 12
INFO: [Vivado 12-4149] The synthesis checkpoint for IP 'D:/CNN/OV5640_DDR3_HDMI_UDP_gray_v3___/project/project_1.srcs/sources_1/ip/eth_dcfifo/eth_dcfifo.xci' is already up-to-date
INFO: [Vivado 12-4149] The synthesis checkpoint for IP 'D:/CNN/OV5640_DDR3_HDMI_UDP_gray_v3___/project/project_1.srcs/sources_1/ip/rd_fifo/rd_fifo.xci' is already up-to-date
INFO: [Vivado 12-4149] The synthesis checkpoint for IP 'D:/CNN/OV5640_DDR3_HDMI_UDP_gray_v3___/project/project_1.srcs/sources_1/ip/wr_fifo/wr_fifo.xci' is already up-to-date
[Tue May 13 18:01:23 2025] Launched synth_1...
Run output will be captured here: D:/CNN/OV5640_DDR3_HDMI_UDP_gray_v3___/project/project_1.runs/synth_1/runme.log
[Tue May 13 18:01:23 2025] Launched impl_1...
Run output will be captured here: D:/CNN/OV5640_DDR3_HDMI_UDP_gray_v3___/project/project_1.runs/impl_1/runme.log
set_property PROBES.FILE {} [get_hw_devices xc7a35t_0]
set_property FULL_PROBES.FILE {} [get_hw_devices xc7a35t_0]
set_property PROGRAM.FILE {D:/CNN/OV5640_DDR3_HDMI_UDP_gray_v3___/project/project_1.runs/impl_1/top.bit} [get_hw_devices xc7a35t_0]
program_hw_devices [get_hw_devices xc7a35t_0]
INFO: [Labtools 27-3164] End of startup status: HIGH
refresh_hw_device [lindex [get_hw_devices xc7a35t_0] 0]
INFO: [Labtools 27-1434] Device xc7a35t (JTAG device index = 0) is programmed with a design that has no supported debug core(s) in it.
update_compile_order -fileset sources_1
reset_run synth_1
launch_runs impl_1 -to_step write_bitstream -jobs 12
INFO: [Vivado 12-4149] The synthesis checkpoint for IP 'D:/CNN/OV5640_DDR3_HDMI_UDP_gray_v3___/project/project_1.srcs/sources_1/ip/eth_dcfifo/eth_dcfifo.xci' is already up-to-date
INFO: [Vivado 12-4149] The synthesis checkpoint for IP 'D:/CNN/OV5640_DDR3_HDMI_UDP_gray_v3___/project/project_1.srcs/sources_1/ip/rd_fifo/rd_fifo.xci' is already up-to-date
INFO: [Vivado 12-4149] The synthesis checkpoint for IP 'D:/CNN/OV5640_DDR3_HDMI_UDP_gray_v3___/project/project_1.srcs/sources_1/ip/wr_fifo/wr_fifo.xci' is already up-to-date
[Tue May 13 18:19:00 2025] Launched synth_1...
Run output will be captured here: D:/CNN/OV5640_DDR3_HDMI_UDP_gray_v3___/project/project_1.runs/synth_1/runme.log
[Tue May 13 18:19:00 2025] Launched impl_1...
Run output will be captured here: D:/CNN/OV5640_DDR3_HDMI_UDP_gray_v3___/project/project_1.runs/impl_1/runme.log
add_files -norecurse D:/CNN/OV5640_DDR3_HDMI_UDP_gray_v3___/src/digit_rom_64x32.v
update_compile_order -fileset sources_1
export_ip_user_files -of_objects  [get_files D:/CNN/OV5640_DDR3_HDMI_UDP_gray_v3___/src/digit_rom_16x32.v] -no_script -reset -force -quiet
remove_files  D:/CNN/OV5640_DDR3_HDMI_UDP_gray_v3___/src/digit_rom_16x32.v
reset_run synth_1
launch_runs impl_1 -to_step write_bitstream -jobs 12
INFO: [Vivado 12-4149] The synthesis checkpoint for IP 'D:/CNN/OV5640_DDR3_HDMI_UDP_gray_v3___/project/project_1.srcs/sources_1/ip/eth_dcfifo/eth_dcfifo.xci' is already up-to-date
INFO: [Vivado 12-4149] The synthesis checkpoint for IP 'D:/CNN/OV5640_DDR3_HDMI_UDP_gray_v3___/project/project_1.srcs/sources_1/ip/rd_fifo/rd_fifo.xci' is already up-to-date
INFO: [Vivado 12-4149] The synthesis checkpoint for IP 'D:/CNN/OV5640_DDR3_HDMI_UDP_gray_v3___/project/project_1.srcs/sources_1/ip/wr_fifo/wr_fifo.xci' is already up-to-date
[Tue May 13 18:23:41 2025] Launched synth_1...
Run output will be captured here: D:/CNN/OV5640_DDR3_HDMI_UDP_gray_v3___/project/project_1.runs/synth_1/runme.log
[Tue May 13 18:23:41 2025] Launched impl_1...
Run output will be captured here: D:/CNN/OV5640_DDR3_HDMI_UDP_gray_v3___/project/project_1.runs/impl_1/runme.log
set_property PROBES.FILE {} [get_hw_devices xc7a35t_0]
set_property FULL_PROBES.FILE {} [get_hw_devices xc7a35t_0]
set_property PROGRAM.FILE {D:/CNN/OV5640_DDR3_HDMI_UDP_gray_v3___/project/project_1.runs/impl_1/top.bit} [get_hw_devices xc7a35t_0]
program_hw_devices [get_hw_devices xc7a35t_0]
INFO: [Labtools 27-3164] End of startup status: HIGH
refresh_hw_device [lindex [get_hw_devices xc7a35t_0] 0]
INFO: [Labtools 27-1434] Device xc7a35t (JTAG device index = 0) is programmed with a design that has no supported debug core(s) in it.
reset_run synth_1
launch_runs impl_1 -to_step write_bitstream -jobs 12
INFO: [Vivado 12-4149] The synthesis checkpoint for IP 'D:/CNN/OV5640_DDR3_HDMI_UDP_gray_v3___/project/project_1.srcs/sources_1/ip/eth_dcfifo/eth_dcfifo.xci' is already up-to-date
INFO: [Vivado 12-4149] The synthesis checkpoint for IP 'D:/CNN/OV5640_DDR3_HDMI_UDP_gray_v3___/project/project_1.srcs/sources_1/ip/rd_fifo/rd_fifo.xci' is already up-to-date
INFO: [Vivado 12-4149] The synthesis checkpoint for IP 'D:/CNN/OV5640_DDR3_HDMI_UDP_gray_v3___/project/project_1.srcs/sources_1/ip/wr_fifo/wr_fifo.xci' is already up-to-date
[Tue May 13 18:31:46 2025] Launched synth_1...
Run output will be captured here: D:/CNN/OV5640_DDR3_HDMI_UDP_gray_v3___/project/project_1.runs/synth_1/runme.log
[Tue May 13 18:31:46 2025] Launched impl_1...
Run output will be captured here: D:/CNN/OV5640_DDR3_HDMI_UDP_gray_v3___/project/project_1.runs/impl_1/runme.log
set_property PROBES.FILE {} [get_hw_devices xc7a35t_0]
set_property FULL_PROBES.FILE {} [get_hw_devices xc7a35t_0]
set_property PROGRAM.FILE {D:/CNN/OV5640_DDR3_HDMI_UDP_gray_v3___/project/project_1.runs/impl_1/top.bit} [get_hw_devices xc7a35t_0]
program_hw_devices [get_hw_devices xc7a35t_0]
INFO: [Labtools 27-3164] End of startup status: HIGH
refresh_hw_device [lindex [get_hw_devices xc7a35t_0] 0]
INFO: [Labtools 27-1434] Device xc7a35t (JTAG device index = 0) is programmed with a design that has no supported debug core(s) in it.
reset_run synth_1
launch_runs impl_1 -to_step write_bitstream -jobs 12
INFO: [Vivado 12-4149] The synthesis checkpoint for IP 'D:/CNN/OV5640_DDR3_HDMI_UDP_gray_v3___/project/project_1.srcs/sources_1/ip/eth_dcfifo/eth_dcfifo.xci' is already up-to-date
INFO: [Vivado 12-4149] The synthesis checkpoint for IP 'D:/CNN/OV5640_DDR3_HDMI_UDP_gray_v3___/project/project_1.srcs/sources_1/ip/rd_fifo/rd_fifo.xci' is already up-to-date
INFO: [Vivado 12-4149] The synthesis checkpoint for IP 'D:/CNN/OV5640_DDR3_HDMI_UDP_gray_v3___/project/project_1.srcs/sources_1/ip/wr_fifo/wr_fifo.xci' is already up-to-date
[Tue May 13 18:40:31 2025] Launched synth_1...
Run output will be captured here: D:/CNN/OV5640_DDR3_HDMI_UDP_gray_v3___/project/project_1.runs/synth_1/runme.log
[Tue May 13 18:40:31 2025] Launched impl_1...
Run output will be captured here: D:/CNN/OV5640_DDR3_HDMI_UDP_gray_v3___/project/project_1.runs/impl_1/runme.log
set_property PROBES.FILE {} [get_hw_devices xc7a35t_0]
set_property FULL_PROBES.FILE {} [get_hw_devices xc7a35t_0]
set_property PROGRAM.FILE {D:/CNN/OV5640_DDR3_HDMI_UDP_gray_v3___/project/project_1.runs/impl_1/top.bit} [get_hw_devices xc7a35t_0]
program_hw_devices [get_hw_devices xc7a35t_0]
INFO: [Labtools 27-3164] End of startup status: HIGH
refresh_hw_device [lindex [get_hw_devices xc7a35t_0] 0]
INFO: [Labtools 27-1434] Device xc7a35t (JTAG device index = 0) is programmed with a design that has no supported debug core(s) in it.
reset_run synth_1
launch_runs impl_1 -to_step write_bitstream -jobs 12
INFO: [Vivado 12-4149] The synthesis checkpoint for IP 'D:/CNN/OV5640_DDR3_HDMI_UDP_gray_v3___/project/project_1.srcs/sources_1/ip/eth_dcfifo/eth_dcfifo.xci' is already up-to-date
INFO: [Vivado 12-4149] The synthesis checkpoint for IP 'D:/CNN/OV5640_DDR3_HDMI_UDP_gray_v3___/project/project_1.srcs/sources_1/ip/rd_fifo/rd_fifo.xci' is already up-to-date
INFO: [Vivado 12-4149] The synthesis checkpoint for IP 'D:/CNN/OV5640_DDR3_HDMI_UDP_gray_v3___/project/project_1.srcs/sources_1/ip/wr_fifo/wr_fifo.xci' is already up-to-date
[Tue May 13 18:52:57 2025] Launched synth_1...
Run output will be captured here: D:/CNN/OV5640_DDR3_HDMI_UDP_gray_v3___/project/project_1.runs/synth_1/runme.log
[Tue May 13 18:52:57 2025] Launched impl_1...
Run output will be captured here: D:/CNN/OV5640_DDR3_HDMI_UDP_gray_v3___/project/project_1.runs/impl_1/runme.log
set_property PROBES.FILE {} [get_hw_devices xc7a35t_0]
set_property FULL_PROBES.FILE {} [get_hw_devices xc7a35t_0]
set_property PROGRAM.FILE {D:/CNN/OV5640_DDR3_HDMI_UDP_gray_v3___/project/project_1.runs/impl_1/top.bit} [get_hw_devices xc7a35t_0]
program_hw_devices [get_hw_devices xc7a35t_0]
INFO: [Labtools 27-3164] End of startup status: HIGH
refresh_hw_device [lindex [get_hw_devices xc7a35t_0] 0]
INFO: [Labtools 27-1434] Device xc7a35t (JTAG device index = 0) is programmed with a design that has no supported debug core(s) in it.
reset_run synth_1
launch_runs impl_1 -to_step write_bitstream -jobs 12
INFO: [Vivado 12-4149] The synthesis checkpoint for IP 'D:/CNN/OV5640_DDR3_HDMI_UDP_gray_v3___/project/project_1.srcs/sources_1/ip/eth_dcfifo/eth_dcfifo.xci' is already up-to-date
INFO: [Vivado 12-4149] The synthesis checkpoint for IP 'D:/CNN/OV5640_DDR3_HDMI_UDP_gray_v3___/project/project_1.srcs/sources_1/ip/rd_fifo/rd_fifo.xci' is already up-to-date
INFO: [Vivado 12-4149] The synthesis checkpoint for IP 'D:/CNN/OV5640_DDR3_HDMI_UDP_gray_v3___/project/project_1.srcs/sources_1/ip/wr_fifo/wr_fifo.xci' is already up-to-date
[Tue May 13 19:05:38 2025] Launched synth_1...
Run output will be captured here: D:/CNN/OV5640_DDR3_HDMI_UDP_gray_v3___/project/project_1.runs/synth_1/runme.log
[Tue May 13 19:05:38 2025] Launched impl_1...
Run output will be captured here: D:/CNN/OV5640_DDR3_HDMI_UDP_gray_v3___/project/project_1.runs/impl_1/runme.log
reset_run impl_1
reset_run synth_1
launch_runs impl_1 -to_step write_bitstream -jobs 12
INFO: [Vivado 12-4149] The synthesis checkpoint for IP 'D:/CNN/OV5640_DDR3_HDMI_UDP_gray_v3___/project/project_1.srcs/sources_1/ip/eth_dcfifo/eth_dcfifo.xci' is already up-to-date
INFO: [Vivado 12-4149] The synthesis checkpoint for IP 'D:/CNN/OV5640_DDR3_HDMI_UDP_gray_v3___/project/project_1.srcs/sources_1/ip/rd_fifo/rd_fifo.xci' is already up-to-date
INFO: [Vivado 12-4149] The synthesis checkpoint for IP 'D:/CNN/OV5640_DDR3_HDMI_UDP_gray_v3___/project/project_1.srcs/sources_1/ip/wr_fifo/wr_fifo.xci' is already up-to-date
[Tue May 13 19:08:05 2025] Launched synth_1...
Run output will be captured here: D:/CNN/OV5640_DDR3_HDMI_UDP_gray_v3___/project/project_1.runs/synth_1/runme.log
[Tue May 13 19:08:05 2025] Launched impl_1...
Run output will be captured here: D:/CNN/OV5640_DDR3_HDMI_UDP_gray_v3___/project/project_1.runs/impl_1/runme.log
set_property PROBES.FILE {} [get_hw_devices xc7a35t_0]
set_property FULL_PROBES.FILE {} [get_hw_devices xc7a35t_0]
set_property PROGRAM.FILE {D:/CNN/OV5640_DDR3_HDMI_UDP_gray_v3___/project/project_1.runs/impl_1/top.bit} [get_hw_devices xc7a35t_0]
program_hw_devices [get_hw_devices xc7a35t_0]
INFO: [Labtools 27-3164] End of startup status: HIGH
refresh_hw_device [lindex [get_hw_devices xc7a35t_0] 0]
INFO: [Labtools 27-1434] Device xc7a35t (JTAG device index = 0) is programmed with a design that has no supported debug core(s) in it.
reset_run synth_1
launch_runs impl_1 -to_step write_bitstream -jobs 12
INFO: [Vivado 12-4149] The synthesis checkpoint for IP 'D:/CNN/OV5640_DDR3_HDMI_UDP_gray_v3___/project/project_1.srcs/sources_1/ip/eth_dcfifo/eth_dcfifo.xci' is already up-to-date
INFO: [Vivado 12-4149] The synthesis checkpoint for IP 'D:/CNN/OV5640_DDR3_HDMI_UDP_gray_v3___/project/project_1.srcs/sources_1/ip/rd_fifo/rd_fifo.xci' is already up-to-date
INFO: [Vivado 12-4149] The synthesis checkpoint for IP 'D:/CNN/OV5640_DDR3_HDMI_UDP_gray_v3___/project/project_1.srcs/sources_1/ip/wr_fifo/wr_fifo.xci' is already up-to-date
[Tue May 13 19:13:00 2025] Launched synth_1...
Run output will be captured here: D:/CNN/OV5640_DDR3_HDMI_UDP_gray_v3___/project/project_1.runs/synth_1/runme.log
[Tue May 13 19:13:00 2025] Launched impl_1...
Run output will be captured here: D:/CNN/OV5640_DDR3_HDMI_UDP_gray_v3___/project/project_1.runs/impl_1/runme.log
set_property PROBES.FILE {} [get_hw_devices xc7a35t_0]
set_property FULL_PROBES.FILE {} [get_hw_devices xc7a35t_0]
set_property PROGRAM.FILE {D:/CNN/OV5640_DDR3_HDMI_UDP_gray_v3___/project/project_1.runs/impl_1/top.bit} [get_hw_devices xc7a35t_0]
program_hw_devices [get_hw_devices xc7a35t_0]
INFO: [Labtools 27-3164] End of startup status: HIGH
refresh_hw_device [lindex [get_hw_devices xc7a35t_0] 0]
INFO: [Labtools 27-1434] Device xc7a35t (JTAG device index = 0) is programmed with a design that has no supported debug core(s) in it.
reset_run synth_1
launch_runs impl_1 -to_step write_bitstream -jobs 12
INFO: [Vivado 12-4149] The synthesis checkpoint for IP 'D:/CNN/OV5640_DDR3_HDMI_UDP_gray_v3___/project/project_1.srcs/sources_1/ip/eth_dcfifo/eth_dcfifo.xci' is already up-to-date
INFO: [Vivado 12-4149] The synthesis checkpoint for IP 'D:/CNN/OV5640_DDR3_HDMI_UDP_gray_v3___/project/project_1.srcs/sources_1/ip/rd_fifo/rd_fifo.xci' is already up-to-date
INFO: [Vivado 12-4149] The synthesis checkpoint for IP 'D:/CNN/OV5640_DDR3_HDMI_UDP_gray_v3___/project/project_1.srcs/sources_1/ip/wr_fifo/wr_fifo.xci' is already up-to-date
[Tue May 13 19:16:53 2025] Launched synth_1...
Run output will be captured here: D:/CNN/OV5640_DDR3_HDMI_UDP_gray_v3___/project/project_1.runs/synth_1/runme.log
[Tue May 13 19:16:53 2025] Launched impl_1...
Run output will be captured here: D:/CNN/OV5640_DDR3_HDMI_UDP_gray_v3___/project/project_1.runs/impl_1/runme.log
set_property PROBES.FILE {} [get_hw_devices xc7a35t_0]
set_property FULL_PROBES.FILE {} [get_hw_devices xc7a35t_0]
set_property PROGRAM.FILE {D:/CNN/OV5640_DDR3_HDMI_UDP_gray_v3___/project/project_1.runs/impl_1/top.bit} [get_hw_devices xc7a35t_0]
program_hw_devices [get_hw_devices xc7a35t_0]
INFO: [Labtools 27-3164] End of startup status: HIGH
refresh_hw_device [lindex [get_hw_devices xc7a35t_0] 0]
INFO: [Labtools 27-1434] Device xc7a35t (JTAG device index = 0) is programmed with a design that has no supported debug core(s) in it.
reset_run synth_1
launch_runs impl_1 -to_step write_bitstream -jobs 12
INFO: [Vivado 12-4149] The synthesis checkpoint for IP 'D:/CNN/OV5640_DDR3_HDMI_UDP_gray_v3___/project/project_1.srcs/sources_1/ip/eth_dcfifo/eth_dcfifo.xci' is already up-to-date
INFO: [Vivado 12-4149] The synthesis checkpoint for IP 'D:/CNN/OV5640_DDR3_HDMI_UDP_gray_v3___/project/project_1.srcs/sources_1/ip/rd_fifo/rd_fifo.xci' is already up-to-date
INFO: [Vivado 12-4149] The synthesis checkpoint for IP 'D:/CNN/OV5640_DDR3_HDMI_UDP_gray_v3___/project/project_1.srcs/sources_1/ip/wr_fifo/wr_fifo.xci' is already up-to-date
[Tue May 13 19:20:29 2025] Launched synth_1...
Run output will be captured here: D:/CNN/OV5640_DDR3_HDMI_UDP_gray_v3___/project/project_1.runs/synth_1/runme.log
[Tue May 13 19:20:29 2025] Launched impl_1...
Run output will be captured here: D:/CNN/OV5640_DDR3_HDMI_UDP_gray_v3___/project/project_1.runs/impl_1/runme.log
set_property PROBES.FILE {} [get_hw_devices xc7a35t_0]
set_property FULL_PROBES.FILE {} [get_hw_devices xc7a35t_0]
set_property PROGRAM.FILE {D:/CNN/OV5640_DDR3_HDMI_UDP_gray_v3___/project/project_1.runs/impl_1/top.bit} [get_hw_devices xc7a35t_0]
program_hw_devices [get_hw_devices xc7a35t_0]
INFO: [Labtools 27-3164] End of startup status: HIGH
refresh_hw_device [lindex [get_hw_devices xc7a35t_0] 0]
INFO: [Labtools 27-1434] Device xc7a35t (JTAG device index = 0) is programmed with a design that has no supported debug core(s) in it.
reset_run synth_1
launch_runs impl_1 -to_step write_bitstream -jobs 12
INFO: [Vivado 12-4149] The synthesis checkpoint for IP 'D:/CNN/OV5640_DDR3_HDMI_UDP_gray_v3___/project/project_1.srcs/sources_1/ip/eth_dcfifo/eth_dcfifo.xci' is already up-to-date
INFO: [Vivado 12-4149] The synthesis checkpoint for IP 'D:/CNN/OV5640_DDR3_HDMI_UDP_gray_v3___/project/project_1.srcs/sources_1/ip/rd_fifo/rd_fifo.xci' is already up-to-date
INFO: [Vivado 12-4149] The synthesis checkpoint for IP 'D:/CNN/OV5640_DDR3_HDMI_UDP_gray_v3___/project/project_1.srcs/sources_1/ip/wr_fifo/wr_fifo.xci' is already up-to-date
[Tue May 13 19:24:05 2025] Launched synth_1...
Run output will be captured here: D:/CNN/OV5640_DDR3_HDMI_UDP_gray_v3___/project/project_1.runs/synth_1/runme.log
[Tue May 13 19:24:05 2025] Launched impl_1...
Run output will be captured here: D:/CNN/OV5640_DDR3_HDMI_UDP_gray_v3___/project/project_1.runs/impl_1/runme.log
set_property PROBES.FILE {} [get_hw_devices xc7a35t_0]
set_property FULL_PROBES.FILE {} [get_hw_devices xc7a35t_0]
set_property PROGRAM.FILE {D:/CNN/OV5640_DDR3_HDMI_UDP_gray_v3___/project/project_1.runs/impl_1/top.bit} [get_hw_devices xc7a35t_0]
program_hw_devices [get_hw_devices xc7a35t_0]
INFO: [Labtools 27-3164] End of startup status: HIGH
refresh_hw_device [lindex [get_hw_devices xc7a35t_0] 0]
INFO: [Labtools 27-1434] Device xc7a35t (JTAG device index = 0) is programmed with a design that has no supported debug core(s) in it.
reset_run synth_1
launch_runs impl_1 -to_step write_bitstream -jobs 12
INFO: [Vivado 12-4149] The synthesis checkpoint for IP 'D:/CNN/OV5640_DDR3_HDMI_UDP_gray_v3___/project/project_1.srcs/sources_1/ip/eth_dcfifo/eth_dcfifo.xci' is already up-to-date
INFO: [Vivado 12-4149] The synthesis checkpoint for IP 'D:/CNN/OV5640_DDR3_HDMI_UDP_gray_v3___/project/project_1.srcs/sources_1/ip/rd_fifo/rd_fifo.xci' is already up-to-date
INFO: [Vivado 12-4149] The synthesis checkpoint for IP 'D:/CNN/OV5640_DDR3_HDMI_UDP_gray_v3___/project/project_1.srcs/sources_1/ip/wr_fifo/wr_fifo.xci' is already up-to-date
[Tue May 13 19:30:13 2025] Launched synth_1...
Run output will be captured here: D:/CNN/OV5640_DDR3_HDMI_UDP_gray_v3___/project/project_1.runs/synth_1/runme.log
[Tue May 13 19:30:13 2025] Launched impl_1...
Run output will be captured here: D:/CNN/OV5640_DDR3_HDMI_UDP_gray_v3___/project/project_1.runs/impl_1/runme.log
set_property PROBES.FILE {} [get_hw_devices xc7a35t_0]
set_property FULL_PROBES.FILE {} [get_hw_devices xc7a35t_0]
set_property PROGRAM.FILE {D:/CNN/OV5640_DDR3_HDMI_UDP_gray_v3___/project/project_1.runs/impl_1/top.bit} [get_hw_devices xc7a35t_0]
program_hw_devices [get_hw_devices xc7a35t_0]
INFO: [Labtools 27-3164] End of startup status: HIGH
refresh_hw_device [lindex [get_hw_devices xc7a35t_0] 0]
INFO: [Labtools 27-1434] Device xc7a35t (JTAG device index = 0) is programmed with a design that has no supported debug core(s) in it.
reset_run synth_1
launch_runs impl_1 -to_step write_bitstream -jobs 12
INFO: [Vivado 12-4149] The synthesis checkpoint for IP 'D:/CNN/OV5640_DDR3_HDMI_UDP_gray_v3___/project/project_1.srcs/sources_1/ip/eth_dcfifo/eth_dcfifo.xci' is already up-to-date
INFO: [Vivado 12-4149] The synthesis checkpoint for IP 'D:/CNN/OV5640_DDR3_HDMI_UDP_gray_v3___/project/project_1.srcs/sources_1/ip/rd_fifo/rd_fifo.xci' is already up-to-date
INFO: [Vivado 12-4149] The synthesis checkpoint for IP 'D:/CNN/OV5640_DDR3_HDMI_UDP_gray_v3___/project/project_1.srcs/sources_1/ip/wr_fifo/wr_fifo.xci' is already up-to-date
[Tue May 13 19:36:55 2025] Launched synth_1...
Run output will be captured here: D:/CNN/OV5640_DDR3_HDMI_UDP_gray_v3___/project/project_1.runs/synth_1/runme.log
[Tue May 13 19:36:55 2025] Launched impl_1...
Run output will be captured here: D:/CNN/OV5640_DDR3_HDMI_UDP_gray_v3___/project/project_1.runs/impl_1/runme.log
set_property PROBES.FILE {} [get_hw_devices xc7a35t_0]
set_property FULL_PROBES.FILE {} [get_hw_devices xc7a35t_0]
set_property PROGRAM.FILE {D:/CNN/OV5640_DDR3_HDMI_UDP_gray_v3___/project/project_1.runs/impl_1/top.bit} [get_hw_devices xc7a35t_0]
program_hw_devices [get_hw_devices xc7a35t_0]
INFO: [Labtools 27-3164] End of startup status: HIGH
refresh_hw_device [lindex [get_hw_devices xc7a35t_0] 0]
INFO: [Labtools 27-1434] Device xc7a35t (JTAG device index = 0) is programmed with a design that has no supported debug core(s) in it.
reset_run synth_1
launch_runs impl_1 -to_step write_bitstream -jobs 12
INFO: [Vivado 12-4149] The synthesis checkpoint for IP 'D:/CNN/OV5640_DDR3_HDMI_UDP_gray_v3___/project/project_1.srcs/sources_1/ip/eth_dcfifo/eth_dcfifo.xci' is already up-to-date
INFO: [Vivado 12-4149] The synthesis checkpoint for IP 'D:/CNN/OV5640_DDR3_HDMI_UDP_gray_v3___/project/project_1.srcs/sources_1/ip/rd_fifo/rd_fifo.xci' is already up-to-date
INFO: [Vivado 12-4149] The synthesis checkpoint for IP 'D:/CNN/OV5640_DDR3_HDMI_UDP_gray_v3___/project/project_1.srcs/sources_1/ip/wr_fifo/wr_fifo.xci' is already up-to-date
[Tue May 13 19:41:13 2025] Launched synth_1...
Run output will be captured here: D:/CNN/OV5640_DDR3_HDMI_UDP_gray_v3___/project/project_1.runs/synth_1/runme.log
[Tue May 13 19:41:13 2025] Launched impl_1...
Run output will be captured here: D:/CNN/OV5640_DDR3_HDMI_UDP_gray_v3___/project/project_1.runs/impl_1/runme.log
set_property PROBES.FILE {} [get_hw_devices xc7a35t_0]
set_property FULL_PROBES.FILE {} [get_hw_devices xc7a35t_0]
set_property PROGRAM.FILE {D:/CNN/OV5640_DDR3_HDMI_UDP_gray_v3___/project/project_1.runs/impl_1/top.bit} [get_hw_devices xc7a35t_0]
program_hw_devices [get_hw_devices xc7a35t_0]
INFO: [Labtools 27-3164] End of startup status: HIGH
refresh_hw_device [lindex [get_hw_devices xc7a35t_0] 0]
INFO: [Labtools 27-1434] Device xc7a35t (JTAG device index = 0) is programmed with a design that has no supported debug core(s) in it.
reset_run synth_1
launch_runs impl_1 -to_step write_bitstream -jobs 12
INFO: [Vivado 12-4149] The synthesis checkpoint for IP 'D:/CNN/OV5640_DDR3_HDMI_UDP_gray_v3___/project/project_1.srcs/sources_1/ip/eth_dcfifo/eth_dcfifo.xci' is already up-to-date
INFO: [Vivado 12-4149] The synthesis checkpoint for IP 'D:/CNN/OV5640_DDR3_HDMI_UDP_gray_v3___/project/project_1.srcs/sources_1/ip/rd_fifo/rd_fifo.xci' is already up-to-date
INFO: [Vivado 12-4149] The synthesis checkpoint for IP 'D:/CNN/OV5640_DDR3_HDMI_UDP_gray_v3___/project/project_1.srcs/sources_1/ip/wr_fifo/wr_fifo.xci' is already up-to-date
[Tue May 13 19:46:16 2025] Launched synth_1...
Run output will be captured here: D:/CNN/OV5640_DDR3_HDMI_UDP_gray_v3___/project/project_1.runs/synth_1/runme.log
[Tue May 13 19:46:16 2025] Launched impl_1...
Run output will be captured here: D:/CNN/OV5640_DDR3_HDMI_UDP_gray_v3___/project/project_1.runs/impl_1/runme.log
set_property PROBES.FILE {} [get_hw_devices xc7a35t_0]
set_property FULL_PROBES.FILE {} [get_hw_devices xc7a35t_0]
set_property PROGRAM.FILE {D:/CNN/OV5640_DDR3_HDMI_UDP_gray_v3___/project/project_1.runs/impl_1/top.bit} [get_hw_devices xc7a35t_0]
program_hw_devices [get_hw_devices xc7a35t_0]
INFO: [Labtools 27-3164] End of startup status: HIGH
refresh_hw_device [lindex [get_hw_devices xc7a35t_0] 0]
INFO: [Labtools 27-1434] Device xc7a35t (JTAG device index = 0) is programmed with a design that has no supported debug core(s) in it.
ERROR: [Labtoolstcl 44-513] HW Target shutdown. Closing target: localhost:3121/xilinx_tcf/Digilent/210299847714
INFO: [Labtoolstcl 44-466] Opening hw_target localhost:3121/xilinx_tcf/Digilent/210299847714
INFO: [Labtools 27-1434] Device xc7a35t (JTAG device index = 0) is programmed with a design that has no supported debug core(s) in it.
WARNING: [Labtoolstcl 44-129] No matching hw_ila_data was found.
reset_run synth_1
launch_runs impl_1 -to_step write_bitstream -jobs 12
INFO: [Vivado 12-4149] The synthesis checkpoint for IP 'D:/CNN/OV5640_DDR3_HDMI_UDP_gray_v3___/project/project_1.srcs/sources_1/ip/eth_dcfifo/eth_dcfifo.xci' is already up-to-date
INFO: [Vivado 12-4149] The synthesis checkpoint for IP 'D:/CNN/OV5640_DDR3_HDMI_UDP_gray_v3___/project/project_1.srcs/sources_1/ip/rd_fifo/rd_fifo.xci' is already up-to-date
INFO: [Vivado 12-4149] The synthesis checkpoint for IP 'D:/CNN/OV5640_DDR3_HDMI_UDP_gray_v3___/project/project_1.srcs/sources_1/ip/wr_fifo/wr_fifo.xci' is already up-to-date
[Tue May 13 19:50:08 2025] Launched synth_1...
Run output will be captured here: D:/CNN/OV5640_DDR3_HDMI_UDP_gray_v3___/project/project_1.runs/synth_1/runme.log
[Tue May 13 19:50:08 2025] Launched impl_1...
Run output will be captured here: D:/CNN/OV5640_DDR3_HDMI_UDP_gray_v3___/project/project_1.runs/impl_1/runme.log
ERROR: [Labtoolstcl 44-513] HW Target shutdown. Closing target: localhost:3121/xilinx_tcf/Digilent/210299847714
INFO: [Labtoolstcl 44-466] Opening hw_target localhost:3121/xilinx_tcf/Digilent/210299847714
INFO: [Labtools 27-1434] Device xc7a35t (JTAG device index = 0) is programmed with a design that has no supported debug core(s) in it.
WARNING: [Labtoolstcl 44-129] No matching hw_ila_data was found.
set_property PROBES.FILE {} [get_hw_devices xc7a35t_0]
set_property FULL_PROBES.FILE {} [get_hw_devices xc7a35t_0]
set_property PROGRAM.FILE {D:/CNN/OV5640_DDR3_HDMI_UDP_gray_v3___/project/project_1.runs/impl_1/top.bit} [get_hw_devices xc7a35t_0]
program_hw_devices [get_hw_devices xc7a35t_0]
INFO: [Labtools 27-3164] End of startup status: HIGH
refresh_hw_device [lindex [get_hw_devices xc7a35t_0] 0]
INFO: [Labtools 27-1434] Device xc7a35t (JTAG device index = 0) is programmed with a design that has no supported debug core(s) in it.
reset_run synth_1
launch_runs impl_1 -to_step write_bitstream -jobs 12
INFO: [Vivado 12-4149] The synthesis checkpoint for IP 'D:/CNN/OV5640_DDR3_HDMI_UDP_gray_v3___/project/project_1.srcs/sources_1/ip/eth_dcfifo/eth_dcfifo.xci' is already up-to-date
INFO: [Vivado 12-4149] The synthesis checkpoint for IP 'D:/CNN/OV5640_DDR3_HDMI_UDP_gray_v3___/project/project_1.srcs/sources_1/ip/rd_fifo/rd_fifo.xci' is already up-to-date
INFO: [Vivado 12-4149] The synthesis checkpoint for IP 'D:/CNN/OV5640_DDR3_HDMI_UDP_gray_v3___/project/project_1.srcs/sources_1/ip/wr_fifo/wr_fifo.xci' is already up-to-date
[Tue May 13 19:53:56 2025] Launched synth_1...
Run output will be captured here: D:/CNN/OV5640_DDR3_HDMI_UDP_gray_v3___/project/project_1.runs/synth_1/runme.log
[Tue May 13 19:53:56 2025] Launched impl_1...
Run output will be captured here: D:/CNN/OV5640_DDR3_HDMI_UDP_gray_v3___/project/project_1.runs/impl_1/runme.log
ERROR: [Labtoolstcl 44-513] HW Target shutdown. Closing target: localhost:3121/xilinx_tcf/Digilent/210299847714
INFO: [Labtoolstcl 44-466] Opening hw_target localhost:3121/xilinx_tcf/Digilent/210299847714
INFO: [Labtools 27-1434] Device xc7a35t (JTAG device index = 0) is programmed with a design that has no supported debug core(s) in it.
WARNING: [Labtoolstcl 44-129] No matching hw_ila_data was found.
ERROR: [Labtoolstcl 44-513] HW Target shutdown. Closing target: localhost:3121/xilinx_tcf/Digilent/210299847714
disconnect_hw_server localhost:3121
connect_hw_server -allow_non_jtag
INFO: [Labtools 27-2285] Connecting to hw_server url TCP:localhost:3121
INFO: [Labtools 27-3415] Connecting to cs_server url TCP:localhost:3042
INFO: [Labtools 27-3414] Connected to existing cs_server.
ERROR: [Labtoolstcl 44-494] There is no active target available for server at localhost.
 Targets(s) ", jsn-JTAG-HS3-210299847714" may be locked by another hw_server.
disconnect_hw_server localhost:3121
connect_hw_server -allow_non_jtag
INFO: [Labtools 27-2285] Connecting to hw_server url TCP:localhost:3121
INFO: [Labtools 27-3415] Connecting to cs_server url TCP:localhost:3042
INFO: [Labtools 27-3414] Connected to existing cs_server.
ERROR: [Labtoolstcl 44-494] There is no active target available for server at localhost.
 Targets(s) ", jsn-JTAG-HS3-210299847714" may be locked by another hw_server.
disconnect_hw_server localhost:3121
connect_hw_server -allow_non_jtag
INFO: [Labtools 27-2285] Connecting to hw_server url TCP:localhost:3121
INFO: [Labtools 27-3415] Connecting to cs_server url TCP:localhost:3042
INFO: [Labtools 27-3414] Connected to existing cs_server.
open_hw_target
INFO: [Labtoolstcl 44-466] Opening hw_target localhost:3121/xilinx_tcf/Digilent/210299847714
set_property PROGRAM.FILE {D:/CNN/OV5640_DDR3_HDMI_UDP_gray_v3___/project/project_1.runs/impl_1/top.bit} [get_hw_devices xc7a35t_0]
current_hw_device [get_hw_devices xc7a35t_0]
refresh_hw_device -update_hw_probes false [lindex [get_hw_devices xc7a35t_0] 0]
INFO: [Labtools 27-1434] Device xc7a35t (JTAG device index = 0) is programmed with a design that has no supported debug core(s) in it.
set_property PROBES.FILE {} [get_hw_devices xc7a35t_0]
set_property FULL_PROBES.FILE {} [get_hw_devices xc7a35t_0]
set_property PROGRAM.FILE {D:/CNN/OV5640_DDR3_HDMI_UDP_gray_v3___/project/project_1.runs/impl_1/top.bit} [get_hw_devices xc7a35t_0]
program_hw_devices [get_hw_devices xc7a35t_0]
INFO: [Labtools 27-3164] End of startup status: HIGH
refresh_hw_device [lindex [get_hw_devices xc7a35t_0] 0]
INFO: [Labtools 27-1434] Device xc7a35t (JTAG device index = 0) is programmed with a design that has no supported debug core(s) in it.
reset_run synth_1
launch_runs impl_1 -to_step write_bitstream -jobs 12
INFO: [Vivado 12-4149] The synthesis checkpoint for IP 'D:/CNN/OV5640_DDR3_HDMI_UDP_gray_v3___/project/project_1.srcs/sources_1/ip/eth_dcfifo/eth_dcfifo.xci' is already up-to-date
INFO: [Vivado 12-4149] The synthesis checkpoint for IP 'D:/CNN/OV5640_DDR3_HDMI_UDP_gray_v3___/project/project_1.srcs/sources_1/ip/rd_fifo/rd_fifo.xci' is already up-to-date
INFO: [Vivado 12-4149] The synthesis checkpoint for IP 'D:/CNN/OV5640_DDR3_HDMI_UDP_gray_v3___/project/project_1.srcs/sources_1/ip/wr_fifo/wr_fifo.xci' is already up-to-date
[Tue May 13 19:57:50 2025] Launched synth_1...
Run output will be captured here: D:/CNN/OV5640_DDR3_HDMI_UDP_gray_v3___/project/project_1.runs/synth_1/runme.log
[Tue May 13 19:57:50 2025] Launched impl_1...
Run output will be captured here: D:/CNN/OV5640_DDR3_HDMI_UDP_gray_v3___/project/project_1.runs/impl_1/runme.log
set_property PROBES.FILE {} [get_hw_devices xc7a35t_0]
set_property FULL_PROBES.FILE {} [get_hw_devices xc7a35t_0]
set_property PROGRAM.FILE {D:/CNN/OV5640_DDR3_HDMI_UDP_gray_v3___/project/project_1.runs/impl_1/top.bit} [get_hw_devices xc7a35t_0]
program_hw_devices [get_hw_devices xc7a35t_0]
INFO: [Labtools 27-3164] End of startup status: HIGH
refresh_hw_device [lindex [get_hw_devices xc7a35t_0] 0]
INFO: [Labtools 27-1434] Device xc7a35t (JTAG device index = 0) is programmed with a design that has no supported debug core(s) in it.
reset_run synth_1
launch_runs impl_1 -to_step write_bitstream -jobs 12
INFO: [Vivado 12-4149] The synthesis checkpoint for IP 'D:/CNN/OV5640_DDR3_HDMI_UDP_gray_v3___/project/project_1.srcs/sources_1/ip/eth_dcfifo/eth_dcfifo.xci' is already up-to-date
INFO: [Vivado 12-4149] The synthesis checkpoint for IP 'D:/CNN/OV5640_DDR3_HDMI_UDP_gray_v3___/project/project_1.srcs/sources_1/ip/rd_fifo/rd_fifo.xci' is already up-to-date
INFO: [Vivado 12-4149] The synthesis checkpoint for IP 'D:/CNN/OV5640_DDR3_HDMI_UDP_gray_v3___/project/project_1.srcs/sources_1/ip/wr_fifo/wr_fifo.xci' is already up-to-date
[Tue May 13 20:01:19 2025] Launched synth_1...
Run output will be captured here: D:/CNN/OV5640_DDR3_HDMI_UDP_gray_v3___/project/project_1.runs/synth_1/runme.log
[Tue May 13 20:01:19 2025] Launched impl_1...
Run output will be captured here: D:/CNN/OV5640_DDR3_HDMI_UDP_gray_v3___/project/project_1.runs/impl_1/runme.log
set_property PROBES.FILE {} [get_hw_devices xc7a35t_0]
set_property FULL_PROBES.FILE {} [get_hw_devices xc7a35t_0]
set_property PROGRAM.FILE {D:/CNN/OV5640_DDR3_HDMI_UDP_gray_v3___/project/project_1.runs/impl_1/top.bit} [get_hw_devices xc7a35t_0]
program_hw_devices [get_hw_devices xc7a35t_0]
INFO: [Labtools 27-3164] End of startup status: HIGH
refresh_hw_device [lindex [get_hw_devices xc7a35t_0] 0]
INFO: [Labtools 27-1434] Device xc7a35t (JTAG device index = 0) is programmed with a design that has no supported debug core(s) in it.
reset_run synth_1
launch_runs impl_1 -to_step write_bitstream -jobs 12
INFO: [Vivado 12-4149] The synthesis checkpoint for IP 'D:/CNN/OV5640_DDR3_HDMI_UDP_gray_v3___/project/project_1.srcs/sources_1/ip/eth_dcfifo/eth_dcfifo.xci' is already up-to-date
INFO: [Vivado 12-4149] The synthesis checkpoint for IP 'D:/CNN/OV5640_DDR3_HDMI_UDP_gray_v3___/project/project_1.srcs/sources_1/ip/rd_fifo/rd_fifo.xci' is already up-to-date
INFO: [Vivado 12-4149] The synthesis checkpoint for IP 'D:/CNN/OV5640_DDR3_HDMI_UDP_gray_v3___/project/project_1.srcs/sources_1/ip/wr_fifo/wr_fifo.xci' is already up-to-date
[Tue May 13 20:05:06 2025] Launched synth_1...
Run output will be captured here: D:/CNN/OV5640_DDR3_HDMI_UDP_gray_v3___/project/project_1.runs/synth_1/runme.log
[Tue May 13 20:05:06 2025] Launched impl_1...
Run output will be captured here: D:/CNN/OV5640_DDR3_HDMI_UDP_gray_v3___/project/project_1.runs/impl_1/runme.log
set_property PROBES.FILE {} [get_hw_devices xc7a35t_0]
set_property FULL_PROBES.FILE {} [get_hw_devices xc7a35t_0]
set_property PROGRAM.FILE {D:/CNN/OV5640_DDR3_HDMI_UDP_gray_v3___/project/project_1.runs/impl_1/top.bit} [get_hw_devices xc7a35t_0]
program_hw_devices [get_hw_devices xc7a35t_0]
INFO: [Labtools 27-3164] End of startup status: HIGH
refresh_hw_device [lindex [get_hw_devices xc7a35t_0] 0]
INFO: [Labtools 27-1434] Device xc7a35t (JTAG device index = 0) is programmed with a design that has no supported debug core(s) in it.
ERROR: [Labtoolstcl 44-513] HW Target shutdown. Closing target: localhost:3121/xilinx_tcf/Digilent/210299847714
INFO: [Labtoolstcl 44-466] Opening hw_target localhost:3121/xilinx_tcf/Digilent/210299847714
INFO: [Labtools 27-1434] Device xc7a35t (JTAG device index = 0) is programmed with a design that has no supported debug core(s) in it.
WARNING: [Labtoolstcl 44-129] No matching hw_ila_data was found.
set_property PROBES.FILE {} [get_hw_devices xc7a35t_0]
set_property FULL_PROBES.FILE {} [get_hw_devices xc7a35t_0]
set_property PROGRAM.FILE {D:/CNN/OV5640_DDR3_HDMI_UDP_gray_v3___/project/project_1.runs/impl_1/top.bit} [get_hw_devices xc7a35t_0]
program_hw_devices [get_hw_devices xc7a35t_0]
INFO: [Labtools 27-3164] End of startup status: HIGH
refresh_hw_device [lindex [get_hw_devices xc7a35t_0] 0]
INFO: [Labtools 27-1434] Device xc7a35t (JTAG device index = 0) is programmed with a design that has no supported debug core(s) in it.
reset_run synth_1
launch_runs impl_1 -to_step write_bitstream -jobs 12
INFO: [Vivado 12-4149] The synthesis checkpoint for IP 'D:/CNN/OV5640_DDR3_HDMI_UDP_gray_v3___/project/project_1.srcs/sources_1/ip/eth_dcfifo/eth_dcfifo.xci' is already up-to-date
INFO: [Vivado 12-4149] The synthesis checkpoint for IP 'D:/CNN/OV5640_DDR3_HDMI_UDP_gray_v3___/project/project_1.srcs/sources_1/ip/rd_fifo/rd_fifo.xci' is already up-to-date
INFO: [Vivado 12-4149] The synthesis checkpoint for IP 'D:/CNN/OV5640_DDR3_HDMI_UDP_gray_v3___/project/project_1.srcs/sources_1/ip/wr_fifo/wr_fifo.xci' is already up-to-date
[Tue May 13 22:08:19 2025] Launched synth_1...
Run output will be captured here: D:/CNN/OV5640_DDR3_HDMI_UDP_gray_v3___/project/project_1.runs/synth_1/runme.log
[Tue May 13 22:08:19 2025] Launched impl_1...
Run output will be captured here: D:/CNN/OV5640_DDR3_HDMI_UDP_gray_v3___/project/project_1.runs/impl_1/runme.log
set_property PROBES.FILE {} [get_hw_devices xc7a35t_0]
set_property FULL_PROBES.FILE {} [get_hw_devices xc7a35t_0]
set_property PROGRAM.FILE {D:/CNN/OV5640_DDR3_HDMI_UDP_gray_v3___/project/project_1.runs/impl_1/top.bit} [get_hw_devices xc7a35t_0]
program_hw_devices [get_hw_devices xc7a35t_0]
INFO: [Labtools 27-3164] End of startup status: HIGH
refresh_hw_device [lindex [get_hw_devices xc7a35t_0] 0]
INFO: [Labtools 27-1434] Device xc7a35t (JTAG device index = 0) is programmed with a design that has no supported debug core(s) in it.
ERROR: [Labtoolstcl 44-513] HW Target shutdown. Closing target: localhost:3121/xilinx_tcf/Digilent/210299847714
INFO: [Labtoolstcl 44-466] Opening hw_target localhost:3121/xilinx_tcf/Digilent/210299847714
INFO: [Labtools 27-1434] Device xc7a35t (JTAG device index = 0) is programmed with a design that has no supported debug core(s) in it.
WARNING: [Labtoolstcl 44-129] No matching hw_ila_data was found.
ERROR: [Labtoolstcl 44-513] HW Target shutdown. Closing target: localhost:3121/xilinx_tcf/Digilent/210299847714
INFO: [Labtoolstcl 44-466] Opening hw_target localhost:3121/xilinx_tcf/Digilent/210299847714
INFO: [Labtools 27-1434] Device xc7a35t (JTAG device index = 0) is programmed with a design that has no supported debug core(s) in it.
WARNING: [Labtoolstcl 44-129] No matching hw_ila_data was found.
ERROR: [Labtoolstcl 44-513] HW Target shutdown. Closing target: localhost:3121/xilinx_tcf/Digilent/210299847714
INFO: [Labtoolstcl 44-466] Opening hw_target localhost:3121/xilinx_tcf/Digilent/210299847714
INFO: [Labtools 27-1434] Device xc7a35t (JTAG device index = 0) is programmed with a design that has no supported debug core(s) in it.
WARNING: [Labtoolstcl 44-129] No matching hw_ila_data was found.
ERROR: [Labtoolstcl 44-513] HW Target shutdown. Closing target: localhost:3121/xilinx_tcf/Digilent/210299847714
exit
INFO: [Common 17-206] Exiting Vivado at Tue May 13 23:32:55 2025...
