#-----------------------------------------------------------
# Vivado v2019.2 (64-bit)
# SW Build 2708876 on Wed Nov  6 21:40:23 MST 2019
# IP Build 2700528 on Thu Nov  7 00:09:20 MST 2019
# Start of session at: Sat May 17 18:39:02 2025
# Process ID: 13500
# Current directory: D:/CNN/OV5640_DDR3_HDMI_UDP_gray_v3___/project
# Command line: vivado.exe -gui_launcher_event rodinguilauncherevent36792 D:\CNN\OV5640_DDR3_HDMI_UDP_gray_v3___\project\project_1.xpr
# Log file: D:/CNN/OV5640_DDR3_HDMI_UDP_gray_v3___/project/vivado.log
# Journal file: D:/CNN/OV5640_DDR3_HDMI_UDP_gray_v3___/project\vivado.jou
#-----------------------------------------------------------
start_gui
open_project D:/CNN/OV5640_DDR3_HDMI_UDP_gray_v3___/project/project_1.xpr
Scanning sources...
Finished scanning sources
INFO: [IP_Flow 19-234] Refreshing IP repositories
INFO: [IP_Flow 19-1704] No user IP repositories specified
INFO: [IP_Flow 19-2313] Loaded Vivado IP repository 'D:/Xilinx/Vivado/2019.2/data/ip'.
open_project: Time (s): cpu = 00:00:19 ; elapsed = 00:00:19 . Memory (MB): peak = 1050.676 ; gain = 355.805
update_compile_order -fileset sources_1
open_hw_manager
connect_hw_server -allow_non_jtag
INFO: [Labtools 27-2285] Connecting to hw_server url TCP:localhost:3121
INFO: [Labtools 27-2222] Launching hw_server...
INFO: [Labtools 27-2221] Launch Output:

****** Xilinx hw_server v2019.2
  **** Build date : Nov  6 2019 at 22:12:23
    ** Copyright 1986-2019 Xilinx, Inc. All Rights Reserved.


INFO: [Labtools 27-3415] Connecting to cs_server url TCP:localhost:3042
INFO: [Labtools 27-3417] Launching cs_server...
INFO: [Labtools 27-2221] Launch Output:


****** Xilinx cs_server v2019.2.0
  **** Build date : Nov 07 2019-13:28:22
    ** Copyright 2017-2019 Xilinx, Inc. All Rights Reserved.



connect_hw_server: Time (s): cpu = 00:00:01 ; elapsed = 00:00:07 . Memory (MB): peak = 1628.215 ; gain = 0.000
open_hw_target
INFO: [Labtoolstcl 44-466] Opening hw_target localhost:3121/xilinx_tcf/Digilent/210299847714
set_property PROGRAM.FILE {D:/CNN/OV5640_DDR3_HDMI_UDP_gray_v3___/project/project_1.runs/impl_1/top.bit} [get_hw_devices xc7a35t_0]
current_hw_device [get_hw_devices xc7a35t_0]
refresh_hw_device -update_hw_probes false [lindex [get_hw_devices xc7a35t_0] 0]
INFO: [Labtools 27-1434] Device xc7a35t (JTAG device index = 0) is programmed with a design that has no supported debug core(s) in it.
set_property PROBES.FILE {} [get_hw_devices xc7a35t_0]
set_property FULL_PROBES.FILE {} [get_hw_devices xc7a35t_0]
set_property PROGRAM.FILE {D:/CNN/OV5640_DDR3_HDMI_UDP_gray_v3___/project/project_1.runs/impl_1/top.bit} [get_hw_devices xc7a35t_0]
program_hw_devices [get_hw_devices xc7a35t_0]
INFO: [Labtools 27-3164] End of startup status: HIGH
refresh_hw_device [lindex [get_hw_devices xc7a35t_0] 0]
INFO: [Labtools 27-1434] Device xc7a35t (JTAG device index = 0) is programmed with a design that has no supported debug core(s) in it.
reset_run synth_1
launch_runs impl_1 -to_step write_bitstream -jobs 12
INFO: [Vivado 12-4149] The synthesis checkpoint for IP 'D:/CNN/OV5640_DDR3_HDMI_UDP_gray_v3___/project/project_1.srcs/sources_1/ip/eth_dcfifo/eth_dcfifo.xci' is already up-to-date
INFO: [Vivado 12-4149] The synthesis checkpoint for IP 'D:/CNN/OV5640_DDR3_HDMI_UDP_gray_v3___/project/project_1.srcs/sources_1/ip/rd_fifo/rd_fifo.xci' is already up-to-date
INFO: [Vivado 12-4149] The synthesis checkpoint for IP 'D:/CNN/OV5640_DDR3_HDMI_UDP_gray_v3___/project/project_1.srcs/sources_1/ip/wr_fifo/wr_fifo.xci' is already up-to-date
[Sat May 17 18:42:29 2025] Launched synth_1...
Run output will be captured here: D:/CNN/OV5640_DDR3_HDMI_UDP_gray_v3___/project/project_1.runs/synth_1/runme.log
[Sat May 17 18:42:30 2025] Launched impl_1...
Run output will be captured here: D:/CNN/OV5640_DDR3_HDMI_UDP_gray_v3___/project/project_1.runs/impl_1/runme.log
set_property PROBES.FILE {} [get_hw_devices xc7a35t_0]
set_property FULL_PROBES.FILE {} [get_hw_devices xc7a35t_0]
set_property PROGRAM.FILE {D:/CNN/OV5640_DDR3_HDMI_UDP_gray_v3___/project/project_1.runs/impl_1/top.bit} [get_hw_devices xc7a35t_0]
program_hw_devices [get_hw_devices xc7a35t_0]
INFO: [Labtools 27-3164] End of startup status: HIGH
refresh_hw_device [lindex [get_hw_devices xc7a35t_0] 0]
INFO: [Labtools 27-1434] Device xc7a35t (JTAG device index = 0) is programmed with a design that has no supported debug core(s) in it.
ERROR: [Labtoolstcl 44-513] HW Target shutdown. Closing target: localhost:3121/xilinx_tcf/Digilent/210299847714
exit
INFO: [Common 17-206] Exiting Vivado at Sat May 17 18:55:58 2025...
