#-----------------------------------------------------------
# Vivado v2019.2 (64-bit)
# SW Build 2708876 on Wed Nov  6 21:40:23 MST 2019
# IP Build 2700528 on Thu Nov  7 00:09:20 MST 2019
# Start of session at: Tue Jan 28 22:11:30 2025
# Process ID: 19724
# Current directory: D:/FPGA_Learning_Journey/Pro/SPI_FLASH/project_se
# Command line: vivado.exe -gui_launcher_event rodinguilauncherevent22264 D:\FPGA_Learning_Journey\Pro\SPI_FLASH\project_se\project_se.xpr
# Log file: D:/FPGA_Learning_Journey/Pro/SPI_FLASH/project_se/vivado.log
# Journal file: D:/FPGA_Learning_Journey/Pro/SPI_FLASH/project_se\vivado.jou
#-----------------------------------------------------------
start_gui
open_project D:/FPGA_Learning_Journey/Pro/SPI_FLASH/project_se/project_se.xpr
Scanning sources...
Finished scanning sources
INFO: [IP_Flow 19-234] Refreshing IP repositories
INFO: [IP_Flow 19-1704] No user IP repositories specified
INFO: [IP_Flow 19-2313] Loaded Vivado IP repository 'D:/Xilinx/Vivado/2019.2/data/ip'.
update_compile_order -fileset sources_1
launch_simulation
Command: launch_simulation 
INFO: [Vivado 12-5682] Launching behavioral simulation in 'D:/FPGA_Learning_Journey/Pro/SPI_FLASH/project_se/project_se.sim/sim_1/behav/xsim'
INFO: [SIM-utils-51] Simulation object is 'sim_1'
INFO: [SIM-utils-54] Inspecting design source files for 'spi_flash_se_tb' in fileset 'sim_1'...
INFO: [USF-XSim-97] Finding global include files...
INFO: [USF-XSim-98] Fetching design files from 'sim_1'...
INFO: [USF-XSim-2] XSim::Compile design
INFO: [USF-XSim-61] Executing 'COMPILE and ANALYZE' step in 'D:/FPGA_Learning_Journey/Pro/SPI_FLASH/project_se/project_se.sim/sim_1/behav/xsim'
"xvlog --incr --relax -prj spi_flash_se_tb_vlog.prj"
INFO: [VRFC 10-2263] Analyzing Verilog file "D:/FPGA_Learning_Journey/Pro/SPI_FLASH/src/se/flash_se_ctrl.v" into library xil_defaultlib
INFO: [VRFC 10-311] analyzing module flash_se_ctrl
INFO: [VRFC 10-2263] Analyzing Verilog file "D:/FPGA_Learning_Journey/Pro/SPI_FLASH/src/se/key_filter.v" into library xil_defaultlib
INFO: [VRFC 10-311] analyzing module key_filter
INFO: [VRFC 10-2263] Analyzing Verilog file "D:/FPGA_Learning_Journey/Pro/SPI_FLASH/src/se/spi_flash_se.v" into library xil_defaultlib
INFO: [VRFC 10-311] analyzing module spi_flash_se
INFO: [VRFC 10-2263] Analyzing Verilog file "D:/FPGA_Learning_Journey/Pro/SPI_FLASH/src/se/spi_flash_se_tb.v" into library xil_defaultlib
INFO: [VRFC 10-311] analyzing module spi_flash_se_tb
INFO: [USF-XSim-69] 'compile' step finished in '1' seconds
INFO: [USF-XSim-3] XSim::Elaborate design
INFO: [USF-XSim-61] Executing 'ELABORATE' step in 'D:/FPGA_Learning_Journey/Pro/SPI_FLASH/project_se/project_se.sim/sim_1/behav/xsim'
"xelab -wto de8cde745b83447087c015c0ea7ecaf8 --incr --debug typical --relax --mt 2 -L xil_defaultlib -L unisims_ver -L unimacro_ver -L secureip --snapshot spi_flash_se_tb_behav xil_defaultlib.spi_flash_se_tb xil_defaultlib.glbl -log elaborate.log"
Vivado Simulator 2019.2
Copyright 1986-1999, 2001-2019 Xilinx, Inc. All Rights Reserved.
Running: D:/Xilinx/Vivado/2019.2/bin/unwrapped/win64.o/xelab.exe -wto de8cde745b83447087c015c0ea7ecaf8 --incr --debug typical --relax --mt 2 -L xil_defaultlib -L unisims_ver -L unimacro_ver -L secureip --snapshot spi_flash_se_tb_behav xil_defaultlib.spi_flash_se_tb xil_defaultlib.glbl -log elaborate.log 
Using 2 slave threads.
Starting static elaboration
Pass Through NonSizing Optimizer
Completed static elaboration
Starting simulation data flow analysis
WARNING: [XSIM 43-4100] "D:/FPGA_Learning_Journey/Pro/SPI_FLASH/project_se/project_se.sim/sim_1/behav/xsim/glbl.v" Line 6. Module glbl has a timescale but at least one module in design doesn't have timescale.
Completed simulation data flow analysis
Time Resolution for simulation is 1ps
Compiling module xil_defaultlib.key_filter
Compiling module xil_defaultlib.flash_se_ctrl
Compiling module xil_defaultlib.spi_flash_se
Compiling module xil_defaultlib.spi_flash_se_tb
Compiling module xil_defaultlib.glbl
Built simulation snapshot spi_flash_se_tb_behav
INFO: [USF-XSim-69] 'elaborate' step finished in '2' seconds
INFO: [USF-XSim-4] XSim::Simulate design
INFO: [USF-XSim-61] Executing 'SIMULATE' step in 'D:/FPGA_Learning_Journey/Pro/SPI_FLASH/project_se/project_se.sim/sim_1/behav/xsim'
INFO: [USF-XSim-98] *** Running xsim
   with args "spi_flash_se_tb_behav -key {Behavioral:sim_1:Functional:spi_flash_se_tb} -tclbatch {spi_flash_se_tb.tcl} -log {simulate.log}"
INFO: [USF-XSim-8] Loading simulator feature
Vivado Simulator 2019.2
Time resolution is 1 ps
source spi_flash_se_tb.tcl
# set curr_wave [current_wave_config]
# if { [string length $curr_wave] == 0 } {
#   if { [llength [get_objects]] > 0} {
#     add_wave /
#     set_property needs_save false [current_wave_config]
#   } else {
#      send_msg_id Add_Wave-1 WARNING "No top level signals found. Simulator will start without a wave window. If you want to open a wave window go to 'File->New Waveform Configuration' or type 'create_wave_config' in the TCL console."
#   }
# }
# run 1000ns
INFO: [USF-XSim-96] XSim completed. Design snapshot 'spi_flash_se_tb_behav' loaded.
INFO: [USF-XSim-97] XSim simulation ran for 1000ns
launch_simulation: Time (s): cpu = 00:00:05 ; elapsed = 00:00:05 . Memory (MB): peak = 966.008 ; gain = 40.875
run 50 ms
current_wave_config {Untitled 1}
Untitled 1
add_wave {{/spi_flash_se_tb/spi_flash_se_inst}} 
current_wave_config {Untitled 1}
Untitled 1
add_wave {{/spi_flash_se_tb/spi_flash_se_inst/flash_se_ctrl_inst}} 
run 50 ms
run: Time (s): cpu = 00:00:06 ; elapsed = 00:00:05 . Memory (MB): peak = 966.223 ; gain = 0.000
run 50 ms
run: Time (s): cpu = 00:00:06 ; elapsed = 00:00:05 . Memory (MB): peak = 966.223 ; gain = 0.000
relaunch_sim
Command: launch_simulation -simset sim_1 -mode behavioral
INFO: [Vivado 12-5682] Launching behavioral simulation in 'D:/FPGA_Learning_Journey/Pro/SPI_FLASH/project_se/project_se.sim/sim_1/behav/xsim'
INFO: [SIM-utils-51] Simulation object is 'sim_1'
INFO: [SIM-utils-54] Inspecting design source files for 'spi_flash_se_tb' in fileset 'sim_1'...
INFO: [USF-XSim-97] Finding global include files...
INFO: [USF-XSim-98] Fetching design files from 'sim_1'...
INFO: [USF-XSim-2] XSim::Compile design
INFO: [USF-XSim-61] Executing 'COMPILE and ANALYZE' step in 'D:/FPGA_Learning_Journey/Pro/SPI_FLASH/project_se/project_se.sim/sim_1/behav/xsim'
"xvlog --incr --relax -prj spi_flash_se_tb_vlog.prj"
INFO: [USF-XSim-69] 'compile' step finished in '1' seconds
Command: launch_simulation -simset sim_1 -mode behavioral
INFO: [Vivado 12-5682] Launching behavioral simulation in 'D:/FPGA_Learning_Journey/Pro/SPI_FLASH/project_se/project_se.sim/sim_1/behav/xsim'
INFO: [USF-XSim-3] XSim::Elaborate design
INFO: [USF-XSim-61] Executing 'ELABORATE' step in 'D:/FPGA_Learning_Journey/Pro/SPI_FLASH/project_se/project_se.sim/sim_1/behav/xsim'
"xelab -wto de8cde745b83447087c015c0ea7ecaf8 --incr --debug typical --relax --mt 2 -L xil_defaultlib -L unisims_ver -L unimacro_ver -L secureip --snapshot spi_flash_se_tb_behav xil_defaultlib.spi_flash_se_tb xil_defaultlib.glbl -log elaborate.log"
Vivado Simulator 2019.2
Copyright 1986-1999, 2001-2019 Xilinx, Inc. All Rights Reserved.
Running: D:/Xilinx/Vivado/2019.2/bin/unwrapped/win64.o/xelab.exe -wto de8cde745b83447087c015c0ea7ecaf8 --incr --debug typical --relax --mt 2 -L xil_defaultlib -L unisims_ver -L unimacro_ver -L secureip --snapshot spi_flash_se_tb_behav xil_defaultlib.spi_flash_se_tb xil_defaultlib.glbl -log elaborate.log 
Using 2 slave threads.
Starting static elaboration
Pass Through NonSizing Optimizer
Completed static elaboration
INFO: [XSIM 43-4323] No Change in HDL. Linking previously generated obj files to create kernel
INFO: [USF-XSim-69] 'elaborate' step finished in '1' seconds
Vivado Simulator 2019.2
Time resolution is 1 ps
run 50 ms
run 50 ms
close_sim
INFO: [Simtcl 6-16] Simulation closed
exit
INFO: [Common 17-206] Exiting Vivado at Tue Jan 28 22:37:53 2025...
