#-----------------------------------------------------------
# Vivado v2019.2 (64-bit)
# SW Build 2708876 on Wed Nov  6 21:40:23 MST 2019
# IP Build 2700528 on Thu Nov  7 00:09:20 MST 2019
# Start of session at: Tue Jan 28 20:26:38 2025
# Process ID: 420
# Current directory: D:/FPGA_Learning_Journey/Pro/SPI_FLASH/project_se
# Command line: vivado.exe -gui_launcher_event rodinguilauncherevent20940 D:\FPGA_Learning_Journey\Pro\SPI_FLASH\project_se\project_se.xpr
# Log file: D:/FPGA_Learning_Journey/Pro/SPI_FLASH/project_se/vivado.log
# Journal file: D:/FPGA_Learning_Journey/Pro/SPI_FLASH/project_se\vivado.jou
#-----------------------------------------------------------
start_gui
open_project D:/FPGA_Learning_Journey/Pro/SPI_FLASH/project_se/project_se.xpr
Scanning sources...
Finished scanning sources
INFO: [IP_Flow 19-234] Refreshing IP repositories
INFO: [IP_Flow 19-1704] No user IP repositories specified
INFO: [IP_Flow 19-2313] Loaded Vivado IP repository 'D:/Xilinx/Vivado/2019.2/data/ip'.
update_compile_order -fileset sources_1
launch_simulation
Command: launch_simulation 
INFO: [Vivado 12-5682] Launching behavioral simulation in 'D:/FPGA_Learning_Journey/Pro/SPI_FLASH/project_se/project_se.sim/sim_1/behav/xsim'
INFO: [SIM-utils-51] Simulation object is 'sim_1'
INFO: [SIM-utils-54] Inspecting design source files for 'flash_se_ctrl_tb' in fileset 'sim_1'...
INFO: [USF-XSim-97] Finding global include files...
INFO: [USF-XSim-98] Fetching design files from 'sim_1'...
INFO: [USF-XSim-2] XSim::Compile design
INFO: [USF-XSim-61] Executing 'COMPILE and ANALYZE' step in 'D:/FPGA_Learning_Journey/Pro/SPI_FLASH/project_se/project_se.sim/sim_1/behav/xsim'
"xvlog --incr --relax -prj flash_se_ctrl_tb_vlog.prj"
INFO: [VRFC 10-2263] Analyzing Verilog file "D:/FPGA_Learning_Journey/Pro/SPI_FLASH/src/se/flash_se_ctrl.v" into library xil_defaultlib
INFO: [VRFC 10-311] analyzing module flash_se_ctrl
INFO: [VRFC 10-2263] Analyzing Verilog file "D:/FPGA_Learning_Journey/Pro/SPI_FLASH/src/se/flash_se_ctrl_tb.v" into library xil_defaultlib
INFO: [VRFC 10-311] analyzing module flash_se_ctrl_tb
INFO: [USF-XSim-69] 'compile' step finished in '1' seconds
INFO: [USF-XSim-3] XSim::Elaborate design
INFO: [USF-XSim-61] Executing 'ELABORATE' step in 'D:/FPGA_Learning_Journey/Pro/SPI_FLASH/project_se/project_se.sim/sim_1/behav/xsim'
"xelab -wto de8cde745b83447087c015c0ea7ecaf8 --incr --debug typical --relax --mt 2 -L xil_defaultlib -L unisims_ver -L unimacro_ver -L secureip --snapshot flash_se_ctrl_tb_behav xil_defaultlib.flash_se_ctrl_tb xil_defaultlib.glbl -log elaborate.log"
Vivado Simulator 2019.2
Copyright 1986-1999, 2001-2019 Xilinx, Inc. All Rights Reserved.
Running: D:/Xilinx/Vivado/2019.2/bin/unwrapped/win64.o/xelab.exe -wto de8cde745b83447087c015c0ea7ecaf8 --incr --debug typical --relax --mt 2 -L xil_defaultlib -L unisims_ver -L unimacro_ver -L secureip --snapshot flash_se_ctrl_tb_behav xil_defaultlib.flash_se_ctrl_tb xil_defaultlib.glbl -log elaborate.log 
Using 2 slave threads.
Starting static elaboration
Pass Through NonSizing Optimizer
Completed static elaboration
Starting simulation data flow analysis
WARNING: [XSIM 43-4100] "D:/FPGA_Learning_Journey/Pro/SPI_FLASH/project_se/project_se.sim/sim_1/behav/xsim/glbl.v" Line 6. Module glbl has a timescale but at least one module in design doesn't have timescale.
Completed simulation data flow analysis
Time Resolution for simulation is 1ps
Compiling module xil_defaultlib.flash_se_ctrl
Compiling module xil_defaultlib.flash_se_ctrl_tb
Compiling module xil_defaultlib.glbl
Built simulation snapshot flash_se_ctrl_tb_behav
INFO: [USF-XSim-69] 'elaborate' step finished in '1' seconds
INFO: [USF-XSim-4] XSim::Simulate design
INFO: [USF-XSim-61] Executing 'SIMULATE' step in 'D:/FPGA_Learning_Journey/Pro/SPI_FLASH/project_se/project_se.sim/sim_1/behav/xsim'
INFO: [USF-XSim-98] *** Running xsim
   with args "flash_se_ctrl_tb_behav -key {Behavioral:sim_1:Functional:flash_se_ctrl_tb} -tclbatch {flash_se_ctrl_tb.tcl} -log {simulate.log}"
INFO: [USF-XSim-8] Loading simulator feature
Vivado Simulator 2019.2
Time resolution is 1 ps
source flash_se_ctrl_tb.tcl
# set curr_wave [current_wave_config]
# if { [string length $curr_wave] == 0 } {
#   if { [llength [get_objects]] > 0} {
#     add_wave /
#     set_property needs_save false [current_wave_config]
#   } else {
#      send_msg_id Add_Wave-1 WARNING "No top level signals found. Simulator will start without a wave window. If you want to open a wave window go to 'File->New Waveform Configuration' or type 'create_wave_config' in the TCL console."
#   }
# }
# run 1000ns
INFO: [USF-XSim-96] XSim completed. Design snapshot 'flash_se_ctrl_tb_behav' loaded.
INFO: [USF-XSim-97] XSim simulation ran for 1000ns
run 50 us
current_wave_config {Untitled 1}
Untitled 1
add_wave {{/flash_se_ctrl_tb/flash_se_ctrl_inst}} 
run 50 us
run 50 us
relaunch_sim
Command: launch_simulation -simset sim_1 -mode behavioral
INFO: [Vivado 12-5682] Launching behavioral simulation in 'D:/FPGA_Learning_Journey/Pro/SPI_FLASH/project_se/project_se.sim/sim_1/behav/xsim'
INFO: [SIM-utils-51] Simulation object is 'sim_1'
INFO: [SIM-utils-54] Inspecting design source files for 'flash_se_ctrl_tb' in fileset 'sim_1'...
INFO: [USF-XSim-97] Finding global include files...
INFO: [USF-XSim-98] Fetching design files from 'sim_1'...
INFO: [USF-XSim-2] XSim::Compile design
INFO: [USF-XSim-61] Executing 'COMPILE and ANALYZE' step in 'D:/FPGA_Learning_Journey/Pro/SPI_FLASH/project_se/project_se.sim/sim_1/behav/xsim'
"xvlog --incr --relax -prj flash_se_ctrl_tb_vlog.prj"
INFO: [USF-XSim-69] 'compile' step finished in '1' seconds
Command: launch_simulation -simset sim_1 -mode behavioral
INFO: [Vivado 12-5682] Launching behavioral simulation in 'D:/FPGA_Learning_Journey/Pro/SPI_FLASH/project_se/project_se.sim/sim_1/behav/xsim'
INFO: [USF-XSim-3] XSim::Elaborate design
INFO: [USF-XSim-61] Executing 'ELABORATE' step in 'D:/FPGA_Learning_Journey/Pro/SPI_FLASH/project_se/project_se.sim/sim_1/behav/xsim'
"xelab -wto de8cde745b83447087c015c0ea7ecaf8 --incr --debug typical --relax --mt 2 -L xil_defaultlib -L unisims_ver -L unimacro_ver -L secureip --snapshot flash_se_ctrl_tb_behav xil_defaultlib.flash_se_ctrl_tb xil_defaultlib.glbl -log elaborate.log"
Vivado Simulator 2019.2
Copyright 1986-1999, 2001-2019 Xilinx, Inc. All Rights Reserved.
Running: D:/Xilinx/Vivado/2019.2/bin/unwrapped/win64.o/xelab.exe -wto de8cde745b83447087c015c0ea7ecaf8 --incr --debug typical --relax --mt 2 -L xil_defaultlib -L unisims_ver -L unimacro_ver -L secureip --snapshot flash_se_ctrl_tb_behav xil_defaultlib.flash_se_ctrl_tb xil_defaultlib.glbl -log elaborate.log 
Using 2 slave threads.
Starting static elaboration
Pass Through NonSizing Optimizer
Completed static elaboration
INFO: [XSIM 43-4323] No Change in HDL. Linking previously generated obj files to create kernel
INFO: [USF-XSim-69] 'elaborate' step finished in '1' seconds
Vivado Simulator 2019.2
Time resolution is 1 ps
run 50 us
relaunch_sim
Command: launch_simulation -simset sim_1 -mode behavioral
INFO: [Vivado 12-5682] Launching behavioral simulation in 'D:/FPGA_Learning_Journey/Pro/SPI_FLASH/project_se/project_se.sim/sim_1/behav/xsim'
INFO: [SIM-utils-51] Simulation object is 'sim_1'
INFO: [SIM-utils-54] Inspecting design source files for 'flash_se_ctrl_tb' in fileset 'sim_1'...
INFO: [USF-XSim-97] Finding global include files...
INFO: [USF-XSim-98] Fetching design files from 'sim_1'...
INFO: [USF-XSim-2] XSim::Compile design
INFO: [USF-XSim-61] Executing 'COMPILE and ANALYZE' step in 'D:/FPGA_Learning_Journey/Pro/SPI_FLASH/project_se/project_se.sim/sim_1/behav/xsim'
"xvlog --incr --relax -prj flash_se_ctrl_tb_vlog.prj"
INFO: [VRFC 10-2263] Analyzing Verilog file "D:/FPGA_Learning_Journey/Pro/SPI_FLASH/src/se/flash_se_ctrl.v" into library xil_defaultlib
INFO: [VRFC 10-311] analyzing module flash_se_ctrl
INFO: [VRFC 10-2263] Analyzing Verilog file "D:/FPGA_Learning_Journey/Pro/SPI_FLASH/src/se/flash_se_ctrl_tb.v" into library xil_defaultlib
INFO: [VRFC 10-311] analyzing module flash_se_ctrl_tb
INFO: [USF-XSim-69] 'compile' step finished in '1' seconds
Command: launch_simulation -simset sim_1 -mode behavioral
INFO: [Vivado 12-5682] Launching behavioral simulation in 'D:/FPGA_Learning_Journey/Pro/SPI_FLASH/project_se/project_se.sim/sim_1/behav/xsim'
INFO: [USF-XSim-3] XSim::Elaborate design
INFO: [USF-XSim-61] Executing 'ELABORATE' step in 'D:/FPGA_Learning_Journey/Pro/SPI_FLASH/project_se/project_se.sim/sim_1/behav/xsim'
"xelab -wto de8cde745b83447087c015c0ea7ecaf8 --incr --debug typical --relax --mt 2 -L xil_defaultlib -L unisims_ver -L unimacro_ver -L secureip --snapshot flash_se_ctrl_tb_behav xil_defaultlib.flash_se_ctrl_tb xil_defaultlib.glbl -log elaborate.log"
Vivado Simulator 2019.2
Copyright 1986-1999, 2001-2019 Xilinx, Inc. All Rights Reserved.
Running: D:/Xilinx/Vivado/2019.2/bin/unwrapped/win64.o/xelab.exe -wto de8cde745b83447087c015c0ea7ecaf8 --incr --debug typical --relax --mt 2 -L xil_defaultlib -L unisims_ver -L unimacro_ver -L secureip --snapshot flash_se_ctrl_tb_behav xil_defaultlib.flash_se_ctrl_tb xil_defaultlib.glbl -log elaborate.log 
Using 2 slave threads.
Starting static elaboration
Pass Through NonSizing Optimizer
Completed static elaboration
Starting simulation data flow analysis
WARNING: [XSIM 43-4100] "D:/FPGA_Learning_Journey/Pro/SPI_FLASH/project_se/project_se.sim/sim_1/behav/xsim/glbl.v" Line 6. Module glbl has a timescale but at least one module in design doesn't have timescale.
Completed simulation data flow analysis
Time Resolution for simulation is 1ps
Compiling module xil_defaultlib.flash_se_ctrl
Compiling module xil_defaultlib.flash_se_ctrl_tb
Compiling module xil_defaultlib.glbl
Built simulation snapshot flash_se_ctrl_tb_behav
INFO: [USF-XSim-69] 'elaborate' step finished in '1' seconds
Vivado Simulator 2019.2
Time resolution is 1 ps
run 50 us
relaunch_sim
Command: launch_simulation -simset sim_1 -mode behavioral
INFO: [Vivado 12-5682] Launching behavioral simulation in 'D:/FPGA_Learning_Journey/Pro/SPI_FLASH/project_se/project_se.sim/sim_1/behav/xsim'
INFO: [SIM-utils-51] Simulation object is 'sim_1'
INFO: [SIM-utils-54] Inspecting design source files for 'flash_se_ctrl_tb' in fileset 'sim_1'...
INFO: [USF-XSim-97] Finding global include files...
INFO: [USF-XSim-98] Fetching design files from 'sim_1'...
INFO: [USF-XSim-2] XSim::Compile design
INFO: [USF-XSim-61] Executing 'COMPILE and ANALYZE' step in 'D:/FPGA_Learning_Journey/Pro/SPI_FLASH/project_se/project_se.sim/sim_1/behav/xsim'
"xvlog --incr --relax -prj flash_se_ctrl_tb_vlog.prj"
INFO: [VRFC 10-2263] Analyzing Verilog file "D:/FPGA_Learning_Journey/Pro/SPI_FLASH/src/se/flash_se_ctrl.v" into library xil_defaultlib
INFO: [VRFC 10-311] analyzing module flash_se_ctrl
INFO: [VRFC 10-2263] Analyzing Verilog file "D:/FPGA_Learning_Journey/Pro/SPI_FLASH/src/se/flash_se_ctrl_tb.v" into library xil_defaultlib
INFO: [VRFC 10-311] analyzing module flash_se_ctrl_tb
INFO: [USF-XSim-69] 'compile' step finished in '1' seconds
Command: launch_simulation -simset sim_1 -mode behavioral
INFO: [Vivado 12-5682] Launching behavioral simulation in 'D:/FPGA_Learning_Journey/Pro/SPI_FLASH/project_se/project_se.sim/sim_1/behav/xsim'
INFO: [USF-XSim-3] XSim::Elaborate design
INFO: [USF-XSim-61] Executing 'ELABORATE' step in 'D:/FPGA_Learning_Journey/Pro/SPI_FLASH/project_se/project_se.sim/sim_1/behav/xsim'
"xelab -wto de8cde745b83447087c015c0ea7ecaf8 --incr --debug typical --relax --mt 2 -L xil_defaultlib -L unisims_ver -L unimacro_ver -L secureip --snapshot flash_se_ctrl_tb_behav xil_defaultlib.flash_se_ctrl_tb xil_defaultlib.glbl -log elaborate.log"
Vivado Simulator 2019.2
Copyright 1986-1999, 2001-2019 Xilinx, Inc. All Rights Reserved.
Running: D:/Xilinx/Vivado/2019.2/bin/unwrapped/win64.o/xelab.exe -wto de8cde745b83447087c015c0ea7ecaf8 --incr --debug typical --relax --mt 2 -L xil_defaultlib -L unisims_ver -L unimacro_ver -L secureip --snapshot flash_se_ctrl_tb_behav xil_defaultlib.flash_se_ctrl_tb xil_defaultlib.glbl -log elaborate.log 
Using 2 slave threads.
Starting static elaboration
Pass Through NonSizing Optimizer
Completed static elaboration
Starting simulation data flow analysis
WARNING: [XSIM 43-4100] "D:/FPGA_Learning_Journey/Pro/SPI_FLASH/project_se/project_se.sim/sim_1/behav/xsim/glbl.v" Line 6. Module glbl has a timescale but at least one module in design doesn't have timescale.
Completed simulation data flow analysis
Time Resolution for simulation is 1ps
Compiling module xil_defaultlib.flash_se_ctrl
Compiling module xil_defaultlib.flash_se_ctrl_tb
Compiling module xil_defaultlib.glbl
Built simulation snapshot flash_se_ctrl_tb_behav
INFO: [USF-XSim-69] 'elaborate' step finished in '2' seconds
Vivado Simulator 2019.2
Time resolution is 1 ps
relaunch_sim: Time (s): cpu = 00:00:01 ; elapsed = 00:00:08 . Memory (MB): peak = 971.848 ; gain = 0.000
run 50 us
reset_run synth_1
WARNING: [Vivado 12-1017] Problems encountered:
1. Failed to delete one or more files in run directory D:/FPGA_Learning_Journey/Pro/SPI_FLASH/project_se/project_se.runs/synth_1

launch_runs impl_1 -to_step write_bitstream -jobs 12
[Tue Jan 28 21:28:53 2025] Launched synth_1...
Run output will be captured here: D:/FPGA_Learning_Journey/Pro/SPI_FLASH/project_se/project_se.runs/synth_1/runme.log
[Tue Jan 28 21:28:53 2025] Launched impl_1...
Run output will be captured here: D:/FPGA_Learning_Journey/Pro/SPI_FLASH/project_se/project_se.runs/impl_1/runme.log
open_run synth_1 -name synth_1
Design is defaulting to impl run constrset: constrs_1
Design is defaulting to synth run part: xc7z010clg400-1
INFO: [Device 21-403] Loading part xc7z010clg400-1
Netlist sorting complete. Time (s): cpu = 00:00:00 ; elapsed = 00:00:00 . Memory (MB): peak = 1246.258 ; gain = 0.000
INFO: [Project 1-479] Netlist was created with Vivado 2019.2
INFO: [Project 1-570] Preparing netlist for logic optimization
Parsing XDC File [D:/FPGA_Learning_Journey/Pro/SPI_FLASH/project_se/project_se.srcs/constrs_1/new/se.xdc]
WARNING: [Vivado 12-584] No ports matched 'key_in'. [D:/FPGA_Learning_Journey/Pro/SPI_FLASH/project_se/project_se.srcs/constrs_1/new/se.xdc:2]
CRITICAL WARNING: [Common 17-55] 'set_property' expects at least one object. [D:/FPGA_Learning_Journey/Pro/SPI_FLASH/project_se/project_se.srcs/constrs_1/new/se.xdc:2]
Resolution: If [get_<value>] was used to populate the object, check to make sure this command returns at least one valid object.
WARNING: [Vivado 12-584] No ports matched 'key_in'. [D:/FPGA_Learning_Journey/Pro/SPI_FLASH/project_se/project_se.srcs/constrs_1/new/se.xdc:9]
CRITICAL WARNING: [Common 17-55] 'set_property' expects at least one object. [D:/FPGA_Learning_Journey/Pro/SPI_FLASH/project_se/project_se.srcs/constrs_1/new/se.xdc:9]
Resolution: If [get_<value>] was used to populate the object, check to make sure this command returns at least one valid object.
Finished Parsing XDC File [D:/FPGA_Learning_Journey/Pro/SPI_FLASH/project_se/project_se.srcs/constrs_1/new/se.xdc]
INFO: [Opt 31-138] Pushed 0 inverter(s) to 0 load pin(s).
Netlist sorting complete. Time (s): cpu = 00:00:00 ; elapsed = 00:00:00 . Memory (MB): peak = 1327.754 ; gain = 0.000
INFO: [Project 1-111] Unisim Transformation Summary:
No Unisim elements were transformed.

open_run: Time (s): cpu = 00:00:09 ; elapsed = 00:00:06 . Memory (MB): peak = 1459.117 ; gain = 349.965
place_ports key G19
set_property target_constrs_file D:/FPGA_Learning_Journey/Pro/SPI_FLASH/project_se/project_se.srcs/constrs_1/new/se.xdc [current_fileset -constrset]
save_constraints -force
reset_run impl_1
launch_runs impl_1 -to_step write_bitstream -jobs 12
Netlist sorting complete. Time (s): cpu = 00:00:00 ; elapsed = 00:00:00 . Memory (MB): peak = 1934.219 ; gain = 0.000
INFO: [Timing 38-480] Writing timing data to binary archive.
Writing placer database...
Writing XDEF routing.
Writing XDEF routing logical nets.
Writing XDEF routing special nets.
Write XDEF Complete: Time (s): cpu = 00:00:01 ; elapsed = 00:00:00.030 . Memory (MB): peak = 1944.164 ; gain = 9.945
[Tue Jan 28 21:38:12 2025] Launched impl_1...
Run output will be captured here: D:/FPGA_Learning_Journey/Pro/SPI_FLASH/project_se/project_se.runs/impl_1/runme.log
set_property top spi_flash_se [current_fileset]
update_compile_order -fileset sources_1
reset_run synth_1
WARNING: [Vivado 12-1017] Problems encountered:
1. Failed to delete one or more files in run directory D:/FPGA_Learning_Journey/Pro/SPI_FLASH/project_se/project_se.runs/synth_1

launch_runs impl_1 -to_step write_bitstream -jobs 12
WARNING: [Project 1-478] Design 'synth_1' is stale and will not be used when launching 'impl_1'
[Tue Jan 28 21:39:53 2025] Launched synth_1...
Run output will be captured here: D:/FPGA_Learning_Journey/Pro/SPI_FLASH/project_se/project_se.runs/synth_1/runme.log
[Tue Jan 28 21:39:53 2025] Launched impl_1...
Run output will be captured here: D:/FPGA_Learning_Journey/Pro/SPI_FLASH/project_se/project_se.runs/impl_1/runme.log
open_hw_manager
connect_hw_server -allow_non_jtag
INFO: [Labtools 27-2285] Connecting to hw_server url TCP:localhost:3121
INFO: [Labtools 27-2222] Launching hw_server...
INFO: [Labtools 27-2221] Launch Output:

****** Xilinx hw_server v2019.2
  **** Build date : Nov  6 2019 at 22:12:23
    ** Copyright 1986-2019 Xilinx, Inc. All Rights Reserved.


INFO: [Labtools 27-3415] Connecting to cs_server url TCP:localhost:3042
INFO: [Labtools 27-3417] Launching cs_server...
INFO: [Labtools 27-2221] Launch Output:


****** Xilinx cs_server v2019.2.0
  **** Build date : Nov 07 2019-13:28:22
    ** Copyright 2017-2019 Xilinx, Inc. All Rights Reserved.



connect_hw_server: Time (s): cpu = 00:00:00 ; elapsed = 00:00:07 . Memory (MB): peak = 1965.191 ; gain = 13.812
open_hw_target
INFO: [Labtoolstcl 44-466] Opening hw_target localhost:3121/xilinx_tcf/Digilent/210299847714
set_property PROGRAM.FILE {D:/FPGA_Learning_Journey/Pro/SPI_FLASH/project_se/project_se.runs/impl_1/spi_flash_se.bit} [get_hw_devices xc7z010_1]
current_hw_device [get_hw_devices xc7z010_1]
refresh_hw_device -update_hw_probes false [lindex [get_hw_devices xc7z010_1] 0]
INFO: [Labtools 27-1434] Device xc7z010 (JTAG device index = 1) is programmed with a design that has no supported debug core(s) in it.
set_property PROBES.FILE {} [get_hw_devices xc7z010_1]
set_property FULL_PROBES.FILE {} [get_hw_devices xc7z010_1]
set_property PROGRAM.FILE {D:/FPGA_Learning_Journey/Pro/SPI_FLASH/project_se/project_se.runs/impl_1/spi_flash_se.bit} [get_hw_devices xc7z010_1]
program_hw_devices [get_hw_devices xc7z010_1]
INFO: [Labtools 27-3164] End of startup status: HIGH
refresh_hw_device [lindex [get_hw_devices xc7z010_1] 0]
INFO: [Labtools 27-1434] Device xc7z010 (JTAG device index = 1) is programmed with a design that has no supported debug core(s) in it.
WARNING: [Labtoolstcl 44-129] No matching hw_ila_data was found.
set_property SOURCE_SET sources_1 [get_filesets sim_1]
add_files -fileset sim_1 -norecurse D:/FPGA_Learning_Journey/Pro/SPI_FLASH/src/se/spi_flash_se_tb.v
update_compile_order -fileset sim_1
set_property top spi_flash_se_tb [get_filesets sim_1]
set_property top_lib xil_defaultlib [get_filesets sim_1]
update_compile_order -fileset sim_1
launch_simulation
Command: launch_simulation 
boost::filesystem::remove: 另一个程序正在使用此文件，进程无法访问。: "D:/FPGA_Learning_Journey/Pro/SPI_FLASH/project_se/project_se.sim/sim_1/behav/xsim/simulate.log"
close_sim
INFO: [Simtcl 6-16] Simulation closed
launch_simulation
Command: launch_simulation 
boost::filesystem::remove: 另一个程序正在使用此文件，进程无法访问。: "D:/FPGA_Learning_Journey/Pro/SPI_FLASH/project_se/project_se.sim/sim_1/behav/xsim/simulate.log"
exit
INFO: [Common 17-206] Exiting Vivado at Tue Jan 28 21:53:19 2025...
