Copyright 1986-2019 Xilinx, Inc. All Rights Reserved.
--------------------------------------------------------------------------------------
| Tool Version : Vivado v.2019.2 (win64) Build 2708876 Wed Nov  6 21:40:23 MST 2019
| Date         : Wed Feb 12 16:08:24 2025
| Host         : DESKTOP-I8GGJRG running 64-bit major release  (build 9200)
| Command      : report_control_sets -verbose -file hdmi_char_control_sets_placed.rpt
| Design       : hdmi_char
| Device       : xc7a35t
--------------------------------------------------------------------------------------

Control Set Information

Table of Contents
-----------------
1. Summary
2. Histogram
3. Flip-Flop Distribution
4. Detailed Control Set Information

1. Summary
----------

+----------------------------------------------------------+-------+
|                          Status                          | Count |
+----------------------------------------------------------+-------+
| Total control sets                                       |     5 |
|    Minimum number of control sets                        |     5 |
|    Addition due to synthesis replication                 |     0 |
|    Addition due to physical synthesis replication        |     0 |
| Unused register locations in slices containing registers |    20 |
+----------------------------------------------------------+-------+
* Control sets can be merged at opt_design using control_set_merge or merge_equivalent_drivers
** Run report_qor_suggestions for automated merging and remapping suggestions


2. Histogram
------------

+--------------------+-------+
|       Fanout       | Count |
+--------------------+-------+
| Total control sets |     5 |
| >= 0 to < 4        |     0 |
| >= 4 to < 6        |     1 |
| >= 6 to < 8        |     0 |
| >= 8 to < 10       |     0 |
| >= 10 to < 12      |     2 |
| >= 12 to < 14      |     0 |
| >= 14 to < 16      |     0 |
| >= 16              |     2 |
+--------------------+-------+
* Control sets can be remapped at either synth_design or opt_design


3. Flip-Flop Distribution
-------------------------

+--------------+-----------------------+------------------------+-----------------+--------------+
| Clock Enable | Synchronous Set/Reset | Asynchronous Set/Reset | Total Registers | Total Slices |
+--------------+-----------------------+------------------------+-----------------+--------------+
| No           | No                    | No                     |              55 |           11 |
| No           | No                    | Yes                    |              28 |           11 |
| No           | Yes                   | No                     |              15 |            5 |
| Yes          | No                    | No                     |               0 |            0 |
| Yes          | No                    | Yes                    |               0 |            0 |
| Yes          | Yes                   | No                     |              10 |            5 |
+--------------+-----------------------+------------------------+-----------------+--------------+


4. Detailed Control Set Information
-----------------------------------

+-----------------------------------------+---------------------------------------+-------------------------------------+------------------+----------------+
|               Clock Signal              |             Enable Signal             |           Set/Reset Signal          | Slice Load Count | Bel Load Count |
+-----------------------------------------+---------------------------------------+-------------------------------------+------------------+----------------+
|  clk_gen_inst/clk_wiz_0_inst/inst/c1_5x |                                       | hdmi_ctrl_inst/par2ser_inst4/p_4_in |                1 |              5 |
|  clk_gen_inst/clk_wiz_0_inst/inst/c0_1x |                                       |                                     |                4 |             10 |
|  clk_gen_inst/clk_wiz_0_inst/inst/c0_1x | vga_timing_ctrl_inst/v_cnt[9]_i_1_n_0 | clk_gen_inst/p_0_in                 |                5 |             10 |
|  clk_gen_inst/clk_wiz_0_inst/inst/c0_1x |                                       | clk_gen_inst/p_0_in                 |               15 |             38 |
|  clk_gen_inst/clk_wiz_0_inst/inst/c1_5x |                                       |                                     |                7 |             45 |
+-----------------------------------------+---------------------------------------+-------------------------------------+------------------+----------------+


