Copyright 1986-2019 Xilinx, Inc. All Rights Reserved.
--------------------------------------------------------------------------------------------------------------------------------------------------------------------------------
| Tool Version : Vivado v.2019.2 (win64) Build 2708876 Wed Nov  6 21:40:23 MST 2019
| Date         : Wed Jul  2 15:30:09 2025
| Host         : DESKTOP-I8GGJRG running 64-bit major release  (build 9200)
| Command      : report_timing_summary -max_paths 10 -file top_timing_summary_routed.rpt -pb top_timing_summary_routed.pb -rpx top_timing_summary_routed.rpx -warn_on_violation
| Design       : top
| Device       : 7a35t-fgg484
| Speed File   : -2  PRODUCTION 1.23 2018-06-13
--------------------------------------------------------------------------------------------------------------------------------------------------------------------------------

Timing Summary Report

------------------------------------------------------------------------------------------------
| Timer Settings
| --------------
------------------------------------------------------------------------------------------------

  Enable Multi Corner Analysis               :  Yes
  Enable Pessimism Removal                   :  Yes
  Pessimism Removal Resolution               :  Nearest Common Node
  Enable Input Delay Default Clock           :  No
  Enable Preset / Clear Arcs                 :  No
  Disable Flight Delays                      :  No
  Ignore I/O Paths                           :  No
  Timing Early Launch at Borrowing Latches   :  No
  Borrow Time for Max Delay Exceptions       :  Yes
  Merge Timing Exceptions                    :  Yes

  Corner  Analyze    Analyze    
  Name    Max Paths  Min Paths  
  ------  ---------  ---------  
  Slow    Yes        Yes        
  Fast    Yes        Yes        



check_timing report

Table of Contents
-----------------
1. checking no_clock
2. checking constant_clock
3. checking pulse_width_clock
4. checking unconstrained_internal_endpoints
5. checking no_input_delay
6. checking no_output_delay
7. checking multiple_clock
8. checking generated_clocks
9. checking loops
10. checking partial_input_delay
11. checking partial_output_delay
12. checking latch_loops

1. checking no_clock
--------------------
 There are 604 register/latch pins with no clock driven by root clock pin: ov5640_pclk (HIGH)

 There are 12746 register/latch pins with no clock driven by root clock pin: sys_clk (HIGH)

 There are 2 register/latch pins with no clock driven by root clock pin: fcnn_top_inst/MatrixMultiplier_100_10_inst/mac_res_fifo_inst0/U0/inst_fifo_gen/gconvfifo.rf/grf.rf/gntv_or_sync_fifo.gl0.rd/grss.gdc.dc/gsym_dc.dc/count_reg[0]/Q (HIGH)

 There are 2 register/latch pins with no clock driven by root clock pin: fcnn_top_inst/MatrixMultiplier_100_10_inst/mac_res_fifo_inst0/U0/inst_fifo_gen/gconvfifo.rf/grf.rf/gntv_or_sync_fifo.gl0.rd/grss.gdc.dc/gsym_dc.dc/count_reg[1]/Q (HIGH)

 There are 2 register/latch pins with no clock driven by root clock pin: fcnn_top_inst/MatrixMultiplier_100_10_inst/mac_res_fifo_inst0/U0/inst_fifo_gen/gconvfifo.rf/grf.rf/gntv_or_sync_fifo.gl0.rd/grss.gdc.dc/gsym_dc.dc/count_reg[2]/Q (HIGH)

 There are 2 register/latch pins with no clock driven by root clock pin: fcnn_top_inst/MatrixMultiplier_100_10_inst/mac_res_fifo_inst0/U0/inst_fifo_gen/gconvfifo.rf/grf.rf/gntv_or_sync_fifo.gl0.rd/grss.gdc.dc/gsym_dc.dc/count_reg[3]/Q (HIGH)

 There are 2 register/latch pins with no clock driven by root clock pin: fcnn_top_inst/MatrixMultiplier_100_10_inst/mac_res_fifo_inst0/U0/inst_fifo_gen/gconvfifo.rf/grf.rf/gntv_or_sync_fifo.gl0.rd/grss.gdc.dc/gsym_dc.dc/count_reg[4]/Q (HIGH)

 There are 2 register/latch pins with no clock driven by root clock pin: fcnn_top_inst/MatrixMultiplier_100_10_inst/mac_res_fifo_inst1/U0/inst_fifo_gen/gconvfifo.rf/grf.rf/gntv_or_sync_fifo.gl0.rd/grss.gdc.dc/gsym_dc.dc/count_reg[0]/Q (HIGH)

 There are 2 register/latch pins with no clock driven by root clock pin: fcnn_top_inst/MatrixMultiplier_100_10_inst/mac_res_fifo_inst1/U0/inst_fifo_gen/gconvfifo.rf/grf.rf/gntv_or_sync_fifo.gl0.rd/grss.gdc.dc/gsym_dc.dc/count_reg[1]/Q (HIGH)

 There are 2 register/latch pins with no clock driven by root clock pin: fcnn_top_inst/MatrixMultiplier_100_10_inst/mac_res_fifo_inst1/U0/inst_fifo_gen/gconvfifo.rf/grf.rf/gntv_or_sync_fifo.gl0.rd/grss.gdc.dc/gsym_dc.dc/count_reg[2]/Q (HIGH)

 There are 2 register/latch pins with no clock driven by root clock pin: fcnn_top_inst/MatrixMultiplier_100_10_inst/mac_res_fifo_inst1/U0/inst_fifo_gen/gconvfifo.rf/grf.rf/gntv_or_sync_fifo.gl0.rd/grss.gdc.dc/gsym_dc.dc/count_reg[3]/Q (HIGH)

 There are 2 register/latch pins with no clock driven by root clock pin: fcnn_top_inst/MatrixMultiplier_100_10_inst/mac_res_fifo_inst1/U0/inst_fifo_gen/gconvfifo.rf/grf.rf/gntv_or_sync_fifo.gl0.rd/grss.gdc.dc/gsym_dc.dc/count_reg[4]/Q (HIGH)

 There are 2 register/latch pins with no clock driven by root clock pin: fcnn_top_inst/MatrixMultiplier_100_10_inst/rd_mac_res_fifo_flag_reg/Q (HIGH)

 There are 5 register/latch pins with no clock driven by root clock pin: fcnn_top_inst/MatrixMultiplier_inst/mac_res_fifo_inst0/U0/inst_fifo_gen/gconvfifo.rf/grf.rf/gntv_or_sync_fifo.gl0.rd/grss.gdc.dc/gsym_dc.dc/count_reg[0]/Q (HIGH)

 There are 5 register/latch pins with no clock driven by root clock pin: fcnn_top_inst/MatrixMultiplier_inst/mac_res_fifo_inst0/U0/inst_fifo_gen/gconvfifo.rf/grf.rf/gntv_or_sync_fifo.gl0.rd/grss.gdc.dc/gsym_dc.dc/count_reg[1]/Q (HIGH)

 There are 5 register/latch pins with no clock driven by root clock pin: fcnn_top_inst/MatrixMultiplier_inst/mac_res_fifo_inst0/U0/inst_fifo_gen/gconvfifo.rf/grf.rf/gntv_or_sync_fifo.gl0.rd/grss.gdc.dc/gsym_dc.dc/count_reg[2]/Q (HIGH)

 There are 5 register/latch pins with no clock driven by root clock pin: fcnn_top_inst/MatrixMultiplier_inst/mac_res_fifo_inst0/U0/inst_fifo_gen/gconvfifo.rf/grf.rf/gntv_or_sync_fifo.gl0.rd/grss.gdc.dc/gsym_dc.dc/count_reg[3]/Q (HIGH)

 There are 5 register/latch pins with no clock driven by root clock pin: fcnn_top_inst/MatrixMultiplier_inst/mac_res_fifo_inst0/U0/inst_fifo_gen/gconvfifo.rf/grf.rf/gntv_or_sync_fifo.gl0.rd/grss.gdc.dc/gsym_dc.dc/count_reg[4]/Q (HIGH)

 There are 5 register/latch pins with no clock driven by root clock pin: fcnn_top_inst/MatrixMultiplier_inst/mac_res_fifo_inst1/U0/inst_fifo_gen/gconvfifo.rf/grf.rf/gntv_or_sync_fifo.gl0.rd/grss.gdc.dc/gsym_dc.dc/count_reg[0]/Q (HIGH)

 There are 5 register/latch pins with no clock driven by root clock pin: fcnn_top_inst/MatrixMultiplier_inst/mac_res_fifo_inst1/U0/inst_fifo_gen/gconvfifo.rf/grf.rf/gntv_or_sync_fifo.gl0.rd/grss.gdc.dc/gsym_dc.dc/count_reg[1]/Q (HIGH)

 There are 5 register/latch pins with no clock driven by root clock pin: fcnn_top_inst/MatrixMultiplier_inst/mac_res_fifo_inst1/U0/inst_fifo_gen/gconvfifo.rf/grf.rf/gntv_or_sync_fifo.gl0.rd/grss.gdc.dc/gsym_dc.dc/count_reg[2]/Q (HIGH)

 There are 5 register/latch pins with no clock driven by root clock pin: fcnn_top_inst/MatrixMultiplier_inst/mac_res_fifo_inst1/U0/inst_fifo_gen/gconvfifo.rf/grf.rf/gntv_or_sync_fifo.gl0.rd/grss.gdc.dc/gsym_dc.dc/count_reg[3]/Q (HIGH)

 There are 5 register/latch pins with no clock driven by root clock pin: fcnn_top_inst/MatrixMultiplier_inst/mac_res_fifo_inst1/U0/inst_fifo_gen/gconvfifo.rf/grf.rf/gntv_or_sync_fifo.gl0.rd/grss.gdc.dc/gsym_dc.dc/count_reg[4]/Q (HIGH)

 There are 5 register/latch pins with no clock driven by root clock pin: fcnn_top_inst/MatrixMultiplier_inst/mac_res_fifo_inst2/U0/inst_fifo_gen/gconvfifo.rf/grf.rf/gntv_or_sync_fifo.gl0.rd/grss.gdc.dc/gsym_dc.dc/count_reg[0]/Q (HIGH)

 There are 5 register/latch pins with no clock driven by root clock pin: fcnn_top_inst/MatrixMultiplier_inst/mac_res_fifo_inst2/U0/inst_fifo_gen/gconvfifo.rf/grf.rf/gntv_or_sync_fifo.gl0.rd/grss.gdc.dc/gsym_dc.dc/count_reg[1]/Q (HIGH)

 There are 5 register/latch pins with no clock driven by root clock pin: fcnn_top_inst/MatrixMultiplier_inst/mac_res_fifo_inst2/U0/inst_fifo_gen/gconvfifo.rf/grf.rf/gntv_or_sync_fifo.gl0.rd/grss.gdc.dc/gsym_dc.dc/count_reg[2]/Q (HIGH)

 There are 5 register/latch pins with no clock driven by root clock pin: fcnn_top_inst/MatrixMultiplier_inst/mac_res_fifo_inst2/U0/inst_fifo_gen/gconvfifo.rf/grf.rf/gntv_or_sync_fifo.gl0.rd/grss.gdc.dc/gsym_dc.dc/count_reg[3]/Q (HIGH)

 There are 5 register/latch pins with no clock driven by root clock pin: fcnn_top_inst/MatrixMultiplier_inst/mac_res_fifo_inst2/U0/inst_fifo_gen/gconvfifo.rf/grf.rf/gntv_or_sync_fifo.gl0.rd/grss.gdc.dc/gsym_dc.dc/count_reg[4]/Q (HIGH)

 There are 5 register/latch pins with no clock driven by root clock pin: fcnn_top_inst/MatrixMultiplier_inst/mac_res_fifo_inst3/U0/inst_fifo_gen/gconvfifo.rf/grf.rf/gntv_or_sync_fifo.gl0.rd/grss.gdc.dc/gsym_dc.dc/count_reg[0]/Q (HIGH)

 There are 5 register/latch pins with no clock driven by root clock pin: fcnn_top_inst/MatrixMultiplier_inst/mac_res_fifo_inst3/U0/inst_fifo_gen/gconvfifo.rf/grf.rf/gntv_or_sync_fifo.gl0.rd/grss.gdc.dc/gsym_dc.dc/count_reg[1]/Q (HIGH)

 There are 5 register/latch pins with no clock driven by root clock pin: fcnn_top_inst/MatrixMultiplier_inst/mac_res_fifo_inst3/U0/inst_fifo_gen/gconvfifo.rf/grf.rf/gntv_or_sync_fifo.gl0.rd/grss.gdc.dc/gsym_dc.dc/count_reg[2]/Q (HIGH)

 There are 5 register/latch pins with no clock driven by root clock pin: fcnn_top_inst/MatrixMultiplier_inst/mac_res_fifo_inst3/U0/inst_fifo_gen/gconvfifo.rf/grf.rf/gntv_or_sync_fifo.gl0.rd/grss.gdc.dc/gsym_dc.dc/count_reg[3]/Q (HIGH)

 There are 5 register/latch pins with no clock driven by root clock pin: fcnn_top_inst/MatrixMultiplier_inst/mac_res_fifo_inst3/U0/inst_fifo_gen/gconvfifo.rf/grf.rf/gntv_or_sync_fifo.gl0.rd/grss.gdc.dc/gsym_dc.dc/count_reg[4]/Q (HIGH)

 There are 5 register/latch pins with no clock driven by root clock pin: fcnn_top_inst/MatrixMultiplier_inst/mac_res_fifo_inst4/U0/inst_fifo_gen/gconvfifo.rf/grf.rf/gntv_or_sync_fifo.gl0.rd/grss.gdc.dc/gsym_dc.dc/count_reg[0]/Q (HIGH)

 There are 5 register/latch pins with no clock driven by root clock pin: fcnn_top_inst/MatrixMultiplier_inst/mac_res_fifo_inst4/U0/inst_fifo_gen/gconvfifo.rf/grf.rf/gntv_or_sync_fifo.gl0.rd/grss.gdc.dc/gsym_dc.dc/count_reg[1]/Q (HIGH)

 There are 5 register/latch pins with no clock driven by root clock pin: fcnn_top_inst/MatrixMultiplier_inst/mac_res_fifo_inst4/U0/inst_fifo_gen/gconvfifo.rf/grf.rf/gntv_or_sync_fifo.gl0.rd/grss.gdc.dc/gsym_dc.dc/count_reg[2]/Q (HIGH)

 There are 5 register/latch pins with no clock driven by root clock pin: fcnn_top_inst/MatrixMultiplier_inst/mac_res_fifo_inst4/U0/inst_fifo_gen/gconvfifo.rf/grf.rf/gntv_or_sync_fifo.gl0.rd/grss.gdc.dc/gsym_dc.dc/count_reg[3]/Q (HIGH)

 There are 5 register/latch pins with no clock driven by root clock pin: fcnn_top_inst/MatrixMultiplier_inst/mac_res_fifo_inst4/U0/inst_fifo_gen/gconvfifo.rf/grf.rf/gntv_or_sync_fifo.gl0.rd/grss.gdc.dc/gsym_dc.dc/count_reg[4]/Q (HIGH)

 There are 5 register/latch pins with no clock driven by root clock pin: fcnn_top_inst/MatrixMultiplier_inst/rd_mac_res_fifo_flag_reg/Q (HIGH)

 There are 2 register/latch pins with no clock driven by root clock pin: ov5640_top_inst/i2c_ctrl_inst/FSM_onehot_state_reg[0]/Q (HIGH)

 There are 2 register/latch pins with no clock driven by root clock pin: ov5640_top_inst/i2c_ctrl_inst/FSM_onehot_state_reg[10]/Q (HIGH)

 There are 2 register/latch pins with no clock driven by root clock pin: ov5640_top_inst/i2c_ctrl_inst/FSM_onehot_state_reg[11]/Q (HIGH)

 There are 2 register/latch pins with no clock driven by root clock pin: ov5640_top_inst/i2c_ctrl_inst/FSM_onehot_state_reg[12]/Q (HIGH)

 There are 2 register/latch pins with no clock driven by root clock pin: ov5640_top_inst/i2c_ctrl_inst/FSM_onehot_state_reg[13]/Q (HIGH)

 There are 2 register/latch pins with no clock driven by root clock pin: ov5640_top_inst/i2c_ctrl_inst/FSM_onehot_state_reg[14]/Q (HIGH)

 There is 1 register/latch pin with no clock driven by root clock pin: ov5640_top_inst/i2c_ctrl_inst/FSM_onehot_state_reg[15]/Q (HIGH)

 There are 2 register/latch pins with no clock driven by root clock pin: ov5640_top_inst/i2c_ctrl_inst/FSM_onehot_state_reg[1]/Q (HIGH)

 There are 2 register/latch pins with no clock driven by root clock pin: ov5640_top_inst/i2c_ctrl_inst/FSM_onehot_state_reg[2]/Q (HIGH)

 There are 2 register/latch pins with no clock driven by root clock pin: ov5640_top_inst/i2c_ctrl_inst/FSM_onehot_state_reg[3]/Q (HIGH)

 There are 2 register/latch pins with no clock driven by root clock pin: ov5640_top_inst/i2c_ctrl_inst/FSM_onehot_state_reg[6]/Q (HIGH)

 There is 1 register/latch pin with no clock driven by root clock pin: ov5640_top_inst/i2c_ctrl_inst/cnt_i2c_clk_reg[0]/Q (HIGH)

 There is 1 register/latch pin with no clock driven by root clock pin: ov5640_top_inst/i2c_ctrl_inst/cnt_i2c_clk_reg[1]/Q (HIGH)

 There are 51 register/latch pins with no clock driven by root clock pin: ov5640_top_inst/i2c_ctrl_inst/i2c_clk_reg/Q (HIGH)


2. checking constant_clock
--------------------------
 There are 0 register/latch pins with constant_clock.


3. checking pulse_width_clock
-----------------------------
 There are 0 register/latch pins which need pulse_width check


4. checking unconstrained_internal_endpoints
--------------------------------------------
 There are 36273 pins that are not constrained for maximum delay. (HIGH)

 There are 0 pins that are not constrained for maximum delay due to constant clock.


5. checking no_input_delay
--------------------------
 There are 29 input ports with no input delay specified. (HIGH)

 There are 0 input ports with no input delay but user has a false path constraint.


6. checking no_output_delay
---------------------------
 There are 72 ports with no output delay specified. (HIGH)

 There are 0 ports with no output delay but user has a false path constraint

 There are 0 ports with no output delay but with a timing clock defined on it or propagating through it


7. checking multiple_clock
--------------------------
 There are 0 register/latch pins with multiple clocks.


8. checking generated_clocks
----------------------------
 There are 0 generated clocks that are not connected to a clock source.


9. checking loops
-----------------
 There are 0 combinational loops in the design.


10. checking partial_input_delay
--------------------------------
 There are 0 input ports with partial input delay specified.


11. checking partial_output_delay
---------------------------------
 There are 0 ports with partial output delay specified.


12. checking latch_loops
------------------------
 There are 0 combinational latch loops in the design through latch input



------------------------------------------------------------------------------------------------
| Design Timing Summary
| ---------------------
------------------------------------------------------------------------------------------------

    WNS(ns)      TNS(ns)  TNS Failing Endpoints  TNS Total Endpoints      WHS(ns)      THS(ns)  THS Failing Endpoints  THS Total Endpoints     WPWS(ns)     TPWS(ns)  TPWS Failing Endpoints  TPWS Total Endpoints  
    -------      -------  ---------------------  -------------------      -------      -------  ---------------------  -------------------     --------     --------  ----------------------  --------------------  
      2.769        0.000                      0                   98           NA           NA                     NA                   NA           NA           NA                      NA                    NA  


All user specified timing constraints are met.


------------------------------------------------------------------------------------------------
| Clock Summary
| -------------
------------------------------------------------------------------------------------------------


------------------------------------------------------------------------------------------------
| Intra Clock Table
| -----------------
------------------------------------------------------------------------------------------------

Clock             WNS(ns)      TNS(ns)  TNS Failing Endpoints  TNS Total Endpoints      WHS(ns)      THS(ns)  THS Failing Endpoints  THS Total Endpoints     WPWS(ns)     TPWS(ns)  TPWS Failing Endpoints  TPWS Total Endpoints  
-----             -------      -------  ---------------------  -------------------      -------      -------  ---------------------  -------------------     --------     --------  ----------------------  --------------------  


------------------------------------------------------------------------------------------------
| Inter Clock Table
| -----------------
------------------------------------------------------------------------------------------------

From Clock    To Clock          WNS(ns)      TNS(ns)  TNS Failing Endpoints  TNS Total Endpoints      WHS(ns)      THS(ns)  THS Failing Endpoints  THS Total Endpoints  
----------    --------          -------      -------  ---------------------  -------------------      -------      -------  ---------------------  -------------------  


------------------------------------------------------------------------------------------------
| Other Path Groups Table
| -----------------------
------------------------------------------------------------------------------------------------

Path Group    From Clock    To Clock          WNS(ns)      TNS(ns)  TNS Failing Endpoints  TNS Total Endpoints      WHS(ns)      THS(ns)  THS Failing Endpoints  THS Total Endpoints  
----------    ----------    --------          -------      -------  ---------------------  -------------------      -------      -------  ---------------------  -------------------  
**default**                                     2.769        0.000                      0                   98                                                                        


------------------------------------------------------------------------------------------------
| Timing Details
| --------------
------------------------------------------------------------------------------------------------


---------------------------------------------------------------------------------------------------
Path Group:  **default**
From Clock:  
  To Clock:  

Setup :            0  Failing Endpoints,  Worst Slack        2.769ns,  Total Violation        0.000ns
Hold  :           NA  Failing Endpoints,  Worst Slack           NA  ,  Total Violation           NA
---------------------------------------------------------------------------------------------------


Max Delay Paths
--------------------------------------------------------------------------------------
Slack (MET) :             2.769ns  (required time - arrival time)
  Source:                 ddr_rw_inst/u_axi_ddr/u_axi_ddr_mig/u_ddr3_infrastructure/rstdiv0_sync_r1_reg_rep/C
                            (rising edge-triggered cell FDPE)
  Destination:            ddr_rw_inst/u_axi_ddr/u_axi_ddr_mig/u_memc_ui_top_axi/mem_intfc0/ddr_phy_top0/u_ddr_mc_phy_wrapper/u_ddr_mc_phy/ddr_phy_4lanes_0.u_ddr_phy_4lanes/phy_control_i/RESET
  Path Group:             **default**
  Path Type:              Max at Slow Process Corner
  Requirement:            5.000ns  (MaxDelay Path 5.000ns)
  Data Path Delay:        2.231ns  (logic 0.379ns (16.984%)  route 1.852ns (83.016%))
  Logic Levels:           1  (FDPE=1)
  Output Delay:           0.000ns
  Timing Exception:       MaxDelay Path 5.000ns -datapath_only

    Location             Delay type                Incr(ns)  Path(ns)    Netlist Resource(s)
  -------------------------------------------------------------------    -------------------
    SLICE_X36Y117        FDPE                         0.000     0.000 r  ddr_rw_inst/u_axi_ddr/u_axi_ddr_mig/u_ddr3_infrastructure/rstdiv0_sync_r1_reg_rep/C
    SLICE_X36Y117        FDPE (Prop_fdpe_C_Q)         0.379     0.379 r  ddr_rw_inst/u_axi_ddr/u_axi_ddr_mig/u_ddr3_infrastructure/rstdiv0_sync_r1_reg_rep/Q
                         net (fo=458, routed)         1.852     2.231    ddr_rw_inst/u_axi_ddr/u_axi_ddr_mig/u_memc_ui_top_axi/mem_intfc0/ddr_phy_top0/u_ddr_mc_phy_wrapper/u_ddr_mc_phy/ddr_phy_4lanes_0.u_ddr_phy_4lanes/in0
    PHY_CONTROL_X1Y1     PHY_CONTROL                                  r  ddr_rw_inst/u_axi_ddr/u_axi_ddr_mig/u_memc_ui_top_axi/mem_intfc0/ddr_phy_top0/u_ddr_mc_phy_wrapper/u_ddr_mc_phy/ddr_phy_4lanes_0.u_ddr_phy_4lanes/phy_control_i/RESET
  -------------------------------------------------------------------    -------------------

                         max delay                    5.000     5.000    
    PHY_CONTROL_X1Y1     PHY_CONTROL                  0.000     5.000    ddr_rw_inst/u_axi_ddr/u_axi_ddr_mig/u_memc_ui_top_axi/mem_intfc0/ddr_phy_top0/u_ddr_mc_phy_wrapper/u_ddr_mc_phy/ddr_phy_4lanes_0.u_ddr_phy_4lanes/phy_control_i
                         output delay                -0.000     5.000    
  -------------------------------------------------------------------
                         required time                          5.000    
                         arrival time                          -2.231    
  -------------------------------------------------------------------
                         slack                                  2.769    

Slack (MET) :             12.698ns  (required time - arrival time)
  Source:                 ddr_rw_inst/u_axi_ddr/u_axi_ddr_mig/u_ddr3_infrastructure/rstdiv0_sync_r1_reg_rep/C
                            (rising edge-triggered cell FDPE)
  Destination:            ddr_rw_inst/u_axi_ddr/u_axi_ddr_mig/temp_mon_enabled.u_tempmon/xadc_supplied_temperature.rst_r1_reg/D
  Path Group:             **default**
  Path Type:              Setup (Max at Slow Process Corner)
  Requirement:            20.000ns  (MaxDelay Path 20.000ns)
  Data Path Delay:        7.265ns  (logic 0.379ns (5.217%)  route 6.886ns (94.783%))
  Logic Levels:           1  (FDPE=1)
  Timing Exception:       MaxDelay Path 20.000ns -datapath_only

    Location             Delay type                Incr(ns)  Path(ns)    Netlist Resource(s)
  -------------------------------------------------------------------    -------------------
    SLICE_X36Y117        FDPE                         0.000     0.000 r  ddr_rw_inst/u_axi_ddr/u_axi_ddr_mig/u_ddr3_infrastructure/rstdiv0_sync_r1_reg_rep/C
    SLICE_X36Y117        FDPE (Prop_fdpe_C_Q)         0.379     0.379 r  ddr_rw_inst/u_axi_ddr/u_axi_ddr_mig/u_ddr3_infrastructure/rstdiv0_sync_r1_reg_rep/Q
                         net (fo=458, routed)         6.886     7.265    ddr_rw_inst/u_axi_ddr/u_axi_ddr_mig/temp_mon_enabled.u_tempmon/in0
    SLICE_X60Y97         FDRE                                         r  ddr_rw_inst/u_axi_ddr/u_axi_ddr_mig/temp_mon_enabled.u_tempmon/xadc_supplied_temperature.rst_r1_reg/D
  -------------------------------------------------------------------    -------------------

                         max delay                   20.000    20.000    
    SLICE_X60Y97         FDRE (Setup_fdre_C_D)       -0.037    19.963    ddr_rw_inst/u_axi_ddr/u_axi_ddr_mig/temp_mon_enabled.u_tempmon/xadc_supplied_temperature.rst_r1_reg
  -------------------------------------------------------------------
                         required time                         19.963    
                         arrival time                          -7.265    
  -------------------------------------------------------------------
                         slack                                 12.698    

Slack (MET) :             18.857ns  (required time - arrival time)
  Source:                 ddr_rw_inst/u_axi_ddr/u_axi_ddr_mig/temp_mon_enabled.u_tempmon/xadc_supplied_temperature.temperature_reg[5]/C
                            (rising edge-triggered cell FDRE)
  Destination:            ddr_rw_inst/u_axi_ddr/u_axi_ddr_mig/temp_mon_enabled.u_tempmon/device_temp_sync_r1_reg[5]/D
  Path Group:             **default**
  Path Type:              Setup (Max at Slow Process Corner)
  Requirement:            20.000ns  (MaxDelay Path 20.000ns)
  Data Path Delay:        0.981ns  (logic 0.398ns (40.567%)  route 0.583ns (59.433%))
  Logic Levels:           1  (FDRE=1)
  Timing Exception:       MaxDelay Path 20.000ns

    Location             Delay type                Incr(ns)  Path(ns)    Netlist Resource(s)
  -------------------------------------------------------------------    -------------------
    SLICE_X56Y91         FDRE                         0.000     0.000 r  ddr_rw_inst/u_axi_ddr/u_axi_ddr_mig/temp_mon_enabled.u_tempmon/xadc_supplied_temperature.temperature_reg[5]/C
    SLICE_X56Y91         FDRE (Prop_fdre_C_Q)         0.398     0.398 r  ddr_rw_inst/u_axi_ddr/u_axi_ddr_mig/temp_mon_enabled.u_tempmon/xadc_supplied_temperature.temperature_reg[5]/Q
                         net (fo=1, routed)           0.583     0.981    ddr_rw_inst/u_axi_ddr/u_axi_ddr_mig/temp_mon_enabled.u_tempmon/device_temp_lcl[5]
    SLICE_X58Y90         FDRE                                         r  ddr_rw_inst/u_axi_ddr/u_axi_ddr_mig/temp_mon_enabled.u_tempmon/device_temp_sync_r1_reg[5]/D
  -------------------------------------------------------------------    -------------------

                         max delay                   20.000    20.000    
                         clock pessimism              0.000    20.000    
    SLICE_X58Y90         FDRE (Setup_fdre_C_D)       -0.162    19.838    ddr_rw_inst/u_axi_ddr/u_axi_ddr_mig/temp_mon_enabled.u_tempmon/device_temp_sync_r1_reg[5]
  -------------------------------------------------------------------
                         required time                         19.838    
                         arrival time                          -0.981    
  -------------------------------------------------------------------
                         slack                                 18.857    

Slack (MET) :             18.892ns  (required time - arrival time)
  Source:                 ddr_rw_inst/u_axi_ddr/u_axi_ddr_mig/temp_mon_enabled.u_tempmon/xadc_supplied_temperature.temperature_reg[2]/C
                            (rising edge-triggered cell FDRE)
  Destination:            ddr_rw_inst/u_axi_ddr/u_axi_ddr_mig/temp_mon_enabled.u_tempmon/device_temp_sync_r1_reg[2]/D
  Path Group:             **default**
  Path Type:              Setup (Max at Slow Process Corner)
  Requirement:            20.000ns  (MaxDelay Path 20.000ns)
  Data Path Delay:        0.977ns  (logic 0.398ns (40.757%)  route 0.579ns (59.243%))
  Logic Levels:           1  (FDRE=1)
  Timing Exception:       MaxDelay Path 20.000ns

    Location             Delay type                Incr(ns)  Path(ns)    Netlist Resource(s)
  -------------------------------------------------------------------    -------------------
    SLICE_X56Y91         FDRE                         0.000     0.000 r  ddr_rw_inst/u_axi_ddr/u_axi_ddr_mig/temp_mon_enabled.u_tempmon/xadc_supplied_temperature.temperature_reg[2]/C
    SLICE_X56Y91         FDRE (Prop_fdre_C_Q)         0.398     0.398 r  ddr_rw_inst/u_axi_ddr/u_axi_ddr_mig/temp_mon_enabled.u_tempmon/xadc_supplied_temperature.temperature_reg[2]/Q
                         net (fo=1, routed)           0.579     0.977    ddr_rw_inst/u_axi_ddr/u_axi_ddr_mig/temp_mon_enabled.u_tempmon/device_temp_lcl[2]
    SLICE_X60Y90         FDRE                                         r  ddr_rw_inst/u_axi_ddr/u_axi_ddr_mig/temp_mon_enabled.u_tempmon/device_temp_sync_r1_reg[2]/D
  -------------------------------------------------------------------    -------------------

                         max delay                   20.000    20.000    
                         clock pessimism              0.000    20.000    
    SLICE_X60Y90         FDRE (Setup_fdre_C_D)       -0.131    19.869    ddr_rw_inst/u_axi_ddr/u_axi_ddr_mig/temp_mon_enabled.u_tempmon/device_temp_sync_r1_reg[2]
  -------------------------------------------------------------------
                         required time                         19.869    
                         arrival time                          -0.977    
  -------------------------------------------------------------------
                         slack                                 18.892    

Slack (MET) :             19.056ns  (required time - arrival time)
  Source:                 ddr_rw_inst/u_axi_ddr/u_axi_ddr_mig/temp_mon_enabled.u_tempmon/xadc_supplied_temperature.temperature_reg[1]/C
                            (rising edge-triggered cell FDRE)
  Destination:            ddr_rw_inst/u_axi_ddr/u_axi_ddr_mig/temp_mon_enabled.u_tempmon/device_temp_sync_r1_reg[1]/D
  Path Group:             **default**
  Path Type:              Setup (Max at Slow Process Corner)
  Requirement:            20.000ns  (MaxDelay Path 20.000ns)
  Data Path Delay:        0.940ns  (logic 0.433ns (46.073%)  route 0.507ns (53.927%))
  Logic Levels:           1  (FDRE=1)
  Timing Exception:       MaxDelay Path 20.000ns

    Location             Delay type                Incr(ns)  Path(ns)    Netlist Resource(s)
  -------------------------------------------------------------------    -------------------
    SLICE_X56Y91         FDRE                         0.000     0.000 r  ddr_rw_inst/u_axi_ddr/u_axi_ddr_mig/temp_mon_enabled.u_tempmon/xadc_supplied_temperature.temperature_reg[1]/C
    SLICE_X56Y91         FDRE (Prop_fdre_C_Q)         0.433     0.433 r  ddr_rw_inst/u_axi_ddr/u_axi_ddr_mig/temp_mon_enabled.u_tempmon/xadc_supplied_temperature.temperature_reg[1]/Q
                         net (fo=1, routed)           0.507     0.940    ddr_rw_inst/u_axi_ddr/u_axi_ddr_mig/temp_mon_enabled.u_tempmon/device_temp_lcl[1]
    SLICE_X56Y92         FDRE                                         r  ddr_rw_inst/u_axi_ddr/u_axi_ddr_mig/temp_mon_enabled.u_tempmon/device_temp_sync_r1_reg[1]/D
  -------------------------------------------------------------------    -------------------

                         max delay                   20.000    20.000    
                         clock pessimism              0.000    20.000    
    SLICE_X56Y92         FDRE (Setup_fdre_C_D)       -0.004    19.996    ddr_rw_inst/u_axi_ddr/u_axi_ddr_mig/temp_mon_enabled.u_tempmon/device_temp_sync_r1_reg[1]
  -------------------------------------------------------------------
                         required time                         19.996    
                         arrival time                          -0.940    
  -------------------------------------------------------------------
                         slack                                 19.056    

Slack (MET) :             19.136ns  (required time - arrival time)
  Source:                 ddr_rw_inst/u_axi_ddr/u_axi_ddr_mig/temp_mon_enabled.u_tempmon/xadc_supplied_temperature.temperature_reg[9]/C
                            (rising edge-triggered cell FDRE)
  Destination:            ddr_rw_inst/u_axi_ddr/u_axi_ddr_mig/temp_mon_enabled.u_tempmon/device_temp_sync_r1_reg[9]/D
  Path Group:             **default**
  Path Type:              Setup (Max at Slow Process Corner)
  Requirement:            20.000ns  (MaxDelay Path 20.000ns)
  Data Path Delay:        0.726ns  (logic 0.348ns (47.941%)  route 0.378ns (52.059%))
  Logic Levels:           1  (FDRE=1)
  Timing Exception:       MaxDelay Path 20.000ns

    Location             Delay type                Incr(ns)  Path(ns)    Netlist Resource(s)
  -------------------------------------------------------------------    -------------------
    SLICE_X61Y94         FDRE                         0.000     0.000 r  ddr_rw_inst/u_axi_ddr/u_axi_ddr_mig/temp_mon_enabled.u_tempmon/xadc_supplied_temperature.temperature_reg[9]/C
    SLICE_X61Y94         FDRE (Prop_fdre_C_Q)         0.348     0.348 r  ddr_rw_inst/u_axi_ddr/u_axi_ddr_mig/temp_mon_enabled.u_tempmon/xadc_supplied_temperature.temperature_reg[9]/Q
                         net (fo=1, routed)           0.378     0.726    ddr_rw_inst/u_axi_ddr/u_axi_ddr_mig/temp_mon_enabled.u_tempmon/device_temp_lcl[9]
    SLICE_X60Y92         FDRE                                         r  ddr_rw_inst/u_axi_ddr/u_axi_ddr_mig/temp_mon_enabled.u_tempmon/device_temp_sync_r1_reg[9]/D
  -------------------------------------------------------------------    -------------------

                         max delay                   20.000    20.000    
                         clock pessimism              0.000    20.000    
    SLICE_X60Y92         FDRE (Setup_fdre_C_D)       -0.138    19.862    ddr_rw_inst/u_axi_ddr/u_axi_ddr_mig/temp_mon_enabled.u_tempmon/device_temp_sync_r1_reg[9]
  -------------------------------------------------------------------
                         required time                         19.862    
                         arrival time                          -0.726    
  -------------------------------------------------------------------
                         slack                                 19.136    

Slack (MET) :             19.175ns  (required time - arrival time)
  Source:                 ddr_rw_inst/u_axi_ddr/u_axi_ddr_mig/temp_mon_enabled.u_tempmon/xadc_supplied_temperature.temperature_reg[11]/C
                            (rising edge-triggered cell FDRE)
  Destination:            ddr_rw_inst/u_axi_ddr/u_axi_ddr_mig/temp_mon_enabled.u_tempmon/device_temp_sync_r1_reg[11]/D
  Path Group:             **default**
  Path Type:              Setup (Max at Slow Process Corner)
  Requirement:            20.000ns  (MaxDelay Path 20.000ns)
  Data Path Delay:        0.793ns  (logic 0.433ns (54.583%)  route 0.360ns (45.417%))
  Logic Levels:           1  (FDRE=1)
  Timing Exception:       MaxDelay Path 20.000ns

    Location             Delay type                Incr(ns)  Path(ns)    Netlist Resource(s)
  -------------------------------------------------------------------    -------------------
    SLICE_X56Y91         FDRE                         0.000     0.000 r  ddr_rw_inst/u_axi_ddr/u_axi_ddr_mig/temp_mon_enabled.u_tempmon/xadc_supplied_temperature.temperature_reg[11]/C
    SLICE_X56Y91         FDRE (Prop_fdre_C_Q)         0.433     0.433 r  ddr_rw_inst/u_axi_ddr/u_axi_ddr_mig/temp_mon_enabled.u_tempmon/xadc_supplied_temperature.temperature_reg[11]/Q
                         net (fo=1, routed)           0.360     0.793    ddr_rw_inst/u_axi_ddr/u_axi_ddr_mig/temp_mon_enabled.u_tempmon/device_temp_lcl[11]
    SLICE_X57Y93         FDRE                                         r  ddr_rw_inst/u_axi_ddr/u_axi_ddr_mig/temp_mon_enabled.u_tempmon/device_temp_sync_r1_reg[11]/D
  -------------------------------------------------------------------    -------------------

                         max delay                   20.000    20.000    
                         clock pessimism              0.000    20.000    
    SLICE_X57Y93         FDRE (Setup_fdre_C_D)       -0.032    19.968    ddr_rw_inst/u_axi_ddr/u_axi_ddr_mig/temp_mon_enabled.u_tempmon/device_temp_sync_r1_reg[11]
  -------------------------------------------------------------------
                         required time                         19.968    
                         arrival time                          -0.793    
  -------------------------------------------------------------------
                         slack                                 19.175    

Slack (MET) :             19.193ns  (required time - arrival time)
  Source:                 ddr_rw_inst/u_axi_ddr/u_axi_ddr_mig/temp_mon_enabled.u_tempmon/xadc_supplied_temperature.temperature_reg[4]/C
                            (rising edge-triggered cell FDRE)
  Destination:            ddr_rw_inst/u_axi_ddr/u_axi_ddr_mig/temp_mon_enabled.u_tempmon/device_temp_sync_r1_reg[4]/D
  Path Group:             **default**
  Path Type:              Setup (Max at Slow Process Corner)
  Requirement:            20.000ns  (MaxDelay Path 20.000ns)
  Data Path Delay:        0.775ns  (logic 0.379ns (48.887%)  route 0.396ns (51.113%))
  Logic Levels:           1  (FDRE=1)
  Timing Exception:       MaxDelay Path 20.000ns

    Location             Delay type                Incr(ns)  Path(ns)    Netlist Resource(s)
  -------------------------------------------------------------------    -------------------
    SLICE_X61Y94         FDRE                         0.000     0.000 r  ddr_rw_inst/u_axi_ddr/u_axi_ddr_mig/temp_mon_enabled.u_tempmon/xadc_supplied_temperature.temperature_reg[4]/C
    SLICE_X61Y94         FDRE (Prop_fdre_C_Q)         0.379     0.379 r  ddr_rw_inst/u_axi_ddr/u_axi_ddr_mig/temp_mon_enabled.u_tempmon/xadc_supplied_temperature.temperature_reg[4]/Q
                         net (fo=1, routed)           0.396     0.775    ddr_rw_inst/u_axi_ddr/u_axi_ddr_mig/temp_mon_enabled.u_tempmon/device_temp_lcl[4]
    SLICE_X62Y92         FDRE                                         r  ddr_rw_inst/u_axi_ddr/u_axi_ddr_mig/temp_mon_enabled.u_tempmon/device_temp_sync_r1_reg[4]/D
  -------------------------------------------------------------------    -------------------

                         max delay                   20.000    20.000    
                         clock pessimism              0.000    20.000    
    SLICE_X62Y92         FDRE (Setup_fdre_C_D)       -0.032    19.968    ddr_rw_inst/u_axi_ddr/u_axi_ddr_mig/temp_mon_enabled.u_tempmon/device_temp_sync_r1_reg[4]
  -------------------------------------------------------------------
                         required time                         19.968    
                         arrival time                          -0.775    
  -------------------------------------------------------------------
                         slack                                 19.193    

Slack (MET) :             19.195ns  (required time - arrival time)
  Source:                 ddr_rw_inst/u_axi_ddr/u_axi_ddr_mig/temp_mon_enabled.u_tempmon/xadc_supplied_temperature.temperature_reg[0]/C
                            (rising edge-triggered cell FDRE)
  Destination:            ddr_rw_inst/u_axi_ddr/u_axi_ddr_mig/temp_mon_enabled.u_tempmon/device_temp_sync_r1_reg[0]/D
  Path Group:             **default**
  Path Type:              Setup (Max at Slow Process Corner)
  Requirement:            20.000ns  (MaxDelay Path 20.000ns)
  Data Path Delay:        0.773ns  (logic 0.433ns (56.026%)  route 0.340ns (43.974%))
  Logic Levels:           1  (FDRE=1)
  Timing Exception:       MaxDelay Path 20.000ns

    Location             Delay type                Incr(ns)  Path(ns)    Netlist Resource(s)
  -------------------------------------------------------------------    -------------------
    SLICE_X56Y91         FDRE                         0.000     0.000 r  ddr_rw_inst/u_axi_ddr/u_axi_ddr_mig/temp_mon_enabled.u_tempmon/xadc_supplied_temperature.temperature_reg[0]/C
    SLICE_X56Y91         FDRE (Prop_fdre_C_Q)         0.433     0.433 r  ddr_rw_inst/u_axi_ddr/u_axi_ddr_mig/temp_mon_enabled.u_tempmon/xadc_supplied_temperature.temperature_reg[0]/Q
                         net (fo=1, routed)           0.340     0.773    ddr_rw_inst/u_axi_ddr/u_axi_ddr_mig/temp_mon_enabled.u_tempmon/device_temp_lcl[0]
    SLICE_X59Y91         FDRE                                         r  ddr_rw_inst/u_axi_ddr/u_axi_ddr_mig/temp_mon_enabled.u_tempmon/device_temp_sync_r1_reg[0]/D
  -------------------------------------------------------------------    -------------------

                         max delay                   20.000    20.000    
                         clock pessimism              0.000    20.000    
    SLICE_X59Y91         FDRE (Setup_fdre_C_D)       -0.032    19.968    ddr_rw_inst/u_axi_ddr/u_axi_ddr_mig/temp_mon_enabled.u_tempmon/device_temp_sync_r1_reg[0]
  -------------------------------------------------------------------
                         required time                         19.968    
                         arrival time                          -0.773    
  -------------------------------------------------------------------
                         slack                                 19.195    

Slack (MET) :             19.206ns  (required time - arrival time)
  Source:                 ddr_rw_inst/u_axi_ddr/u_axi_ddr_mig/temp_mon_enabled.u_tempmon/xadc_supplied_temperature.temperature_reg[7]/C
                            (rising edge-triggered cell FDRE)
  Destination:            ddr_rw_inst/u_axi_ddr/u_axi_ddr_mig/temp_mon_enabled.u_tempmon/device_temp_sync_r1_reg[7]/D
  Path Group:             **default**
  Path Type:              Setup (Max at Slow Process Corner)
  Requirement:            20.000ns  (MaxDelay Path 20.000ns)
  Data Path Delay:        0.762ns  (logic 0.379ns (49.757%)  route 0.383ns (50.243%))
  Logic Levels:           1  (FDRE=1)
  Timing Exception:       MaxDelay Path 20.000ns

    Location             Delay type                Incr(ns)  Path(ns)    Netlist Resource(s)
  -------------------------------------------------------------------    -------------------
    SLICE_X61Y94         FDRE                         0.000     0.000 r  ddr_rw_inst/u_axi_ddr/u_axi_ddr_mig/temp_mon_enabled.u_tempmon/xadc_supplied_temperature.temperature_reg[7]/C
    SLICE_X61Y94         FDRE (Prop_fdre_C_Q)         0.379     0.379 r  ddr_rw_inst/u_axi_ddr/u_axi_ddr_mig/temp_mon_enabled.u_tempmon/xadc_supplied_temperature.temperature_reg[7]/Q
                         net (fo=1, routed)           0.383     0.762    ddr_rw_inst/u_axi_ddr/u_axi_ddr_mig/temp_mon_enabled.u_tempmon/device_temp_lcl[7]
    SLICE_X58Y93         FDRE                                         r  ddr_rw_inst/u_axi_ddr/u_axi_ddr_mig/temp_mon_enabled.u_tempmon/device_temp_sync_r1_reg[7]/D
  -------------------------------------------------------------------    -------------------

                         max delay                   20.000    20.000    
                         clock pessimism              0.000    20.000    
    SLICE_X58Y93         FDRE (Setup_fdre_C_D)       -0.032    19.968    ddr_rw_inst/u_axi_ddr/u_axi_ddr_mig/temp_mon_enabled.u_tempmon/device_temp_sync_r1_reg[7]
  -------------------------------------------------------------------
                         required time                         19.968    
                         arrival time                          -0.762    
  -------------------------------------------------------------------
                         slack                                 19.206    





