#-----------------------------------------------------------
# Vivado v2019.2 (64-bit)
# SW Build 2708876 on Wed Nov  6 21:40:23 MST 2019
# IP Build 2700528 on Thu Nov  7 00:09:20 MST 2019
# Start of session at: Tue Feb 11 20:21:44 2025
# Process ID: 7516
# Current directory: D:/FPGA_Learning_Journey/Pro/HDMI____/project
# Command line: vivado.exe -gui_launcher_event rodinguilauncherevent14908 D:\FPGA_Learning_Journey\Pro\HDMI____\project\project.xpr
# Log file: D:/FPGA_Learning_Journey/Pro/HDMI____/project/vivado.log
# Journal file: D:/FPGA_Learning_Journey/Pro/HDMI____/project\vivado.jou
#-----------------------------------------------------------
start_gui
open_project D:/FPGA_Learning_Journey/Pro/HDMI____/project/project.xpr
Scanning sources...
Finished scanning sources
INFO: [IP_Flow 19-234] Refreshing IP repositories
INFO: [IP_Flow 19-1704] No user IP repositories specified
INFO: [IP_Flow 19-2313] Loaded Vivado IP repository 'D:/Xilinx/Vivado/2019.2/data/ip'.
open_project: Time (s): cpu = 00:00:10 ; elapsed = 00:00:13 . Memory (MB): peak = 949.977 ; gain = 247.164
update_compile_order -fileset sources_1
open_hw_manager
connect_hw_server -allow_non_jtag
INFO: [Labtools 27-2285] Connecting to hw_server url TCP:localhost:3121
INFO: [Labtools 27-2222] Launching hw_server...
INFO: [Labtools 27-2221] Launch Output:

****** Xilinx hw_server v2019.2
  **** Build date : Nov  6 2019 at 22:12:23
    ** Copyright 1986-2019 Xilinx, Inc. All Rights Reserved.


INFO: [Labtools 27-3415] Connecting to cs_server url TCP:localhost:3042
INFO: [Labtools 27-3417] Launching cs_server...
INFO: [Labtools 27-2221] Launch Output:


****** Xilinx cs_server v2019.2.0
  **** Build date : Nov 07 2019-13:28:22
    ** Copyright 2017-2019 Xilinx, Inc. All Rights Reserved.



connect_hw_server: Time (s): cpu = 00:00:00 ; elapsed = 00:00:07 . Memory (MB): peak = 1075.559 ; gain = 22.062
open_hw_target
INFO: [Labtoolstcl 44-466] Opening hw_target localhost:3121/xilinx_tcf/Digilent/210299847714
set_property PROGRAM.FILE {D:/FPGA_Learning_Journey/Pro/HDMI____/project/project.runs/impl_1/hdmi_colorbar.bit} [get_hw_devices xc7a35t_0]
current_hw_device [get_hw_devices xc7a35t_0]
refresh_hw_device -update_hw_probes false [lindex [get_hw_devices xc7a35t_0] 0]
INFO: [Labtools 27-1434] Device xc7a35t (JTAG device index = 0) is programmed with a design that has no supported debug core(s) in it.
refresh_hw_device [lindex [get_hw_devices xc7a35t_0] 0]
INFO: [Labtools 27-1434] Device xc7a35t (JTAG device index = 0) is programmed with a design that has no supported debug core(s) in it.
reset_run impl_1 -prev_step 
launch_runs impl_1 -to_step write_bitstream -jobs 12
INFO: [Vivado 12-4149] The synthesis checkpoint for IP 'D:/FPGA_Learning_Journey/Pro/HDMI____/project/project.srcs/sources_1/ip/clk_wiz_0/clk_wiz_0.xci' is already up-to-date
[Tue Feb 11 20:27:09 2025] Launched impl_1...
Run output will be captured here: D:/FPGA_Learning_Journey/Pro/HDMI____/project/project.runs/impl_1/runme.log
ERROR: [Labtoolstcl 44-513] HW Target shutdown. Closing target: localhost:3121/xilinx_tcf/Digilent/210299847714
exit
INFO: [Common 17-206] Exiting Vivado at Tue Feb 11 21:24:47 2025...
