#-----------------------------------------------------------
# Vivado v2019.2 (64-bit)
# SW Build 2708876 on Wed Nov  6 21:40:23 MST 2019
# IP Build 2700528 on Thu Nov  7 00:09:20 MST 2019
# Start of session at: Fri Feb 14 22:46:38 2025
# Process ID: 18088
# Current directory: D:/FPGA_Learning_Journey/Pro/HDMI/project
# Command line: vivado.exe -gui_launcher_event rodinguilauncherevent21108 D:\FPGA_Learning_Journey\Pro\HDMI\project\project.xpr
# Log file: D:/FPGA_Learning_Journey/Pro/HDMI/project/vivado.log
# Journal file: D:/FPGA_Learning_Journey/Pro/HDMI/project\vivado.jou
#-----------------------------------------------------------
start_gui
open_project D:/FPGA_Learning_Journey/Pro/HDMI/project/project.xpr
INFO: [Project 1-313] Project file moved from 'D:/FPGA_Learning_Journey/Pro/HDMI____/project' since last save.
Scanning sources...
Finished scanning sources
INFO: [IP_Flow 19-234] Refreshing IP repositories
INFO: [IP_Flow 19-1704] No user IP repositories specified
INFO: [IP_Flow 19-2313] Loaded Vivado IP repository 'D:/Xilinx/Vivado/2019.2/data/ip'.
update_compile_order -fileset sources_1
open_run synth_1 -name synth_1
Design is defaulting to impl run constrset: constrs_1
Design is defaulting to synth run part: xc7a35tfgg484-2
INFO: [Device 21-403] Loading part xc7a35tfgg484-2
INFO: [Project 1-454] Reading design checkpoint 'd:/FPGA_Learning_Journey/Pro/HDMI/project/project.srcs/sources_1/ip/clk_wiz_0/clk_wiz_0.dcp' for cell 'clk_gen_inst/clk_wiz_0_inst'
Netlist sorting complete. Time (s): cpu = 00:00:00 ; elapsed = 00:00:00.001 . Memory (MB): peak = 1255.102 ; gain = 0.000
INFO: [Netlist 29-17] Analyzing 9 Unisim elements for replacement
INFO: [Netlist 29-28] Unisim Transformation completed in 0 CPU seconds
INFO: [Project 1-479] Netlist was created with Vivado 2019.2
INFO: [Project 1-570] Preparing netlist for logic optimization
Parsing XDC File [d:/FPGA_Learning_Journey/Pro/HDMI/project/project.srcs/sources_1/ip/clk_wiz_0/clk_wiz_0_board.xdc] for cell 'clk_gen_inst/clk_wiz_0_inst/inst'
Finished Parsing XDC File [d:/FPGA_Learning_Journey/Pro/HDMI/project/project.srcs/sources_1/ip/clk_wiz_0/clk_wiz_0_board.xdc] for cell 'clk_gen_inst/clk_wiz_0_inst/inst'
Parsing XDC File [d:/FPGA_Learning_Journey/Pro/HDMI/project/project.srcs/sources_1/ip/clk_wiz_0/clk_wiz_0.xdc] for cell 'clk_gen_inst/clk_wiz_0_inst/inst'
INFO: [Timing 38-35] Done setting XDC timing constraints. [d:/FPGA_Learning_Journey/Pro/HDMI/project/project.srcs/sources_1/ip/clk_wiz_0/clk_wiz_0.xdc:57]
INFO: [Timing 38-2] Deriving generated clocks [d:/FPGA_Learning_Journey/Pro/HDMI/project/project.srcs/sources_1/ip/clk_wiz_0/clk_wiz_0.xdc:57]
get_clocks: Time (s): cpu = 00:00:06 ; elapsed = 00:00:06 . Memory (MB): peak = 1931.766 ; gain = 572.379
Finished Parsing XDC File [d:/FPGA_Learning_Journey/Pro/HDMI/project/project.srcs/sources_1/ip/clk_wiz_0/clk_wiz_0.xdc] for cell 'clk_gen_inst/clk_wiz_0_inst/inst'
Parsing XDC File [D:/FPGA_Learning_Journey/Pro/HDMI/project/project.srcs/constrs_1/new/hdmi_colorbar.xdc]
Finished Parsing XDC File [D:/FPGA_Learning_Journey/Pro/HDMI/project/project.srcs/constrs_1/new/hdmi_colorbar.xdc]
INFO: [Opt 31-138] Pushed 0 inverter(s) to 0 load pin(s).
Netlist sorting complete. Time (s): cpu = 00:00:00 ; elapsed = 00:00:00 . Memory (MB): peak = 1931.766 ; gain = 0.000
INFO: [Project 1-111] Unisim Transformation Summary:
No Unisim elements were transformed.

open_run: Time (s): cpu = 00:00:16 ; elapsed = 00:00:13 . Memory (MB): peak = 1945.902 ; gain = 957.480
exit
INFO: [Common 17-206] Exiting Vivado at Fri Feb 14 23:01:42 2025...
