Copyright 1986-2019 Xilinx, Inc. All Rights Reserved.
-----------------------------------------------------------------------------------------------------------------------------------------------------------------------------
| Tool Version : Vivado v.2019.2 (win64) Build 2708876 Wed Nov  6 21:40:23 MST 2019
| Date         : Mon Feb 10 23:39:28 2025
| Host         : DESKTOP-I8GGJRG running 64-bit major release  (build 9200)
| Command      : report_methodology -file hdmi_colorbar_methodology_drc_routed.rpt -pb hdmi_colorbar_methodology_drc_routed.pb -rpx hdmi_colorbar_methodology_drc_routed.rpx
| Design       : hdmi_colorbar
| Device       : xc7a35tfgg484-2
| Speed File   : -2
| Design State : Fully Routed
-----------------------------------------------------------------------------------------------------------------------------------------------------------------------------

Report Methodology

Table of Contents
-----------------
1. REPORT SUMMARY
2. REPORT DETAILS

1. REPORT SUMMARY
-----------------
            Netlist: netlist
          Floorplan: design_1
      Design limits: <entire design considered>
             Max violations: <unlimited>
             Violations found: 1
+---------+----------+------------------------------+------------+
| Rule    | Severity | Description                  | Violations |
+---------+----------+------------------------------+------------+
| LUTAR-1 | Warning  | LUT drives async reset alert | 1          |
+---------+----------+------------------------------+------------+

2. REPORT DETAILS
-----------------
LUTAR-1#1 Warning
LUT drives async reset alert  
LUT cell clk_gen_inst/h_cnt[9]_i_1, with 2 or more inputs, drives asynchronous preset/clear pin(s) hdmi_ctrl_inst/encode_inst1/cnt_reg[1]/CLR, hdmi_ctrl_inst/encode_inst1/cnt_reg[2]/CLR, hdmi_ctrl_inst/encode_inst1/cnt_reg[3]/CLR, hdmi_ctrl_inst/encode_inst1/cnt_reg[4]/CLR, hdmi_ctrl_inst/encode_inst1/data_out_reg[0]/CLR, hdmi_ctrl_inst/encode_inst1/data_out_reg[1]/CLR, hdmi_ctrl_inst/encode_inst1/data_out_reg[2]/CLR, hdmi_ctrl_inst/encode_inst1/data_out_reg[7]/CLR, hdmi_ctrl_inst/encode_inst1/data_out_reg[8]/CLR, hdmi_ctrl_inst/encode_inst1/data_out_reg[9]/CLR, hdmi_ctrl_inst/encode_inst2/cnt_reg[1]/CLR, hdmi_ctrl_inst/encode_inst2/cnt_reg[2]/CLR, hdmi_ctrl_inst/encode_inst2/cnt_reg[3]/CLR, hdmi_ctrl_inst/encode_inst2/cnt_reg[4]/CLR, hdmi_ctrl_inst/encode_inst2/data_out_reg[0]/CLR (the first 15 of 32 listed). The LUT may glitch and trigger an unexpected reset, even if it is a properly timed path.
Related violations: <none>


