Copyright 1986-2019 Xilinx, Inc. All Rights Reserved.
-----------------------------------------------------------------------------------------------------------------------------------------------------------------
| Tool Version : Vivado v.2019.2 (win64) Build 2708876 Wed Nov  6 21:40:23 MST 2019
| Date         : Wed Feb 12 17:46:53 2025
| Host         : DESKTOP-I8GGJRG running 64-bit major release  (build 9200)
| Command      : report_methodology -file hdmi_char_methodology_drc_routed.rpt -pb hdmi_char_methodology_drc_routed.pb -rpx hdmi_char_methodology_drc_routed.rpx
| Design       : hdmi_char
| Device       : xc7a35tfgg484-2
| Speed File   : -2
| Design State : Fully Routed
-----------------------------------------------------------------------------------------------------------------------------------------------------------------

Report Methodology

Table of Contents
-----------------
1. REPORT SUMMARY
2. REPORT DETAILS

1. REPORT SUMMARY
-----------------
            Netlist: netlist
          Floorplan: design_1
      Design limits: <entire design considered>
             Max violations: <unlimited>
             Violations found: 1
+---------+----------+------------------------------+------------+
| Rule    | Severity | Description                  | Violations |
+---------+----------+------------------------------+------------+
| LUTAR-1 | Warning  | LUT drives async reset alert | 1          |
+---------+----------+------------------------------+------------+

2. REPORT DETAILS
-----------------
LUTAR-1#1 Warning
LUT drives async reset alert  
LUT cell clk_gen_inst/h_cnt[9]_i_1, with 2 or more inputs, drives asynchronous preset/clear pin(s) vga_image_gen_inst/pic_valid_reg/CLR, vga_image_gen_inst/rom_addr_reg[14]/CLR, vga_image_gen_inst/rom_addr_reg[15]/CLR, vga_image_gen_inst/rom_addr_reg[0]/PRE, vga_image_gen_inst/rom_addr_reg[10]/PRE, vga_image_gen_inst/rom_addr_reg[11]/PRE, vga_image_gen_inst/rom_addr_reg[12]/PRE, vga_image_gen_inst/rom_addr_reg[13]/PRE, vga_image_gen_inst/rom_addr_reg[1]/PRE, vga_image_gen_inst/rom_addr_reg[2]/PRE, vga_image_gen_inst/rom_addr_reg[3]/PRE, vga_image_gen_inst/rom_addr_reg[4]/PRE, vga_image_gen_inst/rom_addr_reg[5]/PRE, vga_image_gen_inst/rom_addr_reg[6]/PRE, vga_image_gen_inst/rom_addr_reg[7]/PRE (the first 15 of 59 listed). The LUT may glitch and trigger an unexpected reset, even if it is a properly timed path.
Related violations: <none>


