#-----------------------------------------------------------
# Vivado v2019.2 (64-bit)
# SW Build 2708876 on Wed Nov  6 21:40:23 MST 2019
# IP Build 2700528 on Thu Nov  7 00:09:20 MST 2019
# Start of session at: Wed Feb 12 15:53:35 2025
# Process ID: 14948
# Current directory: D:/FPGA_Learning_Journey/Pro/HDMI_char___/project
# Command line: vivado.exe -gui_launcher_event rodinguilauncherevent11600 D:\FPGA_Learning_Journey\Pro\HDMI_char___\project\project.xpr
# Log file: D:/FPGA_Learning_Journey/Pro/HDMI_char___/project/vivado.log
# Journal file: D:/FPGA_Learning_Journey/Pro/HDMI_char___/project\vivado.jou
#-----------------------------------------------------------
start_gui
open_project D:/FPGA_Learning_Journey/Pro/HDMI_char___/project/project.xpr
INFO: [Project 1-313] Project file moved from 'D:/FPGA_Learning_Journey/Pro/HDMI____/project' since last save.
CRITICAL WARNING: [Project 1-311] Could not find the file 'D:/FPGA_Learning_Journey/Pro/HDMI_char___/src/clk_gen.v', nor could it be found using path 'D:/FPGA_Learning_Journey/Pro/HDMI____/src/clk_gen.v'.
CRITICAL WARNING: [Project 1-311] Could not find the file 'D:/FPGA_Learning_Journey/Pro/HDMI_char___/src/encode.v', nor could it be found using path 'D:/FPGA_Learning_Journey/Pro/HDMI____/src/encode.v'.
CRITICAL WARNING: [Project 1-311] Could not find the file 'D:/FPGA_Learning_Journey/Pro/HDMI_char___/src/hdmi_ctrl.v', nor could it be found using path 'D:/FPGA_Learning_Journey/Pro/HDMI____/src/hdmi_ctrl.v'.
CRITICAL WARNING: [Project 1-311] Could not find the file 'D:/FPGA_Learning_Journey/Pro/HDMI_char___/src/par2ser.v', nor could it be found using path 'D:/FPGA_Learning_Journey/Pro/HDMI____/src/par2ser.v'.
CRITICAL WARNING: [Project 1-311] Could not find the file 'D:/FPGA_Learning_Journey/Pro/HDMI_char___/src/vga_image_gen.v', nor could it be found using path 'D:/FPGA_Learning_Journey/Pro/HDMI____/src/vga_image_gen.v'.
CRITICAL WARNING: [Project 1-311] Could not find the file 'D:/FPGA_Learning_Journey/Pro/HDMI_char___/src/vga_timing_ctrl.v', nor could it be found using path 'D:/FPGA_Learning_Journey/Pro/HDMI____/src/vga_timing_ctrl.v'.
CRITICAL WARNING: [Project 1-311] Could not find the file 'D:/FPGA_Learning_Journey/Pro/HDMI_char___/src/hdmi_colorbar.v', nor could it be found using path 'D:/FPGA_Learning_Journey/Pro/HDMI____/src/hdmi_colorbar.v'.
CRITICAL WARNING: [Project 1-311] Could not find the file 'D:/FPGA_Learning_Journey/Pro/HDMI_char___/src/hdmi_colorbar_tb.v', nor could it be found using path 'D:/FPGA_Learning_Journey/Pro/HDMI____/src/hdmi_colorbar_tb.v'.
CRITICAL WARNING: [Project 1-311] Could not find the file 'D:/FPGA_Learning_Journey/Pro/HDMI_char___/src/encode_tb.v', nor could it be found using path 'D:/FPGA_Learning_Journey/Pro/HDMI____/src/encode_tb.v'.
Scanning sources...
Finished scanning sources
INFO: [IP_Flow 19-234] Refreshing IP repositories
INFO: [IP_Flow 19-1704] No user IP repositories specified
INFO: [IP_Flow 19-2313] Loaded Vivado IP repository 'D:/Xilinx/Vivado/2019.2/data/ip'.
open_project: Time (s): cpu = 00:00:10 ; elapsed = 00:00:12 . Memory (MB): peak = 967.379 ; gain = 204.355
update_compile_order -fileset sources_1
update_compile_order -fileset sim_1
update_compile_order -fileset sources_1
update_compile_order -fileset sim_1
update_compile_order -fileset sim_1
update_compile_order -fileset sources_1
update_compile_order -fileset sources_1
update_files -from_files D:/FPGA_Learning_Journey/Pro/HDMI_char___/src/hdmi_char.v -to_files D:/FPGA_Learning_Journey/Pro/HDMI_char___/src/hdmi_colorbar.v -filesets [get_filesets *]
INFO: [filemgmt 20-762] Replacing file 'D:/FPGA_Learning_Journey/Pro/HDMI_char___/src/hdmi_colorbar.v' with file 'D:/FPGA_Learning_Journey/Pro/HDMI_char___/src/hdmi_char.v'.
update_files -from_files D:/FPGA_Learning_Journey/Pro/HDMI_char___/project/project.srcs/constrs_1/new/hdmi.xdc -to_files D:/FPGA_Learning_Journey/Pro/HDMI_char___/project/project.srcs/constrs_1/new/hdmi_colorbar.xdc -filesets [get_filesets *]
INFO: [filemgmt 20-762] Replacing file 'D:/FPGA_Learning_Journey/Pro/HDMI_char___/project/project.srcs/constrs_1/new/hdmi_colorbar.xdc' with file 'D:/FPGA_Learning_Journey/Pro/HDMI_char___/project/project.srcs/constrs_1/new/hdmi.xdc'.
set_property target_constrs_file D:/FPGA_Learning_Journey/Pro/HDMI_char___/project/project.srcs/constrs_1/new/hdmi.xdc [current_fileset -constrset]
reset_run synth_1
launch_runs synth_1 -jobs 12
INFO: [Vivado 12-4149] The synthesis checkpoint for IP 'D:/FPGA_Learning_Journey/Pro/HDMI_char___/project/project.srcs/sources_1/ip/clk_wiz_0/clk_wiz_0.xci' is already up-to-date
[Wed Feb 12 16:02:02 2025] Launched synth_1...
Run output will be captured here: D:/FPGA_Learning_Journey/Pro/HDMI_char___/project/project.runs/synth_1/runme.log
launch_runs impl_1 -to_step write_bitstream -jobs 12
INFO: [Vivado 12-4149] The synthesis checkpoint for IP 'D:/FPGA_Learning_Journey/Pro/HDMI_char___/project/project.srcs/sources_1/ip/clk_wiz_0/clk_wiz_0.xci' is already up-to-date
[Wed Feb 12 16:07:58 2025] Launched impl_1...
Run output will be captured here: D:/FPGA_Learning_Journey/Pro/HDMI_char___/project/project.runs/impl_1/runme.log
open_hw_manager
connect_hw_server -allow_non_jtag
INFO: [Labtools 27-2285] Connecting to hw_server url TCP:localhost:3121
INFO: [Labtools 27-2222] Launching hw_server...
INFO: [Labtools 27-2221] Launch Output:

****** Xilinx hw_server v2019.2
  **** Build date : Nov  6 2019 at 22:12:23
    ** Copyright 1986-2019 Xilinx, Inc. All Rights Reserved.


INFO: [Labtools 27-3415] Connecting to cs_server url TCP:localhost:3042
INFO: [Labtools 27-3417] Launching cs_server...
INFO: [Labtools 27-2221] Launch Output:


****** Xilinx cs_server v2019.2.0
  **** Build date : Nov 07 2019-13:28:22
    ** Copyright 2017-2019 Xilinx, Inc. All Rights Reserved.



connect_hw_server: Time (s): cpu = 00:00:00 ; elapsed = 00:00:07 . Memory (MB): peak = 1075.383 ; gain = 0.000
open_hw_target
INFO: [Labtoolstcl 44-466] Opening hw_target localhost:3121/xilinx_tcf/Digilent/210299847714
ERROR: [Labtools 27-2269] No devices detected on target localhost:3121/xilinx_tcf/Digilent/210299847714.
Check cable connectivity and that the target board is powered up then
use the disconnect_hw_server and connect_hw_server to re-register this hardware target.
ERROR: [Common 17-39] 'open_hw_target' failed due to earlier errors.
refresh_hw_device [lindex [get_hw_devices xc7a35t_0] 0]
INFO: [Labtools 27-1434] Device xc7a35t (JTAG device index = 0) is programmed with a design that has no supported debug core(s) in it.
set_property PROBES.FILE {} [get_hw_devices xc7a35t_0]
set_property FULL_PROBES.FILE {} [get_hw_devices xc7a35t_0]
set_property PROGRAM.FILE {D:/FPGA_Learning_Journey/Pro/HDMI_char___/project/project.runs/impl_1/hdmi_char.bit} [get_hw_devices xc7a35t_0]
program_hw_devices [get_hw_devices xc7a35t_0]
INFO: [Labtools 27-3164] End of startup status: HIGH
refresh_hw_device [lindex [get_hw_devices xc7a35t_0] 0]
INFO: [Labtools 27-1434] Device xc7a35t (JTAG device index = 0) is programmed with a design that has no supported debug core(s) in it.
exit
INFO: [Common 17-206] Exiting Vivado at Wed Feb 12 16:23:39 2025...
