#-----------------------------------------------------------
# Vivado v2019.2 (64-bit)
# SW Build 2708876 on Wed Nov  6 21:40:23 MST 2019
# IP Build 2700528 on Thu Nov  7 00:09:20 MST 2019
# Start of session at: Wed Feb 12 16:58:34 2025
# Process ID: 22080
# Current directory: D:/FPGA_Learning_Journey/Pro/HDMI_rom_dispaly___/project
# Command line: vivado.exe -gui_launcher_event rodinguilauncherevent10244 D:\FPGA_Learning_Journey\Pro\HDMI_rom_dispaly___\project\project.xpr
# Log file: D:/FPGA_Learning_Journey/Pro/HDMI_rom_dispaly___/project/vivado.log
# Journal file: D:/FPGA_Learning_Journey/Pro/HDMI_rom_dispaly___/project\vivado.jou
#-----------------------------------------------------------
start_gui
open_project D:/FPGA_Learning_Journey/Pro/HDMI_rom_dispaly___/project/project.xpr
INFO: [Project 1-313] Project file moved from 'D:/FPGA_Learning_Journey/Pro/HDMI_char___/project' since last save.
CRITICAL WARNING: [Project 1-311] Could not find the file 'D:/FPGA_Learning_Journey/Pro/HDMI_rom_dispaly___/src/hdmi_colorbar_tb.v', nor could it be found using path 'D:/FPGA_Learning_Journey/Pro/HDMI_char___/src/hdmi_colorbar_tb.v'.
Scanning sources...
Finished scanning sources
INFO: [IP_Flow 19-234] Refreshing IP repositories
INFO: [IP_Flow 19-1704] No user IP repositories specified
INFO: [IP_Flow 19-2313] Loaded Vivado IP repository 'D:/Xilinx/Vivado/2019.2/data/ip'.
update_compile_order -fileset sources_1
WARNING: [IP_Flow 19-4067] Ignoring invalid widget type specified checkbox.Providing a default widget
WARNING: [IP_Flow 19-4067] Ignoring invalid widget type specified checkbox.Providing a default widget
can't use empty string as operand of "*"
can't use empty string as operand of "*"
can't use empty string as operand of "*"
can't use empty string as operand of "*"
can't use empty string as operand of "*"
can't use empty string as operand of "*"
can't use empty string as operand of "*"
can't use empty string as operand of "*"
INFO: [IP_Flow 19-3484] Absolute path of file 'd:/FPGA_Learning_Journey/Pro/HDMI_rom_dispaly___/img_100_100.coe' provided. It will be converted relative to IP Instance files '../../../../../img_100_100.coe'
create_ip -name blk_mem_gen -vendor xilinx.com -library ip -version 8.4 -module_name blk_mem_gen_0 -dir d:/FPGA_Learning_Journey/Pro/HDMI_rom_dispaly___/project/project.srcs/sources_1/ip
set_property -dict [list CONFIG.Memory_Type {Single_Port_ROM} CONFIG.Write_Width_A {24} CONFIG.Write_Depth_A {65536} CONFIG.Read_Width_A {24} CONFIG.Enable_A {Always_Enabled} CONFIG.Write_Width_B {24} CONFIG.Read_Width_B {24} CONFIG.Register_PortA_Output_of_Memory_Primitives {false} CONFIG.Register_PortA_Output_of_Memory_Core {false} CONFIG.Load_Init_File {true} CONFIG.Coe_File {D:/FPGA_Learning_Journey/Pro/HDMI_rom_dispaly___/img_100_100.coe} CONFIG.Port_A_Write_Rate {0}] [get_ips blk_mem_gen_0]
INFO: [IP_Flow 19-3484] Absolute path of file 'd:/FPGA_Learning_Journey/Pro/HDMI_rom_dispaly___/img_100_100.coe' provided. It will be converted relative to IP Instance files '../../../../../img_100_100.coe'
generate_target {instantiation_template} [get_files d:/FPGA_Learning_Journey/Pro/HDMI_rom_dispaly___/project/project.srcs/sources_1/ip/blk_mem_gen_0/blk_mem_gen_0.xci]
INFO: [IP_Flow 19-1686] Generating 'Instantiation Template' target for IP 'blk_mem_gen_0'...
generate_target all [get_files  d:/FPGA_Learning_Journey/Pro/HDMI_rom_dispaly___/project/project.srcs/sources_1/ip/blk_mem_gen_0/blk_mem_gen_0.xci]
INFO: [IP_Flow 19-1686] Generating 'Synthesis' target for IP 'blk_mem_gen_0'...
INFO: [IP_Flow 19-1686] Generating 'Simulation' target for IP 'blk_mem_gen_0'...
INFO: [IP_Flow 19-1686] Generating 'Miscellaneous' target for IP 'blk_mem_gen_0'...
INFO: [IP_Flow 19-1686] Generating 'Change Log' target for IP 'blk_mem_gen_0'...
catch { config_ip_cache -export [get_ips -all blk_mem_gen_0] }
export_ip_user_files -of_objects [get_files d:/FPGA_Learning_Journey/Pro/HDMI_rom_dispaly___/project/project.srcs/sources_1/ip/blk_mem_gen_0/blk_mem_gen_0.xci] -no_script -sync -force -quiet
create_ip_run [get_files -of_objects [get_fileset sources_1] d:/FPGA_Learning_Journey/Pro/HDMI_rom_dispaly___/project/project.srcs/sources_1/ip/blk_mem_gen_0/blk_mem_gen_0.xci]
launch_runs -jobs 12 blk_mem_gen_0_synth_1
[Wed Feb 12 17:10:36 2025] Launched blk_mem_gen_0_synth_1...
Run output will be captured here: D:/FPGA_Learning_Journey/Pro/HDMI_rom_dispaly___/project/project.runs/blk_mem_gen_0_synth_1/runme.log
export_simulation -of_objects [get_files d:/FPGA_Learning_Journey/Pro/HDMI_rom_dispaly___/project/project.srcs/sources_1/ip/blk_mem_gen_0/blk_mem_gen_0.xci] -directory D:/FPGA_Learning_Journey/Pro/HDMI_rom_dispaly___/project/project.ip_user_files/sim_scripts -ip_user_files_dir D:/FPGA_Learning_Journey/Pro/HDMI_rom_dispaly___/project/project.ip_user_files -ipstatic_source_dir D:/FPGA_Learning_Journey/Pro/HDMI_rom_dispaly___/project/project.ip_user_files/ipstatic -lib_map_path [list {modelsim=D:/FPGA_Learning_Journey/Pro/HDMI_rom_dispaly___/project/project.cache/compile_simlib/modelsim} {questa=D:/FPGA_Learning_Journey/Pro/HDMI_rom_dispaly___/project/project.cache/compile_simlib/questa} {riviera=D:/FPGA_Learning_Journey/Pro/HDMI_rom_dispaly___/project/project.cache/compile_simlib/riviera} {activehdl=D:/FPGA_Learning_Journey/Pro/HDMI_rom_dispaly___/project/project.cache/compile_simlib/activehdl}] -use_ip_compiled_libs -force -quiet
WARNING: [IP_Flow 19-4067] Ignoring invalid widget type specified checkbox.Providing a default widget
WARNING: [IP_Flow 19-4067] Ignoring invalid widget type specified checkbox.Providing a default widget
set_property -dict [list CONFIG.Enable_A {Use_ENA_Pin}] [get_ips blk_mem_gen_0]
generate_target all [get_files  d:/FPGA_Learning_Journey/Pro/HDMI_rom_dispaly___/project/project.srcs/sources_1/ip/blk_mem_gen_0/blk_mem_gen_0.xci]
INFO: [IP_Flow 19-1686] Generating 'Instantiation Template' target for IP 'blk_mem_gen_0'...
INFO: [IP_Flow 19-1686] Generating 'Synthesis' target for IP 'blk_mem_gen_0'...
INFO: [IP_Flow 19-1686] Generating 'Simulation' target for IP 'blk_mem_gen_0'...
INFO: [IP_Flow 19-1686] Generating 'Miscellaneous' target for IP 'blk_mem_gen_0'...
INFO: [IP_Flow 19-1686] Generating 'Change Log' target for IP 'blk_mem_gen_0'...
catch { config_ip_cache -export [get_ips -all blk_mem_gen_0] }
export_ip_user_files -of_objects [get_files d:/FPGA_Learning_Journey/Pro/HDMI_rom_dispaly___/project/project.srcs/sources_1/ip/blk_mem_gen_0/blk_mem_gen_0.xci] -no_script -sync -force -quiet
reset_run blk_mem_gen_0_synth_1
launch_runs -jobs 12 blk_mem_gen_0_synth_1
[Wed Feb 12 17:22:38 2025] Launched blk_mem_gen_0_synth_1...
Run output will be captured here: D:/FPGA_Learning_Journey/Pro/HDMI_rom_dispaly___/project/project.runs/blk_mem_gen_0_synth_1/runme.log
export_simulation -of_objects [get_files d:/FPGA_Learning_Journey/Pro/HDMI_rom_dispaly___/project/project.srcs/sources_1/ip/blk_mem_gen_0/blk_mem_gen_0.xci] -directory D:/FPGA_Learning_Journey/Pro/HDMI_rom_dispaly___/project/project.ip_user_files/sim_scripts -ip_user_files_dir D:/FPGA_Learning_Journey/Pro/HDMI_rom_dispaly___/project/project.ip_user_files -ipstatic_source_dir D:/FPGA_Learning_Journey/Pro/HDMI_rom_dispaly___/project/project.ip_user_files/ipstatic -lib_map_path [list {modelsim=D:/FPGA_Learning_Journey/Pro/HDMI_rom_dispaly___/project/project.cache/compile_simlib/modelsim} {questa=D:/FPGA_Learning_Journey/Pro/HDMI_rom_dispaly___/project/project.cache/compile_simlib/questa} {riviera=D:/FPGA_Learning_Journey/Pro/HDMI_rom_dispaly___/project/project.cache/compile_simlib/riviera} {activehdl=D:/FPGA_Learning_Journey/Pro/HDMI_rom_dispaly___/project/project.cache/compile_simlib/activehdl}] -use_ip_compiled_libs -force -quiet
WARNING: [IP_Flow 19-4067] Ignoring invalid widget type specified checkbox.Providing a default widget
WARNING: [IP_Flow 19-4067] Ignoring invalid widget type specified checkbox.Providing a default widget
reset_run synth_1
launch_runs synth_1 -jobs 12
INFO: [Vivado 12-4149] The synthesis checkpoint for IP 'D:/FPGA_Learning_Journey/Pro/HDMI_rom_dispaly___/project/project.srcs/sources_1/ip/clk_wiz_0/clk_wiz_0.xci' is already up-to-date
[Wed Feb 12 17:28:46 2025] Launched synth_1...
Run output will be captured here: D:/FPGA_Learning_Journey/Pro/HDMI_rom_dispaly___/project/project.runs/synth_1/runme.log
launch_runs impl_1 -to_step write_bitstream -jobs 12
INFO: [Vivado 12-4149] The synthesis checkpoint for IP 'D:/FPGA_Learning_Journey/Pro/HDMI_rom_dispaly___/project/project.srcs/sources_1/ip/clk_wiz_0/clk_wiz_0.xci' is already up-to-date
[Wed Feb 12 17:29:22 2025] Launched impl_1...
Run output will be captured here: D:/FPGA_Learning_Journey/Pro/HDMI_rom_dispaly___/project/project.runs/impl_1/runme.log
open_hw_manager
connect_hw_server -allow_non_jtag
INFO: [Labtools 27-2285] Connecting to hw_server url TCP:localhost:3121
INFO: [Labtools 27-2222] Launching hw_server...
INFO: [Labtools 27-2221] Launch Output:

****** Xilinx hw_server v2019.2
  **** Build date : Nov  6 2019 at 22:12:23
    ** Copyright 1986-2019 Xilinx, Inc. All Rights Reserved.


INFO: [Labtools 27-3415] Connecting to cs_server url TCP:localhost:3042
INFO: [Labtools 27-3417] Launching cs_server...
INFO: [Labtools 27-2221] Launch Output:


****** Xilinx cs_server v2019.2.0
  **** Build date : Nov 07 2019-13:28:22
    ** Copyright 2017-2019 Xilinx, Inc. All Rights Reserved.



connect_hw_server: Time (s): cpu = 00:00:00 ; elapsed = 00:00:06 . Memory (MB): peak = 1151.473 ; gain = 16.148
open_hw_target
INFO: [Labtoolstcl 44-466] Opening hw_target localhost:3121/xilinx_tcf/Digilent/210299847714
set_property PROGRAM.FILE {D:/FPGA_Learning_Journey/Pro/HDMI_rom_dispaly___/project/project.runs/impl_1/hdmi_char.bit} [get_hw_devices xc7a35t_0]
current_hw_device [get_hw_devices xc7a35t_0]
refresh_hw_device -update_hw_probes false [lindex [get_hw_devices xc7a35t_0] 0]
INFO: [Labtools 27-1434] Device xc7a35t (JTAG device index = 0) is programmed with a design that has no supported debug core(s) in it.
set_property PROBES.FILE {} [get_hw_devices xc7a35t_0]
set_property FULL_PROBES.FILE {} [get_hw_devices xc7a35t_0]
set_property PROGRAM.FILE {D:/FPGA_Learning_Journey/Pro/HDMI_rom_dispaly___/project/project.runs/impl_1/hdmi_char.bit} [get_hw_devices xc7a35t_0]
program_hw_devices [get_hw_devices xc7a35t_0]
INFO: [Labtools 27-3164] End of startup status: HIGH
refresh_hw_device [lindex [get_hw_devices xc7a35t_0] 0]
INFO: [Labtools 27-1434] Device xc7a35t (JTAG device index = 0) is programmed with a design that has no supported debug core(s) in it.
