#-----------------------------------------------------------
# Vivado v2019.2 (64-bit)
# SW Build 2708876 on Wed Nov  6 21:40:23 MST 2019
# IP Build 2700528 on Thu Nov  7 00:09:20 MST 2019
# Start of session at: Wed Jan 29 01:46:02 2025
# Process ID: 18956
# Current directory: D:/FPGA_Learning_Journey/Pro/SPI_FLASH/project_pp
# Command line: vivado.exe -gui_launcher_event rodinguilauncherevent10540 D:\FPGA_Learning_Journey\Pro\SPI_FLASH\project_pp\project_pp.xpr
# Log file: D:/FPGA_Learning_Journey/Pro/SPI_FLASH/project_pp/vivado.log
# Journal file: D:/FPGA_Learning_Journey/Pro/SPI_FLASH/project_pp\vivado.jou
#-----------------------------------------------------------
start_gui
open_project D:/FPGA_Learning_Journey/Pro/SPI_FLASH/project_pp/project_pp.xpr
Scanning sources...
Finished scanning sources
INFO: [IP_Flow 19-234] Refreshing IP repositories
INFO: [IP_Flow 19-1704] No user IP repositories specified
INFO: [IP_Flow 19-2313] Loaded Vivado IP repository 'D:/Xilinx/Vivado/2019.2/data/ip'.
open_project: Time (s): cpu = 00:00:10 ; elapsed = 00:01:09 . Memory (MB): peak = 894.266 ; gain = 241.953
update_compile_order -fileset sources_1
open_hw_manager
connect_hw_server -allow_non_jtag
INFO: [Labtools 27-2285] Connecting to hw_server url TCP:localhost:3121
INFO: [Labtools 27-3415] Connecting to cs_server url TCP:localhost:3042
INFO: [Labtools 27-3417] Launching cs_server...
INFO: [Labtools 27-2221] Launch Output:
ERROR: Cannot start server on port 3042: already in use.

ERROR: [Labtools 27-2220] Launch Error:
Unable to launch local cs_server executable.
ERROR: Cannot start server on port 3042: already in use.

ERROR: [Common 17-39] 'connect_hw_server' failed due to earlier errors.
connect_hw_server -allow_non_jtag
INFO: [Labtools 27-2285] Connecting to hw_server url TCP:localhost:3121
INFO: [Labtools 27-3415] Connecting to cs_server url TCP:localhost:3042
INFO: [Labtools 27-3417] Launching cs_server...
INFO: [Labtools 27-2221] Launch Output:
ERROR: Cannot start server on port 3042: already in use.

ERROR: [Labtools 27-2220] Launch Error:
Unable to launch local cs_server executable.
ERROR: Cannot start server on port 3042: already in use.

ERROR: [Common 17-39] 'connect_hw_server' failed due to earlier errors.
connect_hw_server -allow_non_jtag
INFO: [Labtools 27-2285] Connecting to hw_server url TCP:localhost:3121
INFO: [Labtools 27-3415] Connecting to cs_server url TCP:localhost:3042
INFO: [Labtools 27-3417] Launching cs_server...
INFO: [Labtools 27-2221] Launch Output:
ERROR: Cannot start server on port 3042: already in use.

ERROR: [Labtools 27-2220] Launch Error:
Unable to launch local cs_server executable.
ERROR: Cannot start server on port 3042: already in use.

ERROR: [Common 17-39] 'connect_hw_server' failed due to earlier errors.
connect_hw_server -allow_non_jtag
INFO: [Labtools 27-2285] Connecting to hw_server url TCP:localhost:3121
INFO: [Labtools 27-3415] Connecting to cs_server url TCP:localhost:3042
INFO: [Labtools 27-3417] Launching cs_server...
INFO: [Labtools 27-2221] Launch Output:
ERROR: Cannot start server on port 3042: already in use.

ERROR: [Labtools 27-2220] Launch Error:
Unable to launch local cs_server executable.
ERROR: Cannot start server on port 3042: already in use.

ERROR: [Common 17-39] 'connect_hw_server' failed due to earlier errors.
connect_hw_server -allow_non_jtag
INFO: [Labtools 27-2285] Connecting to hw_server url TCP:localhost:3121
INFO: [Labtools 27-3415] Connecting to cs_server url TCP:localhost:3042
INFO: [Labtools 27-3417] Launching cs_server...
INFO: [Labtools 27-2221] Launch Output:
ERROR: Cannot start server on port 3042: already in use.

ERROR: [Labtools 27-2220] Launch Error:
Unable to launch local cs_server executable.
ERROR: Cannot start server on port 3042: already in use.

ERROR: [Common 17-39] 'connect_hw_server' failed due to earlier errors.
connect_hw_server -allow_non_jtag
INFO: [Labtools 27-2285] Connecting to hw_server url TCP:localhost:3121
INFO: [Labtools 27-3415] Connecting to cs_server url TCP:localhost:3042
INFO: [Labtools 27-3417] Launching cs_server...
INFO: [Labtools 27-2221] Launch Output:
ERROR: Cannot start server on port 3042: already in use.

ERROR: [Labtools 27-2220] Launch Error:
Unable to launch local cs_server executable.
ERROR: Cannot start server on port 3042: already in use.

ERROR: [Common 17-39] 'connect_hw_server' failed due to earlier errors.
connect_hw_server -allow_non_jtag
INFO: [Labtools 27-2285] Connecting to hw_server url TCP:localhost:3121
INFO: [Labtools 27-3415] Connecting to cs_server url TCP:localhost:3042
INFO: [Labtools 27-3417] Launching cs_server...
INFO: [Labtools 27-2221] Launch Output:
ERROR: Cannot start server on port 3042: already in use.

ERROR: [Labtools 27-2220] Launch Error:
Unable to launch local cs_server executable.
ERROR: Cannot start server on port 3042: already in use.

ERROR: [Common 17-39] 'connect_hw_server' failed due to earlier errors.
connect_hw_server -allow_non_jtag
INFO: [Labtools 27-2285] Connecting to hw_server url TCP:localhost:3121
INFO: [Labtools 27-3415] Connecting to cs_server url TCP:localhost:3042
INFO: [Labtools 27-3417] Launching cs_server...
INFO: [Labtools 27-2221] Launch Output:
ERROR: Cannot start server on port 3042: already in use.

ERROR: [Labtools 27-2220] Launch Error:
Unable to launch local cs_server executable.
ERROR: Cannot start server on port 3042: already in use.

ERROR: [Common 17-39] 'connect_hw_server' failed due to earlier errors.
connect_hw_server -allow_non_jtag
INFO: [Labtools 27-2285] Connecting to hw_server url TCP:localhost:3121
INFO: [Labtools 27-3415] Connecting to cs_server url TCP:localhost:3042
INFO: [Labtools 27-3417] Launching cs_server...
INFO: [Labtools 27-2221] Launch Output:
ERROR: Cannot start server on port 3042: already in use.

ERROR: [Labtools 27-2220] Launch Error:
Unable to launch local cs_server executable.
ERROR: Cannot start server on port 3042: already in use.

ERROR: [Common 17-39] 'connect_hw_server' failed due to earlier errors.
connect_hw_server -allow_non_jtag
INFO: [Labtools 27-2285] Connecting to hw_server url TCP:localhost:3121
INFO: [Labtools 27-3415] Connecting to cs_server url TCP:localhost:3042
INFO: [Labtools 27-3417] Launching cs_server...
INFO: [Labtools 27-2221] Launch Output:
ERROR: Cannot start server on port 3042: already in use.

ERROR: [Labtools 27-2220] Launch Error:
Unable to launch local cs_server executable.
ERROR: Cannot start server on port 3042: already in use.

ERROR: [Common 17-39] 'connect_hw_server' failed due to earlier errors.
connect_hw_server -allow_non_jtag
INFO: [Labtools 27-2285] Connecting to hw_server url TCP:localhost:3121
INFO: [Labtools 27-3415] Connecting to cs_server url TCP:localhost:3042
INFO: [Labtools 27-3417] Launching cs_server...
INFO: [Labtools 27-2221] Launch Output:
ERROR: Cannot start server on port 3042: already in use.

ERROR: [Labtools 27-2220] Launch Error:
Unable to launch local cs_server executable.
ERROR: Cannot start server on port 3042: already in use.

ERROR: [Common 17-39] 'connect_hw_server' failed due to earlier errors.
connect_hw_server -allow_non_jtag
INFO: [Labtools 27-2285] Connecting to hw_server url TCP:localhost:3121
INFO: [Labtools 27-3415] Connecting to cs_server url TCP:localhost:3042
INFO: [Labtools 27-3417] Launching cs_server...
INFO: [Labtools 27-2221] Launch Output:
ERROR: Cannot start server on port 3042: already in use.

ERROR: [Labtools 27-2220] Launch Error:
Unable to launch local cs_server executable.
ERROR: Cannot start server on port 3042: already in use.

ERROR: [Common 17-39] 'connect_hw_server' failed due to earlier errors.
connect_hw_server -allow_non_jtag
INFO: [Labtools 27-2285] Connecting to hw_server url TCP:localhost:3121
INFO: [Labtools 27-3415] Connecting to cs_server url TCP:localhost:3042
INFO: [Labtools 27-3417] Launching cs_server...
INFO: [Labtools 27-2221] Launch Output:
ERROR: Cannot start server on port 3042: already in use.

ERROR: [Labtools 27-2220] Launch Error:
Unable to launch local cs_server executable.
ERROR: Cannot start server on port 3042: already in use.

ERROR: [Common 17-39] 'connect_hw_server' failed due to earlier errors.
connect_hw_server -allow_non_jtag
INFO: [Labtools 27-2285] Connecting to hw_server url TCP:localhost:3121
INFO: [Labtools 27-3415] Connecting to cs_server url TCP:localhost:3042
INFO: [Labtools 27-3417] Launching cs_server...
INFO: [Labtools 27-2221] Launch Output:
ERROR: Cannot start server on port 3042: already in use.

ERROR: [Labtools 27-2220] Launch Error:
Unable to launch local cs_server executable.
ERROR: Cannot start server on port 3042: already in use.

ERROR: [Common 17-39] 'connect_hw_server' failed due to earlier errors.
exit
INFO: [Common 17-206] Exiting Vivado at Wed Jan 29 01:50:38 2025...
