#-----------------------------------------------------------
# Vivado v2019.2 (64-bit)
# SW Build 2708876 on Wed Nov  6 21:40:23 MST 2019
# IP Build 2700528 on Thu Nov  7 00:09:20 MST 2019
# Start of session at: Sat Mar  8 16:48:40 2025
# Process ID: 13984
# Current directory: D:/FPGA_Learning_Journey/Pro/OV5640_ETH_udp___/project
# Command line: vivado.exe -gui_launcher_event rodinguilauncherevent2380 D:\FPGA_Learning_Journey\Pro\OV5640_ETH_udp___\project\project.xpr
# Log file: D:/FPGA_Learning_Journey/Pro/OV5640_ETH_udp___/project/vivado.log
# Journal file: D:/FPGA_Learning_Journey/Pro/OV5640_ETH_udp___/project\vivado.jou
#-----------------------------------------------------------
start_gui
open_project D:/FPGA_Learning_Journey/Pro/OV5640_ETH_udp___/project/project.xpr
Scanning sources...
Finished scanning sources
INFO: [IP_Flow 19-234] Refreshing IP repositories
INFO: [IP_Flow 19-1704] No user IP repositories specified
INFO: [IP_Flow 19-2313] Loaded Vivado IP repository 'D:/Xilinx/Vivado/2019.2/data/ip'.
update_compile_order -fileset sources_1
open_hw_manager
connect_hw_server -allow_non_jtag
INFO: [Labtools 27-2285] Connecting to hw_server url TCP:localhost:3121
INFO: [Labtools 27-3415] Connecting to cs_server url TCP:localhost:3042
INFO: [Labtools 27-3414] Connected to existing cs_server.
open_hw_target
INFO: [Labtoolstcl 44-466] Opening hw_target localhost:3121/xilinx_tcf/Digilent/210299847714
set_property PROGRAM.FILE {D:/FPGA_Learning_Journey/Pro/OV5640_ETH_udp___/project/project.runs/impl_1/ov5640_eth_udp.bit} [get_hw_devices xc7a35t_0]
set_property PROBES.FILE {D:/FPGA_Learning_Journey/Pro/OV5640_ETH_udp___/project/project.runs/impl_1/ov5640_eth_udp.ltx} [get_hw_devices xc7a35t_0]
set_property FULL_PROBES.FILE {D:/FPGA_Learning_Journey/Pro/OV5640_ETH_udp___/project/project.runs/impl_1/ov5640_eth_udp.ltx} [get_hw_devices xc7a35t_0]
current_hw_device [get_hw_devices xc7a35t_0]
refresh_hw_device [lindex [get_hw_devices xc7a35t_0] 0]
INFO: [Labtools 27-2302] Device xc7a35t (JTAG device index = 0) is programmed with a design that has 2 ILA core(s).
WARNING: [Labtools 27-1972] Mismatch between the design programmed into the device xc7a35t (JTAG device index = 0) and the probes file(s) D:/FPGA_Learning_Journey/Pro/OV5640_ETH_udp___/project/project.runs/impl_1/ov5640_eth_udp.ltx.
 The core at location uuid_3B505A030738513C98471D25F5B1F848 has different widths for ILA input port 0. Port width in the device core is 14, but port width in the probes file is 8.
Resolution: 
1. Reprogram device with the correct programming file and associated probes file(s) OR
2. Goto device properties and associate the correct probes file(s) with the programming file already programmed in the device.
set_property PROBES.FILE {D:/FPGA_Learning_Journey/Pro/OV5640_ETH_udp___/project/project.runs/impl_1/ov5640_eth_udp.ltx} [get_hw_devices xc7a35t_0]
set_property FULL_PROBES.FILE {D:/FPGA_Learning_Journey/Pro/OV5640_ETH_udp___/project/project.runs/impl_1/ov5640_eth_udp.ltx} [get_hw_devices xc7a35t_0]
set_property PROGRAM.FILE {D:/FPGA_Learning_Journey/Pro/OV5640_ETH_udp___/project/project.runs/impl_1/ov5640_eth_udp.bit} [get_hw_devices xc7a35t_0]
program_hw_devices [get_hw_devices xc7a35t_0]
INFO: [Labtools 27-3164] End of startup status: HIGH
refresh_hw_device [lindex [get_hw_devices xc7a35t_0] 0]
INFO: [Labtools 27-2302] Device xc7a35t (JTAG device index = 0) is programmed with a design that has 2 ILA core(s).
display_hw_ila_data [ get_hw_ila_data hw_ila_data_1 -of_objects [get_hw_ilas -of_objects [get_hw_devices xc7a35t_0] -filter {CELL_NAME=~"u_ila_0"}]]
display_hw_ila_data [ get_hw_ila_data hw_ila_data_2 -of_objects [get_hw_ilas -of_objects [get_hw_devices xc7a35t_0] -filter {CELL_NAME=~"u_ila_1"}]]
save_wave_config {D:/FPGA_Learning_Journey/Pro/OV5640_ETH_udp___/project/project.hw/hw_1/wave/hw_ila_data_1/hw_ila_data_1.wcfg}
save_wave_config {D:/FPGA_Learning_Journey/Pro/OV5640_ETH_udp___/project/project.hw/hw_1/wave/hw_ila_data_2/hw_ila_data_2.wcfg}
exit
INFO: [Common 17-206] Exiting Vivado at Sat Mar  8 16:55:55 2025...
