#-----------------------------------------------------------
# Vivado v2019.2 (64-bit)
# SW Build 2708876 on Wed Nov  6 21:40:23 MST 2019
# IP Build 2700528 on Thu Nov  7 00:09:20 MST 2019
# Start of session at: Thu Feb 27 17:13:36 2025
# Process ID: 21412
# Current directory: D:/FPGA_Learning_Journey/Pro/OV5640_DDR3_HDMI___/project
# Command line: vivado.exe -gui_launcher_event rodinguilauncherevent19732 D:\FPGA_Learning_Journey\Pro\OV5640_DDR3_HDMI___\project\project_1.xpr
# Log file: D:/FPGA_Learning_Journey/Pro/OV5640_DDR3_HDMI___/project/vivado.log
# Journal file: D:/FPGA_Learning_Journey/Pro/OV5640_DDR3_HDMI___/project\vivado.jou
#-----------------------------------------------------------
start_gui
open_project D:/FPGA_Learning_Journey/Pro/OV5640_DDR3_HDMI___/project/project_1.xpr
INFO: [Project 1-313] Project file moved from 'D:/FPGA_Learning_Journey/Pro/HDMI_DDR3_uart___/project' since last save.
Scanning sources...
Finished scanning sources
INFO: [IP_Flow 19-234] Refreshing IP repositories
INFO: [IP_Flow 19-1704] No user IP repositories specified
INFO: [IP_Flow 19-2313] Loaded Vivado IP repository 'D:/Xilinx/Vivado/2019.2/data/ip'.
open_project: Time (s): cpu = 00:00:12 ; elapsed = 00:00:08 . Memory (MB): peak = 1025.520 ; gain = 275.129
open_hw_manager
update_compile_order -fileset sources_1
connect_hw_server -allow_non_jtag
INFO: [Labtools 27-2285] Connecting to hw_server url TCP:localhost:3121
INFO: [Labtools 27-3415] Connecting to cs_server url TCP:localhost:3042
INFO: [Labtools 27-3414] Connected to existing cs_server.
open_hw_target
INFO: [Labtoolstcl 44-466] Opening hw_target localhost:3121/xilinx_tcf/Digilent/210299847714
set_property PROGRAM.FILE {D:/FPGA_Learning_Journey/Pro/OV5640_DDR3_HDMI___/project/project_1.runs/impl_1/ddr3_test.bit} [get_hw_devices xc7a35t_0]
set_property PROBES.FILE {D:/FPGA_Learning_Journey/Pro/OV5640_DDR3_HDMI___/project/project_1.runs/impl_1/ddr3_test.ltx} [get_hw_devices xc7a35t_0]
set_property FULL_PROBES.FILE {D:/FPGA_Learning_Journey/Pro/OV5640_DDR3_HDMI___/project/project_1.runs/impl_1/ddr3_test.ltx} [get_hw_devices xc7a35t_0]
current_hw_device [get_hw_devices xc7a35t_0]
refresh_hw_device [lindex [get_hw_devices xc7a35t_0] 0]
INFO: [Labtools 27-1434] Device xc7a35t (JTAG device index = 0) is programmed with a design that has no supported debug core(s) in it.
WARNING: [Labtools 27-3361] The debug hub core was not detected.
Resolution: 
1. Make sure the clock connected to the debug hub (dbg_hub) core is a free running clock and is active.
2. Make sure the BSCAN_SWITCH_USER_MASK device property in Vivado Hardware Manager reflects the user scan chain setting in the design and refresh the device.  To determine the user scan chain setting in the design, open the implemented design and use 'get_property C_USER_SCAN_CHAIN [get_debug_cores dbg_hub]'.
For more details on setting the scan chain property, consult the Vivado Debug and Programming User Guide (UG908).
WARNING: [Labtools 27-3413] Dropping logic core with cellname:'u_ila_0' at location 'uuid_23E7D65A79BC59F7BC47406C1714DFAE' from probes file, since it cannot be found on the programmed device.
WARNING: [Labtools 27-3413] Dropping logic core with cellname:'u_ila_1' at location 'uuid_3B505A030738513C98471D25F5B1F848' from probes file, since it cannot be found on the programmed device.
set_property PROBES.FILE {D:/FPGA_Learning_Journey/Pro/OV5640_DDR3_HDMI___/project/project_1.runs/impl_1/ddr3_test.ltx} [get_hw_devices xc7a35t_0]
set_property FULL_PROBES.FILE {D:/FPGA_Learning_Journey/Pro/OV5640_DDR3_HDMI___/project/project_1.runs/impl_1/ddr3_test.ltx} [get_hw_devices xc7a35t_0]
set_property PROGRAM.FILE {D:/FPGA_Learning_Journey/Pro/OV5640_DDR3_HDMI___/project/project_1.runs/impl_1/ddr3_test.bit} [get_hw_devices xc7a35t_0]
program_hw_devices [get_hw_devices xc7a35t_0]
INFO: [Labtools 27-3164] End of startup status: HIGH
refresh_hw_device [lindex [get_hw_devices xc7a35t_0] 0]
INFO: [Labtools 27-2302] Device xc7a35t (JTAG device index = 0) is programmed with a design that has 2 ILA core(s).
display_hw_ila_data [ get_hw_ila_data hw_ila_data_1 -of_objects [get_hw_ilas -of_objects [get_hw_devices xc7a35t_0] -filter {CELL_NAME=~"u_ila_0"}]]
display_hw_ila_data [ get_hw_ila_data hw_ila_data_2 -of_objects [get_hw_ilas -of_objects [get_hw_devices xc7a35t_0] -filter {CELL_NAME=~"u_ila_1"}]]
open_run synth_1 -name synth_1
Design is defaulting to impl run constrset: constrs_1
Design is defaulting to synth run part: xc7a35tfgg484-2
INFO: [Device 21-403] Loading part xc7a35tfgg484-2
INFO: [Project 1-454] Reading design checkpoint 'd:/FPGA_Learning_Journey/Pro/OV5640_DDR3_HDMI___/project/project_1.srcs/sources_1/ip/clk_wiz_0/clk_wiz_0.dcp' for cell 'clk_wiz_inst'
INFO: [Project 1-454] Reading design checkpoint 'd:/FPGA_Learning_Journey/Pro/OV5640_DDR3_HDMI___/project/project_1.srcs/sources_1/ip/axi_ddr/axi_ddr.dcp' for cell 'ddr_rw_inst/u_axi_ddr'
INFO: [Project 1-454] Reading design checkpoint 'd:/FPGA_Learning_Journey/Pro/OV5640_DDR3_HDMI___/project/project_1.srcs/sources_1/ip/rd_fifo/rd_fifo.dcp' for cell 'ddr_rw_inst/axi_ctrl_inst/rd_fifo_inst'
INFO: [Project 1-454] Reading design checkpoint 'd:/FPGA_Learning_Journey/Pro/OV5640_DDR3_HDMI___/project/project_1.srcs/sources_1/ip/wr_fifo/wr_fifo.dcp' for cell 'ddr_rw_inst/axi_ctrl_inst/wr_fifo_inst'
Netlist sorting complete. Time (s): cpu = 00:00:00 ; elapsed = 00:00:00.119 . Memory (MB): peak = 2799.211 ; gain = 0.000
INFO: [Netlist 29-17] Analyzing 442 Unisim elements for replacement
INFO: [Netlist 29-28] Unisim Transformation completed in 0 CPU seconds
INFO: [Project 1-479] Netlist was created with Vivado 2019.2
INFO: [Project 1-570] Preparing netlist for logic optimization
Parsing XDC File [d:/FPGA_Learning_Journey/Pro/OV5640_DDR3_HDMI___/project/project_1.srcs/sources_1/ip/axi_ddr/axi_ddr/user_design/constraints/axi_ddr.xdc] for cell 'ddr_rw_inst/u_axi_ddr'
Finished Parsing XDC File [d:/FPGA_Learning_Journey/Pro/OV5640_DDR3_HDMI___/project/project_1.srcs/sources_1/ip/axi_ddr/axi_ddr/user_design/constraints/axi_ddr.xdc] for cell 'ddr_rw_inst/u_axi_ddr'
Parsing XDC File [d:/FPGA_Learning_Journey/Pro/OV5640_DDR3_HDMI___/project/project_1.srcs/sources_1/ip/rd_fifo/rd_fifo.xdc] for cell 'ddr_rw_inst/axi_ctrl_inst/rd_fifo_inst/U0'
Finished Parsing XDC File [d:/FPGA_Learning_Journey/Pro/OV5640_DDR3_HDMI___/project/project_1.srcs/sources_1/ip/rd_fifo/rd_fifo.xdc] for cell 'ddr_rw_inst/axi_ctrl_inst/rd_fifo_inst/U0'
Parsing XDC File [d:/FPGA_Learning_Journey/Pro/OV5640_DDR3_HDMI___/project/project_1.srcs/sources_1/ip/clk_wiz_0/clk_wiz_0_board.xdc] for cell 'clk_wiz_inst/inst'
Finished Parsing XDC File [d:/FPGA_Learning_Journey/Pro/OV5640_DDR3_HDMI___/project/project_1.srcs/sources_1/ip/clk_wiz_0/clk_wiz_0_board.xdc] for cell 'clk_wiz_inst/inst'
Parsing XDC File [d:/FPGA_Learning_Journey/Pro/OV5640_DDR3_HDMI___/project/project_1.srcs/sources_1/ip/clk_wiz_0/clk_wiz_0.xdc] for cell 'clk_wiz_inst/inst'
INFO: [Timing 38-35] Done setting XDC timing constraints. [d:/FPGA_Learning_Journey/Pro/OV5640_DDR3_HDMI___/project/project_1.srcs/sources_1/ip/clk_wiz_0/clk_wiz_0.xdc:57]
INFO: [Timing 38-2] Deriving generated clocks [d:/FPGA_Learning_Journey/Pro/OV5640_DDR3_HDMI___/project/project_1.srcs/sources_1/ip/clk_wiz_0/clk_wiz_0.xdc:57]
get_clocks: Time (s): cpu = 00:00:06 ; elapsed = 00:00:06 . Memory (MB): peak = 3514.258 ; gain = 555.805
Finished Parsing XDC File [d:/FPGA_Learning_Journey/Pro/OV5640_DDR3_HDMI___/project/project_1.srcs/sources_1/ip/clk_wiz_0/clk_wiz_0.xdc] for cell 'clk_wiz_inst/inst'
Parsing XDC File [d:/FPGA_Learning_Journey/Pro/OV5640_DDR3_HDMI___/project/project_1.srcs/sources_1/ip/wr_fifo/wr_fifo.xdc] for cell 'ddr_rw_inst/axi_ctrl_inst/wr_fifo_inst/U0'
Finished Parsing XDC File [d:/FPGA_Learning_Journey/Pro/OV5640_DDR3_HDMI___/project/project_1.srcs/sources_1/ip/wr_fifo/wr_fifo.xdc] for cell 'ddr_rw_inst/axi_ctrl_inst/wr_fifo_inst/U0'
Parsing XDC File [D:/FPGA_Learning_Journey/Pro/OV5640_DDR3_HDMI___/project/project_1.srcs/constrs_1/new/ddr3.xdc]
Finished Parsing XDC File [D:/FPGA_Learning_Journey/Pro/OV5640_DDR3_HDMI___/project/project_1.srcs/constrs_1/new/ddr3.xdc]
Parsing XDC File [d:/FPGA_Learning_Journey/Pro/OV5640_DDR3_HDMI___/project/project_1.srcs/sources_1/ip/rd_fifo/rd_fifo_clocks.xdc] for cell 'ddr_rw_inst/axi_ctrl_inst/rd_fifo_inst/U0'
Finished Parsing XDC File [d:/FPGA_Learning_Journey/Pro/OV5640_DDR3_HDMI___/project/project_1.srcs/sources_1/ip/rd_fifo/rd_fifo_clocks.xdc] for cell 'ddr_rw_inst/axi_ctrl_inst/rd_fifo_inst/U0'
Parsing XDC File [d:/FPGA_Learning_Journey/Pro/OV5640_DDR3_HDMI___/project/project_1.srcs/sources_1/ip/wr_fifo/wr_fifo_clocks.xdc] for cell 'ddr_rw_inst/axi_ctrl_inst/wr_fifo_inst/U0'
Finished Parsing XDC File [d:/FPGA_Learning_Journey/Pro/OV5640_DDR3_HDMI___/project/project_1.srcs/sources_1/ip/wr_fifo/wr_fifo_clocks.xdc] for cell 'ddr_rw_inst/axi_ctrl_inst/wr_fifo_inst/U0'
Sourcing Tcl File [D:/Xilinx/Vivado/2019.2/data/ip/xpm/xpm_cdc/tcl/xpm_cdc_gray.tcl] for cell 'ddr_rw_inst/axi_ctrl_inst/rd_fifo_inst/U0/inst_fifo_gen/gconvfifo.rf/grf.rf/gntv_or_sync_fifo.gcx.clkx/wr_pntr_cdc_inst'
Finished Sourcing Tcl File [D:/Xilinx/Vivado/2019.2/data/ip/xpm/xpm_cdc/tcl/xpm_cdc_gray.tcl] for cell 'ddr_rw_inst/axi_ctrl_inst/rd_fifo_inst/U0/inst_fifo_gen/gconvfifo.rf/grf.rf/gntv_or_sync_fifo.gcx.clkx/wr_pntr_cdc_inst'
Sourcing Tcl File [D:/Xilinx/Vivado/2019.2/data/ip/xpm/xpm_cdc/tcl/xpm_cdc_gray.tcl] for cell 'ddr_rw_inst/axi_ctrl_inst/rd_fifo_inst/U0/inst_fifo_gen/gconvfifo.rf/grf.rf/gntv_or_sync_fifo.gcx.clkx/rd_pntr_cdc_inst'
Finished Sourcing Tcl File [D:/Xilinx/Vivado/2019.2/data/ip/xpm/xpm_cdc/tcl/xpm_cdc_gray.tcl] for cell 'ddr_rw_inst/axi_ctrl_inst/rd_fifo_inst/U0/inst_fifo_gen/gconvfifo.rf/grf.rf/gntv_or_sync_fifo.gcx.clkx/rd_pntr_cdc_inst'
Sourcing Tcl File [D:/Xilinx/Vivado/2019.2/data/ip/xpm/xpm_cdc/tcl/xpm_cdc_gray.tcl] for cell 'ddr_rw_inst/axi_ctrl_inst/wr_fifo_inst/U0/inst_fifo_gen/gconvfifo.rf/grf.rf/gntv_or_sync_fifo.gcx.clkx/wr_pntr_cdc_inst'
Finished Sourcing Tcl File [D:/Xilinx/Vivado/2019.2/data/ip/xpm/xpm_cdc/tcl/xpm_cdc_gray.tcl] for cell 'ddr_rw_inst/axi_ctrl_inst/wr_fifo_inst/U0/inst_fifo_gen/gconvfifo.rf/grf.rf/gntv_or_sync_fifo.gcx.clkx/wr_pntr_cdc_inst'
Sourcing Tcl File [D:/Xilinx/Vivado/2019.2/data/ip/xpm/xpm_cdc/tcl/xpm_cdc_gray.tcl] for cell 'ddr_rw_inst/axi_ctrl_inst/wr_fifo_inst/U0/inst_fifo_gen/gconvfifo.rf/grf.rf/gntv_or_sync_fifo.gcx.clkx/rd_pntr_cdc_inst'
Finished Sourcing Tcl File [D:/Xilinx/Vivado/2019.2/data/ip/xpm/xpm_cdc/tcl/xpm_cdc_gray.tcl] for cell 'ddr_rw_inst/axi_ctrl_inst/wr_fifo_inst/U0/inst_fifo_gen/gconvfifo.rf/grf.rf/gntv_or_sync_fifo.gcx.clkx/rd_pntr_cdc_inst'
INFO: [Opt 31-138] Pushed 0 inverter(s) to 0 load pin(s).
Netlist sorting complete. Time (s): cpu = 00:00:00 ; elapsed = 00:00:00.002 . Memory (MB): peak = 3514.258 ; gain = 0.000
INFO: [Project 1-111] Unisim Transformation Summary:
  A total of 108 instances were transformed.
  IOBUFDS_INTERMDISABLE => IOBUFDS_INTERMDISABLE (IBUFDS_INTERMDISABLE_INT(x2), INV, OBUFTDS(x2)): 2 instances
  IOBUF_INTERMDISABLE => IOBUF_INTERMDISABLE (IBUF_INTERMDISABLE, OBUFT): 16 instances
  OBUFDS => OBUFDS_DUAL_BUF (INV, OBUFDS(x2)): 1 instance 
  RAM32M => RAM32M (RAMD32(x6), RAMS32(x2)): 89 instances

open_run: Time (s): cpu = 00:00:20 ; elapsed = 00:00:18 . Memory (MB): peak = 3536.145 ; gain = 775.160
delete_debug_core [get_debug_cores {u_ila_0 }]
delete_debug_core [get_debug_cores {u_ila_1 }]
save_constraints
reset_run synth_1
launch_runs synth_1 -jobs 12
[Thu Feb 27 17:32:47 2025] Launched synth_1...
Run output will be captured here: D:/FPGA_Learning_Journey/Pro/OV5640_DDR3_HDMI___/project/project_1.runs/synth_1/runme.log
export_ip_user_files -of_objects  [get_files D:/FPGA_Learning_Journey/Pro/OV5640_DDR3_HDMI___/src/uart/bit8_trans_bit32.v] -no_script -reset -force -quiet
remove_files  D:/FPGA_Learning_Journey/Pro/OV5640_DDR3_HDMI___/src/uart/bit8_trans_bit32.v
export_ip_user_files -of_objects  [get_files D:/FPGA_Learning_Journey/Pro/OV5640_DDR3_HDMI___/src/hdmi/vga_image_gen.v] -no_script -reset -force -quiet
remove_files  D:/FPGA_Learning_Journey/Pro/OV5640_DDR3_HDMI___/src/hdmi/vga_image_gen.v
add_files -norecurse {D:/FPGA_Learning_Journey/Pro/OV5640_DDR3_HDMI___/src/ov5640/ov5640_data.v D:/FPGA_Learning_Journey/Pro/OV5640_DDR3_HDMI___/src/ov5640/i2c_ctrl.v D:/FPGA_Learning_Journey/Pro/OV5640_DDR3_HDMI___/src/ov5640/ov5640_cfg.v D:/FPGA_Learning_Journey/Pro/OV5640_DDR3_HDMI___/src/ov5640/ov5640_top.v}
update_compile_order -fileset sources_1
reset_run synth_1
launch_runs synth_1 -jobs 12
[Thu Feb 27 17:34:21 2025] Launched synth_1...
Run output will be captured here: D:/FPGA_Learning_Journey/Pro/OV5640_DDR3_HDMI___/project/project_1.runs/synth_1/runme.log
close_design
open_run synth_1 -name synth_1
Design is defaulting to impl run constrset: constrs_1
Design is defaulting to synth run part: xc7a35tfgg484-2
INFO: [Project 1-454] Reading design checkpoint 'd:/FPGA_Learning_Journey/Pro/OV5640_DDR3_HDMI___/project/project_1.srcs/sources_1/ip/clk_wiz_0/clk_wiz_0.dcp' for cell 'clk_wiz_inst'
INFO: [Project 1-454] Reading design checkpoint 'd:/FPGA_Learning_Journey/Pro/OV5640_DDR3_HDMI___/project/project_1.srcs/sources_1/ip/axi_ddr/axi_ddr.dcp' for cell 'ddr_rw_inst/u_axi_ddr'
INFO: [Project 1-454] Reading design checkpoint 'd:/FPGA_Learning_Journey/Pro/OV5640_DDR3_HDMI___/project/project_1.srcs/sources_1/ip/rd_fifo/rd_fifo.dcp' for cell 'ddr_rw_inst/axi_ctrl_inst/rd_fifo_inst'
INFO: [Project 1-454] Reading design checkpoint 'd:/FPGA_Learning_Journey/Pro/OV5640_DDR3_HDMI___/project/project_1.srcs/sources_1/ip/wr_fifo/wr_fifo.dcp' for cell 'ddr_rw_inst/axi_ctrl_inst/wr_fifo_inst'
Netlist sorting complete. Time (s): cpu = 00:00:00 ; elapsed = 00:00:00.123 . Memory (MB): peak = 3574.754 ; gain = 0.000
INFO: [Netlist 29-17] Analyzing 486 Unisim elements for replacement
INFO: [Netlist 29-28] Unisim Transformation completed in 0 CPU seconds
INFO: [Project 1-479] Netlist was created with Vivado 2019.2
INFO: [Project 1-570] Preparing netlist for logic optimization
Parsing XDC File [d:/FPGA_Learning_Journey/Pro/OV5640_DDR3_HDMI___/project/project_1.srcs/sources_1/ip/axi_ddr/axi_ddr/user_design/constraints/axi_ddr.xdc] for cell 'ddr_rw_inst/u_axi_ddr'
Finished Parsing XDC File [d:/FPGA_Learning_Journey/Pro/OV5640_DDR3_HDMI___/project/project_1.srcs/sources_1/ip/axi_ddr/axi_ddr/user_design/constraints/axi_ddr.xdc] for cell 'ddr_rw_inst/u_axi_ddr'
Parsing XDC File [d:/FPGA_Learning_Journey/Pro/OV5640_DDR3_HDMI___/project/project_1.srcs/sources_1/ip/rd_fifo/rd_fifo.xdc] for cell 'ddr_rw_inst/axi_ctrl_inst/rd_fifo_inst/U0'
Finished Parsing XDC File [d:/FPGA_Learning_Journey/Pro/OV5640_DDR3_HDMI___/project/project_1.srcs/sources_1/ip/rd_fifo/rd_fifo.xdc] for cell 'ddr_rw_inst/axi_ctrl_inst/rd_fifo_inst/U0'
Parsing XDC File [d:/FPGA_Learning_Journey/Pro/OV5640_DDR3_HDMI___/project/project_1.srcs/sources_1/ip/clk_wiz_0/clk_wiz_0_board.xdc] for cell 'clk_wiz_inst/inst'
Finished Parsing XDC File [d:/FPGA_Learning_Journey/Pro/OV5640_DDR3_HDMI___/project/project_1.srcs/sources_1/ip/clk_wiz_0/clk_wiz_0_board.xdc] for cell 'clk_wiz_inst/inst'
Parsing XDC File [d:/FPGA_Learning_Journey/Pro/OV5640_DDR3_HDMI___/project/project_1.srcs/sources_1/ip/clk_wiz_0/clk_wiz_0.xdc] for cell 'clk_wiz_inst/inst'
INFO: [Timing 38-35] Done setting XDC timing constraints. [d:/FPGA_Learning_Journey/Pro/OV5640_DDR3_HDMI___/project/project_1.srcs/sources_1/ip/clk_wiz_0/clk_wiz_0.xdc:57]
INFO: [Timing 38-2] Deriving generated clocks [d:/FPGA_Learning_Journey/Pro/OV5640_DDR3_HDMI___/project/project_1.srcs/sources_1/ip/clk_wiz_0/clk_wiz_0.xdc:57]
Finished Parsing XDC File [d:/FPGA_Learning_Journey/Pro/OV5640_DDR3_HDMI___/project/project_1.srcs/sources_1/ip/clk_wiz_0/clk_wiz_0.xdc] for cell 'clk_wiz_inst/inst'
Parsing XDC File [d:/FPGA_Learning_Journey/Pro/OV5640_DDR3_HDMI___/project/project_1.srcs/sources_1/ip/wr_fifo/wr_fifo.xdc] for cell 'ddr_rw_inst/axi_ctrl_inst/wr_fifo_inst/U0'
Finished Parsing XDC File [d:/FPGA_Learning_Journey/Pro/OV5640_DDR3_HDMI___/project/project_1.srcs/sources_1/ip/wr_fifo/wr_fifo.xdc] for cell 'ddr_rw_inst/axi_ctrl_inst/wr_fifo_inst/U0'
Parsing XDC File [D:/FPGA_Learning_Journey/Pro/OV5640_DDR3_HDMI___/project/project_1.srcs/constrs_1/new/ddr3.xdc]
Finished Parsing XDC File [D:/FPGA_Learning_Journey/Pro/OV5640_DDR3_HDMI___/project/project_1.srcs/constrs_1/new/ddr3.xdc]
Parsing XDC File [d:/FPGA_Learning_Journey/Pro/OV5640_DDR3_HDMI___/project/project_1.srcs/sources_1/ip/rd_fifo/rd_fifo_clocks.xdc] for cell 'ddr_rw_inst/axi_ctrl_inst/rd_fifo_inst/U0'
Finished Parsing XDC File [d:/FPGA_Learning_Journey/Pro/OV5640_DDR3_HDMI___/project/project_1.srcs/sources_1/ip/rd_fifo/rd_fifo_clocks.xdc] for cell 'ddr_rw_inst/axi_ctrl_inst/rd_fifo_inst/U0'
Parsing XDC File [d:/FPGA_Learning_Journey/Pro/OV5640_DDR3_HDMI___/project/project_1.srcs/sources_1/ip/wr_fifo/wr_fifo_clocks.xdc] for cell 'ddr_rw_inst/axi_ctrl_inst/wr_fifo_inst/U0'
Finished Parsing XDC File [d:/FPGA_Learning_Journey/Pro/OV5640_DDR3_HDMI___/project/project_1.srcs/sources_1/ip/wr_fifo/wr_fifo_clocks.xdc] for cell 'ddr_rw_inst/axi_ctrl_inst/wr_fifo_inst/U0'
Sourcing Tcl File [D:/Xilinx/Vivado/2019.2/data/ip/xpm/xpm_cdc/tcl/xpm_cdc_gray.tcl] for cell 'ddr_rw_inst/axi_ctrl_inst/rd_fifo_inst/U0/inst_fifo_gen/gconvfifo.rf/grf.rf/gntv_or_sync_fifo.gcx.clkx/wr_pntr_cdc_inst'
Finished Sourcing Tcl File [D:/Xilinx/Vivado/2019.2/data/ip/xpm/xpm_cdc/tcl/xpm_cdc_gray.tcl] for cell 'ddr_rw_inst/axi_ctrl_inst/rd_fifo_inst/U0/inst_fifo_gen/gconvfifo.rf/grf.rf/gntv_or_sync_fifo.gcx.clkx/wr_pntr_cdc_inst'
Sourcing Tcl File [D:/Xilinx/Vivado/2019.2/data/ip/xpm/xpm_cdc/tcl/xpm_cdc_gray.tcl] for cell 'ddr_rw_inst/axi_ctrl_inst/rd_fifo_inst/U0/inst_fifo_gen/gconvfifo.rf/grf.rf/gntv_or_sync_fifo.gcx.clkx/rd_pntr_cdc_inst'
Finished Sourcing Tcl File [D:/Xilinx/Vivado/2019.2/data/ip/xpm/xpm_cdc/tcl/xpm_cdc_gray.tcl] for cell 'ddr_rw_inst/axi_ctrl_inst/rd_fifo_inst/U0/inst_fifo_gen/gconvfifo.rf/grf.rf/gntv_or_sync_fifo.gcx.clkx/rd_pntr_cdc_inst'
Sourcing Tcl File [D:/Xilinx/Vivado/2019.2/data/ip/xpm/xpm_cdc/tcl/xpm_cdc_gray.tcl] for cell 'ddr_rw_inst/axi_ctrl_inst/wr_fifo_inst/U0/inst_fifo_gen/gconvfifo.rf/grf.rf/gntv_or_sync_fifo.gcx.clkx/wr_pntr_cdc_inst'
Finished Sourcing Tcl File [D:/Xilinx/Vivado/2019.2/data/ip/xpm/xpm_cdc/tcl/xpm_cdc_gray.tcl] for cell 'ddr_rw_inst/axi_ctrl_inst/wr_fifo_inst/U0/inst_fifo_gen/gconvfifo.rf/grf.rf/gntv_or_sync_fifo.gcx.clkx/wr_pntr_cdc_inst'
Sourcing Tcl File [D:/Xilinx/Vivado/2019.2/data/ip/xpm/xpm_cdc/tcl/xpm_cdc_gray.tcl] for cell 'ddr_rw_inst/axi_ctrl_inst/wr_fifo_inst/U0/inst_fifo_gen/gconvfifo.rf/grf.rf/gntv_or_sync_fifo.gcx.clkx/rd_pntr_cdc_inst'
Finished Sourcing Tcl File [D:/Xilinx/Vivado/2019.2/data/ip/xpm/xpm_cdc/tcl/xpm_cdc_gray.tcl] for cell 'ddr_rw_inst/axi_ctrl_inst/wr_fifo_inst/U0/inst_fifo_gen/gconvfifo.rf/grf.rf/gntv_or_sync_fifo.gcx.clkx/rd_pntr_cdc_inst'
INFO: [Opt 31-138] Pushed 0 inverter(s) to 0 load pin(s).
Netlist sorting complete. Time (s): cpu = 00:00:00 ; elapsed = 00:00:00.001 . Memory (MB): peak = 3671.750 ; gain = 0.000
INFO: [Project 1-111] Unisim Transformation Summary:
  A total of 109 instances were transformed.
  IOBUF => IOBUF (IBUF, OBUFT): 1 instance 
  IOBUFDS_INTERMDISABLE => IOBUFDS_INTERMDISABLE (IBUFDS_INTERMDISABLE_INT(x2), INV, OBUFTDS(x2)): 2 instances
  IOBUF_INTERMDISABLE => IOBUF_INTERMDISABLE (IBUF_INTERMDISABLE, OBUFT): 16 instances
  OBUFDS => OBUFDS_DUAL_BUF (INV, OBUFDS(x2)): 1 instance 
  RAM32M => RAM32M (RAMD32(x6), RAMS32(x2)): 89 instances

set_property IOSTANDARD LVCMOS33 [get_ports [list {ov5640_data[7]} {ov5640_data[6]} {ov5640_data[5]} {ov5640_data[4]} {ov5640_data[3]} {ov5640_data[2]} {ov5640_data[1]} {ov5640_data[0]}]]
place_ports {ov5640_data[7]} F13
place_ports {ov5640_data[6]} E13
place_ports {ov5640_data[5]} E14
place_ports {ov5640_data[4]} D14
place_ports {ov5640_data[3]} D15
place_ports {ov5640_data[2]} C13
place_ports {ov5640_data[1]} B13
place_ports {ov5640_data[0]} C14
place_ports ov5640_href B15
place_ports ov5640_pclk F14
place_ports ov5640_pwdn F16
place_ports ov5640_rst_n C15
place_ports ov5640_vsync E16
place_ports sccb_scl D16
place_ports sccb_sda B16
set_property IOSTANDARD LVCMOS33 [get_ports [list sccb_sda]]
set_property IOSTANDARD LVCMOS33 [get_ports [list sccb_scl]]
set_property IOSTANDARD LVCMOS33 [get_ports [list ov5640_vsync]]
set_property IOSTANDARD LVCMOS33 [get_ports [list ov5640_rst_n]]
set_property IOSTANDARD LVCMOS33 [get_ports [list ov5640_pwdn]]
set_property IOSTANDARD LVCMOS33 [get_ports [list ov5640_pclk]]
set_property IOSTANDARD LVCMOS33 [get_ports [list ov5640_href]]
save_constraints
create_debug_core u_ila_0 ila
set_property C_DATA_DEPTH 4096 [get_debug_cores u_ila_0]
set_property C_TRIGIN_EN false [get_debug_cores u_ila_0]
set_property C_TRIGOUT_EN false [get_debug_cores u_ila_0]
set_property C_ADV_TRIGGER false [get_debug_cores u_ila_0]
set_property C_INPUT_PIPE_STAGES 0 [get_debug_cores u_ila_0]
set_property C_EN_STRG_QUAL false [get_debug_cores u_ila_0]
set_property ALL_PROBE_SAME_MU true [get_debug_cores u_ila_0]
set_property ALL_PROBE_SAME_MU_CNT 1 [get_debug_cores u_ila_0]
create_debug_core u_ila_1 ila
set_property C_DATA_DEPTH 4096 [get_debug_cores u_ila_1]
set_property C_TRIGIN_EN false [get_debug_cores u_ila_1]
set_property C_TRIGOUT_EN false [get_debug_cores u_ila_1]
set_property C_ADV_TRIGGER false [get_debug_cores u_ila_1]
set_property C_INPUT_PIPE_STAGES 0 [get_debug_cores u_ila_1]
set_property C_EN_STRG_QUAL false [get_debug_cores u_ila_1]
set_property ALL_PROBE_SAME_MU true [get_debug_cores u_ila_1]
set_property ALL_PROBE_SAME_MU_CNT 1 [get_debug_cores u_ila_1]
create_debug_core u_ila_2 ila
set_property C_DATA_DEPTH 4096 [get_debug_cores u_ila_2]
set_property C_TRIGIN_EN false [get_debug_cores u_ila_2]
set_property C_TRIGOUT_EN false [get_debug_cores u_ila_2]
set_property C_ADV_TRIGGER false [get_debug_cores u_ila_2]
set_property C_INPUT_PIPE_STAGES 0 [get_debug_cores u_ila_2]
set_property C_EN_STRG_QUAL false [get_debug_cores u_ila_2]
set_property ALL_PROBE_SAME_MU true [get_debug_cores u_ila_2]
set_property ALL_PROBE_SAME_MU_CNT 1 [get_debug_cores u_ila_2]
connect_debug_port u_ila_0/clk [get_nets [list clk_wiz_inst/inst/clk_50m ]]
connect_debug_port u_ila_1/clk [get_nets [list clk_wiz_inst/inst/clk_25m ]]
connect_debug_port u_ila_2/clk [get_nets [list ov5640_top_inst/cfg_clk_BUFG ]]
set_property port_width 8 [get_debug_ports u_ila_0/probe0]
set_property PROBE_TYPE DATA_AND_TRIGGER [get_debug_ports u_ila_0/probe0]
connect_debug_port u_ila_0/probe0 [get_nets [list {wr_data[0]} {wr_data[1]} {wr_data[2]} {wr_data[3]} {wr_data[4]} {wr_data[5]} {wr_data[6]} {wr_data[7]} ]]
create_debug_port u_ila_0 probe
set_property port_width 24 [get_debug_ports u_ila_0/probe1]
set_property PROBE_TYPE DATA_AND_TRIGGER [get_debug_ports u_ila_0/probe1]
connect_debug_port u_ila_0/probe1 [get_nets [list {ddr_data_inst/byte_rx_cnt[0]} {ddr_data_inst/byte_rx_cnt[1]} {ddr_data_inst/byte_rx_cnt[2]} {ddr_data_inst/byte_rx_cnt[3]} {ddr_data_inst/byte_rx_cnt[4]} {ddr_data_inst/byte_rx_cnt[5]} {ddr_data_inst/byte_rx_cnt[6]} {ddr_data_inst/byte_rx_cnt[7]} {ddr_data_inst/byte_rx_cnt[8]} {ddr_data_inst/byte_rx_cnt[9]} {ddr_data_inst/byte_rx_cnt[10]} {ddr_data_inst/byte_rx_cnt[11]} {ddr_data_inst/byte_rx_cnt[12]} {ddr_data_inst/byte_rx_cnt[13]} {ddr_data_inst/byte_rx_cnt[14]} {ddr_data_inst/byte_rx_cnt[15]} {ddr_data_inst/byte_rx_cnt[16]} {ddr_data_inst/byte_rx_cnt[17]} {ddr_data_inst/byte_rx_cnt[18]} {ddr_data_inst/byte_rx_cnt[19]} {ddr_data_inst/byte_rx_cnt[20]} {ddr_data_inst/byte_rx_cnt[21]} {ddr_data_inst/byte_rx_cnt[22]} {ddr_data_inst/byte_rx_cnt[23]} ]]
create_debug_port u_ila_0 probe
set_property port_width 8 [get_debug_ports u_ila_0/probe2]
set_property PROBE_TYPE DATA_AND_TRIGGER [get_debug_ports u_ila_0/probe2]
connect_debug_port u_ila_0/probe2 [get_nets [list {ddr_data_inst/uart_rx_data[0]} {ddr_data_inst/uart_rx_data[1]} {ddr_data_inst/uart_rx_data[2]} {ddr_data_inst/uart_rx_data[3]} {ddr_data_inst/uart_rx_data[4]} {ddr_data_inst/uart_rx_data[5]} {ddr_data_inst/uart_rx_data[6]} {ddr_data_inst/uart_rx_data[7]} ]]
create_debug_port u_ila_0 probe
set_property port_width 24 [get_debug_ports u_ila_0/probe3]
set_property PROBE_TYPE DATA_AND_TRIGGER [get_debug_ports u_ila_0/probe3]
connect_debug_port u_ila_0/probe3 [get_nets [list {ddr_data_inst/byte4_tx_cnt[0]} {ddr_data_inst/byte4_tx_cnt[1]} {ddr_data_inst/byte4_tx_cnt[2]} {ddr_data_inst/byte4_tx_cnt[3]} {ddr_data_inst/byte4_tx_cnt[4]} {ddr_data_inst/byte4_tx_cnt[5]} {ddr_data_inst/byte4_tx_cnt[6]} {ddr_data_inst/byte4_tx_cnt[7]} {ddr_data_inst/byte4_tx_cnt[8]} {ddr_data_inst/byte4_tx_cnt[9]} {ddr_data_inst/byte4_tx_cnt[10]} {ddr_data_inst/byte4_tx_cnt[11]} {ddr_data_inst/byte4_tx_cnt[12]} {ddr_data_inst/byte4_tx_cnt[13]} {ddr_data_inst/byte4_tx_cnt[14]} {ddr_data_inst/byte4_tx_cnt[15]} {ddr_data_inst/byte4_tx_cnt[16]} {ddr_data_inst/byte4_tx_cnt[17]} {ddr_data_inst/byte4_tx_cnt[18]} {ddr_data_inst/byte4_tx_cnt[19]} {ddr_data_inst/byte4_tx_cnt[20]} {ddr_data_inst/byte4_tx_cnt[21]} {ddr_data_inst/byte4_tx_cnt[22]} {ddr_data_inst/byte4_tx_cnt[23]} ]]
create_debug_port u_ila_0 probe
set_property port_width 1 [get_debug_ports u_ila_0/probe4]
set_property PROBE_TYPE DATA_AND_TRIGGER [get_debug_ports u_ila_0/probe4]
connect_debug_port u_ila_0/probe4 [get_nets [list read_enable ]]
create_debug_port u_ila_0 probe
set_property port_width 1 [get_debug_ports u_ila_0/probe5]
set_property PROBE_TYPE DATA_AND_TRIGGER [get_debug_ports u_ila_0/probe5]
connect_debug_port u_ila_0/probe5 [get_nets [list ddr_data_inst/uart_rx_done ]]
create_debug_port u_ila_0 probe
set_property port_width 1 [get_debug_ports u_ila_0/probe6]
set_property PROBE_TYPE DATA_AND_TRIGGER [get_debug_ports u_ila_0/probe6]
connect_debug_port u_ila_0/probe6 [get_nets [list ddr_data_inst/uart_tx_done ]]
create_debug_port u_ila_0 probe
set_property port_width 1 [get_debug_ports u_ila_0/probe7]
set_property PROBE_TYPE DATA_AND_TRIGGER [get_debug_ports u_ila_0/probe7]
connect_debug_port u_ila_0/probe7 [get_nets [list wr_en ]]
set_property port_width 32 [get_debug_ports u_ila_1/probe0]
set_property PROBE_TYPE DATA_AND_TRIGGER [get_debug_ports u_ila_1/probe0]
connect_debug_port u_ila_1/probe0 [get_nets [list {rd_data[0]} {rd_data[1]} {rd_data[2]} {rd_data[3]} {rd_data[4]} {rd_data[5]} {rd_data[6]} {rd_data[7]} {rd_data[8]} {rd_data[9]} {rd_data[10]} {rd_data[11]} {rd_data[12]} {rd_data[13]} {rd_data[14]} {rd_data[15]} {rd_data[16]} {rd_data[17]} {rd_data[18]} {rd_data[19]} {rd_data[20]} {rd_data[21]} {rd_data[22]} {rd_data[23]} {rd_data[24]} {rd_data[25]} {rd_data[26]} {rd_data[27]} {rd_data[28]} {rd_data[29]} {rd_data[30]} {rd_data[31]} ]]
create_debug_port u_ila_1 probe
set_property port_width 1 [get_debug_ports u_ila_1/probe1]
set_property PROBE_TYPE DATA_AND_TRIGGER [get_debug_ports u_ila_1/probe1]
connect_debug_port u_ila_1/probe1 [get_nets [list data_rd_valid ]]
create_debug_port u_ila_1 probe
set_property port_width 1 [get_debug_ports u_ila_1/probe2]
set_property PROBE_TYPE DATA_AND_TRIGGER [get_debug_ports u_ila_1/probe2]
connect_debug_port u_ila_1/probe2 [get_nets [list pix_data_req ]]
create_debug_port u_ila_1 probe
set_property port_width 1 [get_debug_ports u_ila_1/probe3]
set_property PROBE_TYPE DATA_AND_TRIGGER [get_debug_ports u_ila_1/probe3]
connect_debug_port u_ila_1/probe3 [get_nets [list rd_en ]]
set_property port_width 1 [get_debug_ports u_ila_2/probe0]
set_property PROBE_TYPE DATA_AND_TRIGGER [get_debug_ports u_ila_2/probe0]
connect_debug_port u_ila_2/probe0 [get_nets [list cfg_done ]]
save_constraints
launch_runs impl_1 -to_step write_bitstream -jobs 12
Netlist sorting complete. Time (s): cpu = 00:00:00 ; elapsed = 00:00:00.004 . Memory (MB): peak = 3671.750 ; gain = 0.000
INFO: [Timing 38-480] Writing timing data to binary archive.
Writing placer database...
Writing XDEF routing.
Writing XDEF routing logical nets.
Writing XDEF routing special nets.
Write XDEF Complete: Time (s): cpu = 00:00:00 ; elapsed = 00:00:00.052 . Memory (MB): peak = 3671.750 ; gain = 0.000
[Thu Feb 27 17:39:10 2025] Launched impl_1...
Run output will be captured here: D:/FPGA_Learning_Journey/Pro/OV5640_DDR3_HDMI___/project/project_1.runs/impl_1/runme.log
ERROR: [Labtoolstcl 44-513] HW Target shutdown. Closing target: localhost:3121/xilinx_tcf/Digilent/210299847714
INFO: [Labtoolstcl 44-466] Opening hw_target localhost:3121/xilinx_tcf/Digilent/210299847714
INFO: [Labtools 27-1434] Device xc7a35t (JTAG device index = 0) is programmed with a design that has no supported debug core(s) in it.
WARNING: [Labtools 27-3361] The debug hub core was not detected.
Resolution: 
1. Make sure the clock connected to the debug hub (dbg_hub) core is a free running clock and is active.
2. Make sure the BSCAN_SWITCH_USER_MASK device property in Vivado Hardware Manager reflects the user scan chain setting in the design and refresh the device.  To determine the user scan chain setting in the design, open the implemented design and use 'get_property C_USER_SCAN_CHAIN [get_debug_cores dbg_hub]'.
For more details on setting the scan chain property, consult the Vivado Debug and Programming User Guide (UG908).
WARNING: [Labtools 27-3413] Dropping logic core with cellname:'u_ila_0' at location 'uuid_23E7D65A79BC59F7BC47406C1714DFAE' from probes file, since it cannot be found on the programmed device.
WARNING: [Labtools 27-3413] Dropping logic core with cellname:'u_ila_1' at location 'uuid_3B505A030738513C98471D25F5B1F848' from probes file, since it cannot be found on the programmed device.
WARNING: [Labtools 27-3413] Dropping logic core with cellname:'u_ila_2' at location 'uuid_B13C981AC2D554BFB4FBE0EECEA5CFD7' from probes file, since it cannot be found on the programmed device.
WARNING: [Labtoolstcl 44-129] No matching hw_ila_data was found.
set_property PROBES.FILE {D:/FPGA_Learning_Journey/Pro/OV5640_DDR3_HDMI___/project/project_1.runs/impl_1/ddr3_test.ltx} [get_hw_devices xc7a35t_0]
set_property FULL_PROBES.FILE {D:/FPGA_Learning_Journey/Pro/OV5640_DDR3_HDMI___/project/project_1.runs/impl_1/ddr3_test.ltx} [get_hw_devices xc7a35t_0]
set_property PROGRAM.FILE {D:/FPGA_Learning_Journey/Pro/OV5640_DDR3_HDMI___/project/project_1.runs/impl_1/ddr3_test.bit} [get_hw_devices xc7a35t_0]
program_hw_devices [get_hw_devices xc7a35t_0]
INFO: [Labtools 27-3164] End of startup status: HIGH
refresh_hw_device [lindex [get_hw_devices xc7a35t_0] 0]
INFO: [Labtools 27-2302] Device xc7a35t (JTAG device index = 0) is programmed with a design that has 3 ILA core(s).
WARNING: [Labtools 27-1973] Mismatch between the design programmed into the device xc7a35t (JTAG device index = 0) and the probes file(s) D:/FPGA_Learning_Journey/Pro/OV5640_DDR3_HDMI___/project/project_1.runs/impl_1/ddr3_test.ltx.
 The device core at location uuid_23E7D65A79BC59F7BC47406C1714DFAE, has 2 ILA Input port(s), but the core in the probes file(s) have 8 ILA Input port(s).
Resolution: 
1. Reprogram device with the correct programming file and associated probes file(s) OR
2. Goto device properties and associate the correct probes file(s) with the programming file already programmed in the device.
refresh_hw_device: Time (s): cpu = 00:00:04 ; elapsed = 00:00:08 . Memory (MB): peak = 3673.871 ; gain = 0.000
startgroup 
set_property CONTROL.DATA_DEPTH 2 [get_hw_ilas -of_objects [get_hw_devices xc7a35t_0] -filter {CELL_NAME=~""}]
set_property CONTROL.TRIGGER_POSITION 0 [get_hw_ilas -of_objects [get_hw_devices xc7a35t_0] -filter {CELL_NAME=~""}]
endgroup
exit
INFO: [Common 17-206] Exiting Vivado at Thu Feb 27 17:47:20 2025...
