#-----------------------------------------------------------
# Vivado v2019.2 (64-bit)
# SW Build 2708876 on Wed Nov  6 21:40:23 MST 2019
# IP Build 2700528 on Thu Nov  7 00:09:20 MST 2019
# Start of session at: Sat Mar  1 15:03:04 2025
# Process ID: 8540
# Current directory: D:/FPGA_Learning_Journey/Pro/OV5640_DDR3_HDMI___/project
# Command line: vivado.exe -gui_launcher_event rodinguilauncherevent16184 D:\FPGA_Learning_Journey\Pro\OV5640_DDR3_HDMI___\project\project_1.xpr
# Log file: D:/FPGA_Learning_Journey/Pro/OV5640_DDR3_HDMI___/project/vivado.log
# Journal file: D:/FPGA_Learning_Journey/Pro/OV5640_DDR3_HDMI___/project\vivado.jou
#-----------------------------------------------------------
start_gui
open_project D:/FPGA_Learning_Journey/Pro/OV5640_DDR3_HDMI___/project/project_1.xpr
CRITICAL WARNING: [Project 1-19] Could not find the file 'D:/FPGA_Learning_Journey/Pro/OV5640_DDR3_HDMI___/src/uart/uart_rx.v'.
CRITICAL WARNING: [Project 1-19] Could not find the file 'D:/FPGA_Learning_Journey/Pro/OV5640_DDR3_HDMI___/src/uart/uart_tx.v'.
CRITICAL WARNING: [Project 1-19] Could not find the file 'D:/FPGA_Learning_Journey/Pro/OV5640_DDR3_HDMI___/src/uart/uart_tx_4byte.v'.
CRITICAL WARNING: [Project 1-19] Could not find the file 'D:/FPGA_Learning_Journey/Pro/OV5640_DDR3_HDMI___/src/uart/top_uart_tb.v'.
Scanning sources...
Finished scanning sources
INFO: [IP_Flow 19-234] Refreshing IP repositories
INFO: [IP_Flow 19-1704] No user IP repositories specified
INFO: [IP_Flow 19-2313] Loaded Vivado IP repository 'D:/Xilinx/Vivado/2019.2/data/ip'.
open_project: Time (s): cpu = 00:00:12 ; elapsed = 00:00:09 . Memory (MB): peak = 1007.023 ; gain = 272.043
update_compile_order -fileset sources_1
export_ip_user_files -of_objects  [get_files D:/FPGA_Learning_Journey/Pro/OV5640_DDR3_HDMI___/src/uart/uart_rx.v] -no_script -reset -force -quiet
export_ip_user_files -of_objects  [get_files D:/FPGA_Learning_Journey/Pro/OV5640_DDR3_HDMI___/src/uart/uart_tx.v] -no_script -reset -force -quiet
export_ip_user_files -of_objects  [get_files D:/FPGA_Learning_Journey/Pro/OV5640_DDR3_HDMI___/src/uart/uart_tx_4byte.v] -no_script -reset -force -quiet
remove_files  {D:/FPGA_Learning_Journey/Pro/OV5640_DDR3_HDMI___/src/uart/uart_rx.v D:/FPGA_Learning_Journey/Pro/OV5640_DDR3_HDMI___/src/uart/uart_tx.v D:/FPGA_Learning_Journey/Pro/OV5640_DDR3_HDMI___/src/uart/uart_tx_4byte.v}
open_hw_manager
connect_hw_server -allow_non_jtag
INFO: [Labtools 27-2285] Connecting to hw_server url TCP:localhost:3121
INFO: [Labtools 27-2222] Launching hw_server...
INFO: [Labtools 27-2221] Launch Output:

****** Xilinx hw_server v2019.2
  **** Build date : Nov  6 2019 at 22:12:23
    ** Copyright 1986-2019 Xilinx, Inc. All Rights Reserved.


INFO: [Labtools 27-3415] Connecting to cs_server url TCP:localhost:3042
INFO: [Labtools 27-3417] Launching cs_server...
INFO: [Labtools 27-2221] Launch Output:


****** Xilinx cs_server v2019.2.0
  **** Build date : Nov 07 2019-13:28:22
    ** Copyright 2017-2019 Xilinx, Inc. All Rights Reserved.



connect_hw_server: Time (s): cpu = 00:00:01 ; elapsed = 00:00:07 . Memory (MB): peak = 1379.695 ; gain = 0.000
open_hw_target
INFO: [Labtoolstcl 44-466] Opening hw_target localhost:3121/xilinx_tcf/Digilent/210299847714
set_property PROGRAM.FILE {D:/FPGA_Learning_Journey/Pro/OV5640_DDR3_HDMI___/project/project_1.runs/impl_1/ddr3_test.bit} [get_hw_devices xc7a35t_0]
set_property PROBES.FILE {D:/FPGA_Learning_Journey/Pro/OV5640_DDR3_HDMI___/project/project_1.runs/impl_1/ddr3_test.ltx} [get_hw_devices xc7a35t_0]
set_property FULL_PROBES.FILE {D:/FPGA_Learning_Journey/Pro/OV5640_DDR3_HDMI___/project/project_1.runs/impl_1/ddr3_test.ltx} [get_hw_devices xc7a35t_0]
current_hw_device [get_hw_devices xc7a35t_0]
refresh_hw_device [lindex [get_hw_devices xc7a35t_0] 0]
INFO: [Labtools 27-1434] Device xc7a35t (JTAG device index = 0) is programmed with a design that has no supported debug core(s) in it.
WARNING: [Labtools 27-3361] The debug hub core was not detected.
Resolution: 
1. Make sure the clock connected to the debug hub (dbg_hub) core is a free running clock and is active.
2. Make sure the BSCAN_SWITCH_USER_MASK device property in Vivado Hardware Manager reflects the user scan chain setting in the design and refresh the device.  To determine the user scan chain setting in the design, open the implemented design and use 'get_property C_USER_SCAN_CHAIN [get_debug_cores dbg_hub]'.
For more details on setting the scan chain property, consult the Vivado Debug and Programming User Guide (UG908).
WARNING: [Labtools 27-3413] Dropping logic core with cellname:'u_ila_0' at location 'uuid_23E7D65A79BC59F7BC47406C1714DFAE' from probes file, since it cannot be found on the programmed device.
WARNING: [Labtools 27-3413] Dropping logic core with cellname:'u_ila_1' at location 'uuid_3B505A030738513C98471D25F5B1F848' from probes file, since it cannot be found on the programmed device.
WARNING: [Labtools 27-3413] Dropping logic core with cellname:'u_ila_3' at location 'uuid_9C18410BB87B565386C9544CBA1F346F' from probes file, since it cannot be found on the programmed device.
WARNING: [Labtools 27-3413] Dropping logic core with cellname:'u_ila_2' at location 'uuid_B13C981AC2D554BFB4FBE0EECEA5CFD7' from probes file, since it cannot be found on the programmed device.
set_property PROBES.FILE {D:/FPGA_Learning_Journey/Pro/OV5640_DDR3_HDMI___/project/project_1.runs/impl_1/ddr3_test.ltx} [get_hw_devices xc7a35t_0]
set_property FULL_PROBES.FILE {D:/FPGA_Learning_Journey/Pro/OV5640_DDR3_HDMI___/project/project_1.runs/impl_1/ddr3_test.ltx} [get_hw_devices xc7a35t_0]
set_property PROGRAM.FILE {D:/FPGA_Learning_Journey/Pro/OV5640_DDR3_HDMI___/project/project_1.runs/impl_1/ddr3_test.bit} [get_hw_devices xc7a35t_0]
program_hw_devices [get_hw_devices xc7a35t_0]
INFO: [Labtools 27-3164] End of startup status: HIGH
refresh_hw_device [lindex [get_hw_devices xc7a35t_0] 0]
INFO: [Labtools 27-2302] Device xc7a35t (JTAG device index = 0) is programmed with a design that has 4 ILA core(s).
display_hw_ila_data [ get_hw_ila_data hw_ila_data_1 -of_objects [get_hw_ilas -of_objects [get_hw_devices xc7a35t_0] -filter {CELL_NAME=~"u_ila_0"}]]
display_hw_ila_data [ get_hw_ila_data hw_ila_data_2 -of_objects [get_hw_ilas -of_objects [get_hw_devices xc7a35t_0] -filter {CELL_NAME=~"u_ila_1"}]]
display_hw_ila_data [ get_hw_ila_data hw_ila_data_3 -of_objects [get_hw_ilas -of_objects [get_hw_devices xc7a35t_0] -filter {CELL_NAME=~"u_ila_2"}]]
display_hw_ila_data [ get_hw_ila_data hw_ila_data_4 -of_objects [get_hw_ilas -of_objects [get_hw_devices xc7a35t_0] -filter {CELL_NAME=~"u_ila_3"}]]
ERROR: [Labtoolstcl 44-513] HW Target shutdown. Closing target: localhost:3121/xilinx_tcf/Digilent/210299847714
exit
INFO: [Common 17-206] Exiting Vivado at Sat Mar  1 15:28:35 2025...
